#
# There is insufficient memory for the Java Runtime Environment to continue.
# Native memory allocation (mmap) failed to map 201850880 bytes for committing reserved memory.
# Possible reasons:
#   The system is out of physical RAM or swap space
#   In 32 bit mode, the process size limit was hit
# Possible solutions:
#   Reduce memory load on the system
#   Increase physical memory or swap space
#   Check if swap backing store is full
#   Use 64 bit Java on a 64 bit OS
#   Decrease Java heap size (-Xmx/-Xms)
#   Decrease number of Java threads
#   Decrease Java thread stack sizes (-Xss)
#   Set larger code cache with -XX:ReservedCodeCacheSize=
# This output file may be truncated or incomplete.
#
#  Out of Memory Error (os_linux.cpp:2673), pid=24944, tid=140431141521152
#
# JRE version: Java(TM) SE Runtime Environment (8.0_45-b14) (build 1.8.0_45-b14)
# Java VM: Java HotSpot(TM) 64-Bit Server VM (25.45-b02 mixed mode linux-amd64 compressed oops)
# Failed to write core dump. Core dumps have been disabled. To enable core dumping, try "ulimit -c unlimited" before starting Java again
#

---------------  T H R E A D  ---------------

Current thread (0x00007fb8c4083000):  VMThread [stack: 0x00007fb8ac3e4000,0x00007fb8ac4e5000] [id=24958]

Stack: [0x00007fb8ac3e4000,0x00007fb8ac4e5000],  sp=0x00007fb8ac4e32e0,  free space=1020k
Native frames: (J=compiled Java code, j=interpreted, Vv=VM code, C=native code)
V  [libjvm.so+0xaac99a]  VMError::report_and_die()+0x2ba
V  [libjvm.so+0x4f333b]  report_vm_out_of_memory(char const*, int, unsigned long, VMErrorType, char const*)+0x8b
V  [libjvm.so+0x90e7c3]  os::Linux::commit_memory_impl(char*, unsigned long, bool)+0x103
V  [libjvm.so+0x90ed19]  os::pd_commit_memory(char*, unsigned long, unsigned long, bool)+0x29
V  [libjvm.so+0x90867a]  os::commit_memory(char*, unsigned long, unsigned long, bool)+0x2a
V  [libjvm.so+0x97bac3]  PSVirtualSpace::expand_by(unsigned long)+0x53
V  [libjvm.so+0x97cec8]  PSYoungGen::resize_generation(unsigned long, unsigned long)+0xf8
V  [libjvm.so+0x97c022]  PSYoungGen::resize(unsigned long, unsigned long)+0x22
V  [libjvm.so+0x9792fb]  PSScavenge::invoke_no_policy()+0xf7b
V  [libjvm.so+0x979a81]  PSScavenge::invoke()+0x41
V  [libjvm.so+0x932050]  ParallelScavengeHeap::failed_mem_allocate(unsigned long)+0x70
V  [libjvm.so+0xaae1d7]  VM_ParallelGCFailedAllocation::doit()+0x97
V  [libjvm.so+0xab59c5]  VM_Operation::evaluate()+0x55
V  [libjvm.so+0xab3d9a]  VMThread::evaluate_operation(VM_Operation*)+0xba
V  [libjvm.so+0xab411e]  VMThread::loop()+0x1ce
V  [libjvm.so+0xab4590]  VMThread::run()+0x70
V  [libjvm.so+0x910de8]  java_start(Thread*)+0x108

VM_Operation (0x00007fb8cbc29040): ParallelGCFailedAllocation, mode: safepoint, requested by thread 0x00007fb8c400d000


---------------  P R O C E S S  ---------------

Java Threads: ( => current thread )
  0x00007fb8c40d7800 JavaThread "Service Thread" daemon [_thread_blocked, id=24966, stack(0x00007fb89f419000,0x00007fb89f51a000)]
  0x00007fb8c40ca800 JavaThread "C1 CompilerThread3" daemon [_thread_blocked, id=24965, stack(0x00007fb89f51a000,0x00007fb89f61b000)]
  0x00007fb8c40c8000 JavaThread "C2 CompilerThread2" daemon [_thread_blocked, id=24964, stack(0x00007fb89f61b000,0x00007fb89f71c000)]
  0x00007fb8c40c6800 JavaThread "C2 CompilerThread1" daemon [_thread_in_native, id=24963, stack(0x00007fb89f71c000,0x00007fb89f81d000)]
  0x00007fb8c40c3800 JavaThread "C2 CompilerThread0" daemon [_thread_blocked, id=24962, stack(0x00007fb89f81d000,0x00007fb89f91e000)]
  0x00007fb8c40c2000 JavaThread "Signal Dispatcher" daemon [_thread_blocked, id=24961, stack(0x00007fb8ac0e1000,0x00007fb8ac1e2000)]
  0x00007fb8c408a000 JavaThread "Finalizer" daemon [_thread_blocked, id=24960, stack(0x00007fb8ac1e2000,0x00007fb8ac2e3000)]
  0x00007fb8c4088000 JavaThread "Reference Handler" daemon [_thread_blocked, id=24959, stack(0x00007fb8ac2e3000,0x00007fb8ac3e4000)]
  0x00007fb8c400d000 JavaThread "main" [_thread_blocked, id=24949, stack(0x00007fb8cbb2a000,0x00007fb8cbc2b000)]

Other Threads:
=>0x00007fb8c4083000 VMThread [stack: 0x00007fb8ac3e4000,0x00007fb8ac4e5000] [id=24958]
  0x00007fb8c40da000 WatcherThread [stack: 0x00007fb89f318000,0x00007fb89f419000] [id=24967]

VM state:at safepoint (normal execution)

VM Mutex/Monitor currently owned by a thread:  ([mutex/lock_event])
[0x00007fb8c4009140] Threads_lock - owner thread: 0x00007fb8c4083000
[0x00007fb8c4009640] Heap_lock - owner thread: 0x00007fb8c400d000

Heap:
 PSYoungGen      total 112128K, used 5089K [0x00000000eab00000, 0x00000000f1e80000, 0x0000000100000000)
  eden space 107008K, 0% used [0x00000000eab00000,0x00000000eab00000,0x00000000f1380000)
  from space 5120K, 99% used [0x00000000f1480000,0x00000000f19786d8,0x00000000f1980000)
  to   space 4096K, 0% used [0x00000000f1a80000,0x00000000f1a80000,0x00000000f1e80000)
 ParOldGen       total 140288K, used 27793K [0x00000000c0000000, 0x00000000c8900000, 0x00000000eab00000)
  object space 140288K, 19% used [0x00000000c0000000,0x00000000c1b24488,0x00000000c8900000)
 Metaspace       used 4731K, capacity 5428K, committed 5632K, reserved 1056768K
  class space    used 490K, capacity 492K, committed 512K, reserved 1048576K

Card table byte_map: [0x00007fb8c8717000,0x00007fb8c8918000] byte_map_base: 0x00007fb8c8117000

Marking Bits: (ParMarkBitMap*) 0x00007fb8cb015760
 Begin Bits: [0x00007fb8ae000000, 0x00007fb8af000000)
 End Bits:   [0x00007fb8af000000, 0x00007fb8b0000000)

Polling page: 0x00007fb8cbc5c000

CodeCache: size=245760Kb used=4130Kb max_used=4130Kb free=241630Kb
 bounds [0x00007fb8b5000000, 0x00007fb8b5420000, 0x00007fb8c4000000]
 total_blobs=1453 nmethods=1177 adapters=188
 compilation: enabled

Compilation events (10 events):
Event: 1,049 Thread 0x00007fb8c40c3800 nmethod 1199 0x00007fb8b53fb9d0 code [0x00007fb8b53fbb60, 0x00007fb8b53fbf18]
Event: 1,049 Thread 0x00007fb8c40c3800 1175       4       com.android.dx.merge.DexMerger$1::read (8 bytes)
Event: 1,049 Thread 0x00007fb8c40c3800 nmethod 1175 0x00007fb8b53edf10 code [0x00007fb8b53ee060, 0x00007fb8b53ee108]
Event: 1,049 Thread 0x00007fb8c40c3800 1191       4       java.lang.Long::numberOfLeadingZeros (94 bytes)
Event: 1,050 Thread 0x00007fb8c40c3800 nmethod 1191 0x00007fb8b53d3110 code [0x00007fb8b53d3240, 0x00007fb8b53d32f8]
Event: 1,050 Thread 0x00007fb8c40c3800 1194       4       com.android.dex.EncodedValueCodec::writeUnsignedIntegralValue (66 bytes)
Event: 1,055 Thread 0x00007fb8c40c3800 nmethod 1194 0x00007fb8b53f2710 code [0x00007fb8b53f2880, 0x00007fb8b53f2fd8]
Event: 1,055 Thread 0x00007fb8c40c3800 1219       4       com.android.dex.Dex$Section::readFields (51 bytes)
Event: 1,064 Thread 0x00007fb8c40c3800 nmethod 1219 0x00007fb8b53fa610 code [0x00007fb8b53fa7a0, 0x00007fb8b53fb2d8]
Event: 1,064 Thread 0x00007fb8c40c3800 1220       4       com.android.dx.merge.DexMerger::transformFields (71 bytes)

GC Heap History (10 events):
Event: 0,154 GC heap after
Heap after GC invocations=1 (full 0):
 PSYoungGen      total 36864K, used 5099K [0x00000000eab00000, 0x00000000ef300000, 0x0000000100000000)
  eden space 31744K, 0% used [0x00000000eab00000,0x00000000eab00000,0x00000000eca00000)
  from space 5120K, 99% used [0x00000000eca00000,0x00000000ecefafc8,0x00000000ecf00000)
  to   space 5120K, 0% used [0x00000000eee00000,0x00000000eee00000,0x00000000ef300000)
 ParOldGen       total 84992K, used 3398K [0x00000000c0000000, 0x00000000c5300000, 0x00000000eab00000)
  object space 84992K, 3% used [0x00000000c0000000,0x00000000c0351a70,0x00000000c5300000)
 Metaspace       used 3499K, capacity 4720K, committed 4864K, reserved 1056768K
  class space    used 371K, capacity 424K, committed 512K, reserved 1048576K
}
Event: 0,236 GC heap before
{Heap before GC invocations=2 (full 0):
 PSYoungGen      total 36864K, used 36843K [0x00000000eab00000, 0x00000000ef300000, 0x0000000100000000)
  eden space 31744K, 100% used [0x00000000eab00000,0x00000000eca00000,0x00000000eca00000)
  from space 5120K, 99% used [0x00000000eca00000,0x00000000ecefafc8,0x00000000ecf00000)
  to   space 5120K, 0% used [0x00000000eee00000,0x00000000eee00000,0x00000000ef300000)
 ParOldGen       total 84992K, used 3398K [0x00000000c0000000, 0x00000000c5300000, 0x00000000eab00000)
  object space 84992K, 3% used [0x00000000c0000000,0x00000000c0351a70,0x00000000c5300000)
 Metaspace       used 3804K, capacity 4944K, committed 5120K, reserved 1056768K
  class space    used 402K, capacity 456K, committed 512K, reserved 1048576K
Event: 0,266 GC heap after
Heap after GC invocations=2 (full 0):
 PSYoungGen      total 68608K, used 5110K [0x00000000eab00000, 0x00000000ef300000, 0x0000000100000000)
  eden space 63488K, 0% used [0x00000000eab00000,0x00000000eab00000,0x00000000ee900000)
  from space 5120K, 99% used [0x00000000eee00000,0x00000000ef2fdb50,0x00000000ef300000)
  to   space 5120K, 0% used [0x00000000ee900000,0x00000000ee900000,0x00000000eee00000)
 ParOldGen       total 84992K, used 69940K [0x00000000c0000000, 0x00000000c5300000, 0x00000000eab00000)
  object space 84992K, 82% used [0x00000000c0000000,0x00000000c444d2b0,0x00000000c5300000)
 Metaspace       used 3804K, capacity 4944K, committed 5120K, reserved 1056768K
  class space    used 402K, capacity 456K, committed 512K, reserved 1048576K
}
Event: 0,266 GC heap before
{Heap before GC invocations=3 (full 1):
 PSYoungGen      total 68608K, used 5110K [0x00000000eab00000, 0x00000000ef300000, 0x0000000100000000)
  eden space 63488K, 0% used [0x00000000eab00000,0x00000000eab00000,0x00000000ee900000)
  from space 5120K, 99% used [0x00000000eee00000,0x00000000ef2fdb50,0x00000000ef300000)
  to   space 5120K, 0% used [0x00000000ee900000,0x00000000ee900000,0x00000000eee00000)
 ParOldGen       total 84992K, used 69940K [0x00000000c0000000, 0x00000000c5300000, 0x00000000eab00000)
  object space 84992K, 82% used [0x00000000c0000000,0x00000000c444d2b0,0x00000000c5300000)
 Metaspace       used 3804K, capacity 4944K, committed 5120K, reserved 1056768K
  class space    used 402K, capacity 456K, committed 512K, reserved 1048576K
Event: 0,278 GC heap after
Heap after GC invocations=3 (full 1):
 PSYoungGen      total 68608K, used 0K [0x00000000eab00000, 0x00000000ef300000, 0x0000000100000000)
  eden space 63488K, 0% used [0x00000000eab00000,0x00000000eab00000,0x00000000ee900000)
  from space 5120K, 0% used [0x00000000eee00000,0x00000000eee00000,0x00000000ef300000)
  to   space 5120K, 0% used [0x00000000ee900000,0x00000000ee900000,0x00000000eee00000)
 ParOldGen       total 140288K, used 18903K [0x00000000c0000000, 0x00000000c8900000, 0x00000000eab00000)
  object space 140288K, 13% used [0x00000000c0000000,0x00000000c1275ce8,0x00000000c8900000)
 Metaspace       used 3804K, capacity 4944K, committed 5120K, reserved 1056768K
  class space    used 402K, capacity 456K, committed 512K, reserved 1048576K
}
Event: 0,625 GC heap before
{Heap before GC invocations=4 (full 1):
 PSYoungGen      total 68608K, used 63488K [0x00000000eab00000, 0x00000000ef300000, 0x0000000100000000)
  eden space 63488K, 100% used [0x00000000eab00000,0x00000000ee900000,0x00000000ee900000)
  from space 5120K, 0% used [0x00000000eee00000,0x00000000eee00000,0x00000000ef300000)
  to   space 5120K, 0% used [0x00000000ee900000,0x00000000ee900000,0x00000000eee00000)
 ParOldGen       total 140288K, used 18903K [0x00000000c0000000, 0x00000000c8900000, 0x00000000eab00000)
  object space 140288K, 13% used [0x00000000c0000000,0x00000000c1275ce8,0x00000000c8900000)
 Metaspace       used 4383K, capacity 5424K, committed 5632K, reserved 1056768K
  class space    used 455K, capacity 488K, committed 512K, reserved 1048576K
Event: 0,632 GC heap after
Heap after GC invocations=4 (full 1):
 PSYoungGen      total 68608K, used 4085K [0x00000000eab00000, 0x00000000f1f80000, 0x0000000100000000)
  eden space 63488K, 0% used [0x00000000eab00000,0x00000000eab00000,0x00000000ee900000)
  from space 5120K, 79% used [0x00000000ee900000,0x00000000eecfd468,0x00000000eee00000)
  to   space 5120K, 0% used [0x00000000f1a80000,0x00000000f1a80000,0x00000000f1f80000)
 ParOldGen       total 140288K, used 18911K [0x00000000c0000000, 0x00000000c8900000, 0x00000000eab00000)
  object space 140288K, 13% used [0x00000000c0000000,0x00000000c1277ce8,0x00000000c8900000)
 Metaspace       used 4383K, capacity 5424K, committed 5632K, reserved 1056768K
  class space    used 455K, capacity 488K, committed 512K, reserved 1048576K
}
Event: 0,710 GC heap before
{Heap before GC invocations=5 (full 1):
 PSYoungGen      total 68608K, used 67573K [0x00000000eab00000, 0x00000000f1f80000, 0x0000000100000000)
  eden space 63488K, 100% used [0x00000000eab00000,0x00000000ee900000,0x00000000ee900000)
  from space 5120K, 79% used [0x00000000ee900000,0x00000000eecfd468,0x00000000eee00000)
  to   space 5120K, 0% used [0x00000000f1a80000,0x00000000f1a80000,0x00000000f1f80000)
 ParOldGen       total 140288K, used 18911K [0x00000000c0000000, 0x00000000c8900000, 0x00000000eab00000)
  object space 140288K, 13% used [0x00000000c0000000,0x00000000c1277ce8,0x00000000c8900000)
 Metaspace       used 4399K, capacity 5424K, committed 5632K, reserved 1056768K
  class space    used 456K, capacity 488K, committed 512K, reserved 1048576K
Event: 0,714 GC heap after
Heap after GC invocations=5 (full 1):
 PSYoungGen      total 111104K, used 3838K [0x00000000eab00000, 0x00000000f1e80000, 0x0000000100000000)
  eden space 107008K, 0% used [0x00000000eab00000,0x00000000eab00000,0x00000000f1380000)
  from space 4096K, 93% used [0x00000000f1a80000,0x00000000f1e3f8d0,0x00000000f1e80000)
  to   space 5120K, 0% used [0x00000000f1480000,0x00000000f1480000,0x00000000f1980000)
 ParOldGen       total 140288K, used 18911K [0x00000000c0000000, 0x00000000c8900000, 0x00000000eab00000)
  object space 140288K, 13% used [0x00000000c0000000,0x00000000c1277ce8,0x00000000c8900000)
 Metaspace       used 4399K, capacity 5424K, committed 5632K, reserved 1056768K
  class space    used 456K, capacity 488K, committed 512K, reserved 1048576K
}
Event: 1,080 GC heap before
{Heap before GC invocations=6 (full 1):
 PSYoungGen      total 111104K, used 110846K [0x00000000eab00000, 0x00000000f1e80000, 0x0000000100000000)
  eden space 107008K, 100% used [0x00000000eab00000,0x00000000f1380000,0x00000000f1380000)
  from space 4096K, 93% used [0x00000000f1a80000,0x00000000f1e3f8d0,0x00000000f1e80000)
  to   space 5120K, 0% used [0x00000000f1480000,0x00000000f1480000,0x00000000f1980000)
 ParOldGen       total 140288K, used 18911K [0x00000000c0000000, 0x00000000c8900000, 0x00000000eab00000)
  object space 140288K, 13% used [0x00000000c0000000,0x00000000c1277ce8,0x00000000c8900000)
 Metaspace       used 4731K, capacity 5428K, committed 5632K, reserved 1056768K
  class space    used 490K, capacity 492K, committed 512K, reserved 1048576K

Deoptimization events (10 events):
Event: 0,738 Thread 0x00007fb8c400d000 Uncommon trap: reason=unstable_if action=reinterpret pc=0x00007fb8b514d348 method=java.lang.String.indexOf(II)I @ 49
Event: 0,739 Thread 0x00007fb8c400d000 Uncommon trap: reason=speculate_class_check action=maybe_recompile pc=0x00007fb8b53063c4 method=java.util.HashMap.putVal(ILjava/lang/Object;Ljava/lang/Object;ZZ)Ljava/lang/Object; @ 56
Event: 0,739 Thread 0x00007fb8c400d000 Uncommon trap: reason=speculate_class_check action=maybe_recompile pc=0x00007fb8b53063c4 method=java.util.HashMap.putVal(ILjava/lang/Object;Ljava/lang/Object;ZZ)Ljava/lang/Object; @ 56
Event: 0,740 Thread 0x00007fb8c400d000 Uncommon trap: reason=speculate_class_check action=maybe_recompile pc=0x00007fb8b53063c4 method=java.util.HashMap.putVal(ILjava/lang/Object;Ljava/lang/Object;ZZ)Ljava/lang/Object; @ 56
Event: 0,740 Thread 0x00007fb8c400d000 Uncommon trap: reason=speculate_class_check action=maybe_recompile pc=0x00007fb8b53063f8 method=java.util.HashMap.putVal(ILjava/lang/Object;Ljava/lang/Object;ZZ)Ljava/lang/Object; @ 152
Event: 0,740 Thread 0x00007fb8c400d000 Uncommon trap: reason=speculate_class_check action=maybe_recompile pc=0x00007fb8b53063f8 method=java.util.HashMap.putVal(ILjava/lang/Object;Ljava/lang/Object;ZZ)Ljava/lang/Object; @ 152
Event: 0,856 Thread 0x00007fb8c400d000 Uncommon trap: reason=unstable_if action=reinterpret pc=0x00007fb8b5209180 method=com.android.dex.Mutf8.countBytes(Ljava/lang/String;Z)J @ 50
Event: 0,856 Thread 0x00007fb8c400d000 Uncommon trap: reason=unstable_if action=reinterpret pc=0x00007fb8b521cae4 method=com.android.dex.Mutf8.countBytes(Ljava/lang/String;Z)J @ 50
Event: 0,895 Thread 0x00007fb8c400d000 Uncommon trap: reason=unstable_if action=reinterpret pc=0x00007fb8b520e53c method=com.android.dex.Mutf8.countBytes(Ljava/lang/String;Z)J @ 50
Event: 0,923 Thread 0x00007fb8c400d000 Uncommon trap: reason=unstable_if action=reinterpret pc=0x00007fb8b537e0a0 method=com.android.dex.EncodedValueCodec.writeUnsignedIntegralValue(Lcom/android/dex/util/ByteOutput;IJ)V @ 11

Internal exceptions (3 events):
Event: 0,017 Thread 0x00007fb8c400d000 Exception <a 'java/lang/NoSuchMethodError': Method sun.misc.Unsafe.defineClass(Ljava/lang/String;[BII)Ljava/lang/Class; name or signature does not match> (0x00000000eab12a40) thrown at [/RE-WORK/workspace/8-2-build-linux-amd64/jdk8u45/3457/hotspot/src/sha
Event: 0,017 Thread 0x00007fb8c400d000 Exception <a 'java/lang/NoSuchMethodError': Method sun.misc.Unsafe.prefetchRead(Ljava/lang/Object;J)V name or signature does not match> (0x00000000eab12cd0) thrown at [/RE-WORK/workspace/8-2-build-linux-amd64/jdk8u45/3457/hotspot/src/share/vm/prims/jni.cp
Event: 0,341 Thread 0x00007fb8c400d000 Implicit null exception at 0x00007fb8b523ba74 to 0x00007fb8b523c025

Events (10 events):
Event: 0,895 Thread 0x00007fb8c400d000 DEOPT PACKING pc=0x00007fb8b520e53c sp=0x00007fb8cbc293c0
Event: 0,895 Thread 0x00007fb8c400d000 DEOPT UNPACKING pc=0x00007fb8b5005229 sp=0x00007fb8cbc292c0 mode 2
Event: 0,923 Thread 0x00007fb8c400d000 Uncommon trap: trap_request=0xffffff65 fr.pc=0x00007fb8b537e0a0
Event: 0,923 Thread 0x00007fb8c400d000 DEOPT PACKING pc=0x00007fb8b537e0a0 sp=0x00007fb8cbc290a0
Event: 0,923 Thread 0x00007fb8c400d000 DEOPT UNPACKING pc=0x00007fb8b5005229 sp=0x00007fb8cbc29020 mode 2
Event: 0,945 Thread 0x00007fb8c400d000 DEOPT PACKING pc=0x00007fb8b522cdc1 sp=0x00007fb8cbc292e0
Event: 0,945 Thread 0x00007fb8c400d000 DEOPT UNPACKING pc=0x00007fb8b5047633 sp=0x00007fb8cbc28fe8 mode 0
Event: 0,960 loading class java/util/Collections$EmptyIterator
Event: 0,960 loading class java/util/Collections$EmptyIterator done
Event: 1,079 Executing VM operation: ParallelGCFailedAllocation


Dynamic libraries:
00400000-00401000 r-xp 00000000 08:01 9568738                            /usr/lib/jvm/jdk1.8.0_45/bin/java
00600000-00601000 rw-p 00000000 08:01 9568738                            /usr/lib/jvm/jdk1.8.0_45/bin/java
01ecc000-01eed000 rw-p 00000000 00:00 0                                  [heap]
c0000000-c8900000 rw-p 00000000 00:00 0 
c8900000-eab00000 ---p 00000000 00:00 0 
eab00000-f1e80000 rw-p 00000000 00:00 0 
fdf00000-100000000 ---p 00000000 00:00 0 
100000000-100080000 rw-p 00000000 00:00 0 
100080000-140000000 ---p 00000000 00:00 0 
7fb860000000-7fb860021000 rw-p 00000000 00:00 0 
7fb860021000-7fb864000000 ---p 00000000 00:00 0 
7fb864000000-7fb864021000 rw-p 00000000 00:00 0 
7fb864021000-7fb868000000 ---p 00000000 00:00 0 
7fb868000000-7fb868e19000 rw-p 00000000 00:00 0 
7fb868e19000-7fb86c000000 ---p 00000000 00:00 0 
7fb86c000000-7fb86c3c9000 rw-p 00000000 00:00 0 
7fb86c3c9000-7fb870000000 ---p 00000000 00:00 0 
7fb870000000-7fb8712db000 rw-p 00000000 00:00 0 
7fb8712db000-7fb874000000 ---p 00000000 00:00 0 
7fb874000000-7fb8759d2000 rw-p 00000000 00:00 0 
7fb8759d2000-7fb878000000 ---p 00000000 00:00 0 
7fb878000000-7fb878021000 rw-p 00000000 00:00 0 
7fb878021000-7fb87c000000 ---p 00000000 00:00 0 
7fb87c000000-7fb87c021000 rw-p 00000000 00:00 0 
7fb87c021000-7fb880000000 ---p 00000000 00:00 0 
7fb880000000-7fb88028d000 rw-p 00000000 00:00 0 
7fb88028d000-7fb884000000 ---p 00000000 00:00 0 
7fb884000000-7fb884021000 rw-p 00000000 00:00 0 
7fb884021000-7fb888000000 ---p 00000000 00:00 0 
7fb888000000-7fb888021000 rw-p 00000000 00:00 0 
7fb888021000-7fb88c000000 ---p 00000000 00:00 0 
7fb890000000-7fb890021000 rw-p 00000000 00:00 0 
7fb890021000-7fb894000000 ---p 00000000 00:00 0 
7fb894000000-7fb894021000 rw-p 00000000 00:00 0 
7fb894021000-7fb898000000 ---p 00000000 00:00 0 
7fb898000000-7fb898021000 rw-p 00000000 00:00 0 
7fb898021000-7fb89c000000 ---p 00000000 00:00 0 
7fb89f318000-7fb89f319000 ---p 00000000 00:00 0 
7fb89f319000-7fb89f419000 rw-p 00000000 00:00 0                          [stack:24967]
7fb89f419000-7fb89f41c000 ---p 00000000 00:00 0 
7fb89f41c000-7fb89f51a000 rw-p 00000000 00:00 0                          [stack:24966]
7fb89f51a000-7fb89f51d000 ---p 00000000 00:00 0 
7fb89f51d000-7fb89f61b000 rw-p 00000000 00:00 0                          [stack:24965]
7fb89f61b000-7fb89f61e000 ---p 00000000 00:00 0 
7fb89f61e000-7fb89f71c000 rw-p 00000000 00:00 0                          [stack:24964]
7fb89f71c000-7fb89f71f000 ---p 00000000 00:00 0 
7fb89f71f000-7fb89f81d000 rw-p 00000000 00:00 0                          [stack:24963]
7fb89f81d000-7fb89f820000 ---p 00000000 00:00 0 
7fb89f820000-7fb89f91e000 rw-p 00000000 00:00 0                          [stack:24962]
7fb89f91e000-7fb8a0000000 r--p 00000000 08:01 6953901                    /usr/lib/locale/locale-archive
7fb8a0000000-7fb8a0021000 rw-p 00000000 00:00 0 
7fb8a0021000-7fb8a4000000 ---p 00000000 00:00 0 
7fb8a4000000-7fb8a4021000 rw-p 00000000 00:00 0 
7fb8a4021000-7fb8a8000000 ---p 00000000 00:00 0 
7fb8a8000000-7fb8a8021000 rw-p 00000000 00:00 0 
7fb8a8021000-7fb8ac000000 ---p 00000000 00:00 0 
7fb8ac0e1000-7fb8ac0e4000 ---p 00000000 00:00 0 
7fb8ac0e4000-7fb8ac1e2000 rw-p 00000000 00:00 0                          [stack:24961]
7fb8ac1e2000-7fb8ac1e5000 ---p 00000000 00:00 0 
7fb8ac1e5000-7fb8ac2e3000 rw-p 00000000 00:00 0                          [stack:24960]
7fb8ac2e3000-7fb8ac2e6000 ---p 00000000 00:00 0 
7fb8ac2e6000-7fb8ac3e4000 rw-p 00000000 00:00 0                          [stack:24959]
7fb8ac3e4000-7fb8ac3e5000 ---p 00000000 00:00 0 
7fb8ac3e5000-7fb8b0000000 rw-p 00000000 00:00 0                          [stack:24958]
7fb8b0000000-7fb8b0021000 rw-p 00000000 00:00 0 
7fb8b0021000-7fb8b4000000 ---p 00000000 00:00 0 
7fb8b4003000-7fb8b400a000 r--s 00000000 08:01 7340797                    /usr/lib/x86_64-linux-gnu/gconv/gconv-modules.cache
7fb8b400a000-7fb8b4030000 r--p 00000000 08:01 8262730                    /usr/share/locale-langpack/es/LC_MESSAGES/libc.mo
7fb8b4030000-7fb8b4124000 rw-p 00000000 00:00 0 
7fb8b4124000-7fb8b42fd000 r--s 03d09000 08:01 8528454                    /usr/lib/jvm/jdk1.8.0_45/jre/lib/rt.jar
7fb8b42fd000-7fb8b47fd000 rw-p 00000000 00:00 0 
7fb8b47fd000-7fb8b4afd000 ---p 00000000 00:00 0 
7fb8b4afd000-7fb8b4cfd000 rw-p 00000000 00:00 0 
7fb8b4cfd000-7fb8b4cfe000 ---p 00000000 00:00 0 
7fb8b4cfe000-7fb8b4dfe000 rw-p 00000000 00:00 0                          [stack:24957]
7fb8b4dfe000-7fb8b4dff000 ---p 00000000 00:00 0 
7fb8b4dff000-7fb8b4eff000 rw-p 00000000 00:00 0                          [stack:24956]
7fb8b4eff000-7fb8b4f00000 ---p 00000000 00:00 0 
7fb8b4f00000-7fb8b5000000 rw-p 00000000 00:00 0                          [stack:24955]
7fb8b5000000-7fb8b5420000 rwxp 00000000 00:00 0 
7fb8b5420000-7fb8c4000000 ---p 00000000 00:00 0 
7fb8c4000000-7fb8c4428000 rw-p 00000000 00:00 0 
7fb8c4428000-7fb8c8000000 ---p 00000000 00:00 0 
7fb8c8004000-7fb8c80bc000 rw-p 00000000 00:00 0 
7fb8c80bc000-7fb8c80bd000 ---p 00000000 00:00 0 
7fb8c80bd000-7fb8c81bd000 rw-p 00000000 00:00 0                          [stack:24954]
7fb8c81bd000-7fb8c81be000 ---p 00000000 00:00 0 
7fb8c81be000-7fb8c82be000 rw-p 00000000 00:00 0                          [stack:24953]
7fb8c82be000-7fb8c82bf000 ---p 00000000 00:00 0 
7fb8c82bf000-7fb8c83bf000 rw-p 00000000 00:00 0                          [stack:24952]
7fb8c83bf000-7fb8c83c0000 ---p 00000000 00:00 0 
7fb8c83c0000-7fb8c84c0000 rw-p 00000000 00:00 0                          [stack:24951]
7fb8c84c0000-7fb8c84c1000 ---p 00000000 00:00 0 
7fb8c84c1000-7fb8c8606000 rw-p 00000000 00:00 0                          [stack:24950]
7fb8c8606000-7fb8c8717000 ---p 00000000 00:00 0 
7fb8c8717000-7fb8c875c000 rw-p 00000000 00:00 0 
7fb8c875c000-7fb8c886c000 ---p 00000000 00:00 0 
7fb8c886c000-7fb8c88a7000 rw-p 00000000 00:00 0 
7fb8c88a7000-7fb8c8917000 ---p 00000000 00:00 0 
7fb8c8917000-7fb8c8929000 rw-p 00000000 00:00 0 
7fb8c8929000-7fb8c8cd8000 ---p 00000000 00:00 0 
7fb8c8cd8000-7fb8c8cf2000 r-xp 00000000 08:01 8798315                    /usr/lib/jvm/jdk1.8.0_45/jre/lib/amd64/libzip.so
7fb8c8cf2000-7fb8c8ef2000 ---p 0001a000 08:01 8798315                    /usr/lib/jvm/jdk1.8.0_45/jre/lib/amd64/libzip.so
7fb8c8ef2000-7fb8c8ef3000 rw-p 0001a000 08:01 8798315                    /usr/lib/jvm/jdk1.8.0_45/jre/lib/amd64/libzip.so
7fb8c8ef3000-7fb8c8efe000 r-xp 00000000 08:01 655606                     /lib/x86_64-linux-gnu/libnss_files-2.19.so
7fb8c8efe000-7fb8c90fd000 ---p 0000b000 08:01 655606                     /lib/x86_64-linux-gnu/libnss_files-2.19.so
7fb8c90fd000-7fb8c90fe000 r--p 0000a000 08:01 655606                     /lib/x86_64-linux-gnu/libnss_files-2.19.so
7fb8c90fe000-7fb8c90ff000 rw-p 0000b000 08:01 655606                     /lib/x86_64-linux-gnu/libnss_files-2.19.so
7fb8c90ff000-7fb8c910a000 r-xp 00000000 08:01 655644                     /lib/x86_64-linux-gnu/libnss_nis-2.19.so
7fb8c910a000-7fb8c9309000 ---p 0000b000 08:01 655644                     /lib/x86_64-linux-gnu/libnss_nis-2.19.so
7fb8c9309000-7fb8c930a000 r--p 0000a000 08:01 655644                     /lib/x86_64-linux-gnu/libnss_nis-2.19.so
7fb8c930a000-7fb8c930b000 rw-p 0000b000 08:01 655644                     /lib/x86_64-linux-gnu/libnss_nis-2.19.so
7fb8c930b000-7fb8c9322000 r-xp 00000000 08:01 655624                     /lib/x86_64-linux-gnu/libnsl-2.19.so
7fb8c9322000-7fb8c9521000 ---p 00017000 08:01 655624                     /lib/x86_64-linux-gnu/libnsl-2.19.so
7fb8c9521000-7fb8c9522000 r--p 00016000 08:01 655624                     /lib/x86_64-linux-gnu/libnsl-2.19.so
7fb8c9522000-7fb8c9523000 rw-p 00017000 08:01 655624                     /lib/x86_64-linux-gnu/libnsl-2.19.so
7fb8c9523000-7fb8c9525000 rw-p 00000000 00:00 0 
7fb8c9525000-7fb8c952e000 r-xp 00000000 08:01 655622                     /lib/x86_64-linux-gnu/libnss_compat-2.19.so
7fb8c952e000-7fb8c972d000 ---p 00009000 08:01 655622                     /lib/x86_64-linux-gnu/libnss_compat-2.19.so
7fb8c972d000-7fb8c972e000 r--p 00008000 08:01 655622                     /lib/x86_64-linux-gnu/libnss_compat-2.19.so
7fb8c972e000-7fb8c972f000 rw-p 00009000 08:01 655622                     /lib/x86_64-linux-gnu/libnss_compat-2.19.so
7fb8c972f000-7fb8c9759000 r-xp 00000000 08:01 8798308                    /usr/lib/jvm/jdk1.8.0_45/jre/lib/amd64/libjava.so
7fb8c9759000-7fb8c9959000 ---p 0002a000 08:01 8798308                    /usr/lib/jvm/jdk1.8.0_45/jre/lib/amd64/libjava.so
7fb8c9959000-7fb8c995b000 rw-p 0002a000 08:01 8798308                    /usr/lib/jvm/jdk1.8.0_45/jre/lib/amd64/libjava.so
7fb8c995b000-7fb8c9968000 r-xp 00000000 08:01 8798348                    /usr/lib/jvm/jdk1.8.0_45/jre/lib/amd64/libverify.so
7fb8c9968000-7fb8c9b68000 ---p 0000d000 08:01 8798348                    /usr/lib/jvm/jdk1.8.0_45/jre/lib/amd64/libverify.so
7fb8c9b68000-7fb8c9b6a000 rw-p 0000d000 08:01 8798348                    /usr/lib/jvm/jdk1.8.0_45/jre/lib/amd64/libverify.so
7fb8c9b6a000-7fb8c9b71000 r-xp 00000000 08:01 655640                     /lib/x86_64-linux-gnu/librt-2.19.so
7fb8c9b71000-7fb8c9d70000 ---p 00007000 08:01 655640                     /lib/x86_64-linux-gnu/librt-2.19.so
7fb8c9d70000-7fb8c9d71000 r--p 00006000 08:01 655640                     /lib/x86_64-linux-gnu/librt-2.19.so
7fb8c9d71000-7fb8c9d72000 rw-p 00007000 08:01 655640                     /lib/x86_64-linux-gnu/librt-2.19.so
7fb8c9d72000-7fb8c9e77000 r-xp 00000000 08:01 655604                     /lib/x86_64-linux-gnu/libm-2.19.so
7fb8c9e77000-7fb8ca076000 ---p 00105000 08:01 655604                     /lib/x86_64-linux-gnu/libm-2.19.so
7fb8ca076000-7fb8ca077000 r--p 00104000 08:01 655604                     /lib/x86_64-linux-gnu/libm-2.19.so
7fb8ca077000-7fb8ca078000 rw-p 00105000 08:01 655604                     /lib/x86_64-linux-gnu/libm-2.19.so
7fb8ca078000-7fb8cad26000 r-xp 00000000 08:01 9053950                    /usr/lib/jvm/jdk1.8.0_45/jre/lib/amd64/server/libjvm.so
7fb8cad26000-7fb8caf25000 ---p 00cae000 08:01 9053950                    /usr/lib/jvm/jdk1.8.0_45/jre/lib/amd64/server/libjvm.so
7fb8caf25000-7fb8caffc000 rw-p 00cad000 08:01 9053950                    /usr/lib/jvm/jdk1.8.0_45/jre/lib/amd64/server/libjvm.so
7fb8caffc000-7fb8cb040000 rw-p 00000000 00:00 0 
7fb8cb040000-7fb8cb1fb000 r-xp 00000000 08:01 655634                     /lib/x86_64-linux-gnu/libc-2.19.so
7fb8cb1fb000-7fb8cb3fa000 ---p 001bb000 08:01 655634                     /lib/x86_64-linux-gnu/libc-2.19.so
7fb8cb3fa000-7fb8cb3fe000 r--p 001ba000 08:01 655634                     /lib/x86_64-linux-gnu/libc-2.19.so
7fb8cb3fe000-7fb8cb400000 rw-p 001be000 08:01 655634                     /lib/x86_64-linux-gnu/libc-2.19.so
7fb8cb400000-7fb8cb405000 rw-p 00000000 00:00 0 
7fb8cb405000-7fb8cb408000 r-xp 00000000 08:01 655612                     /lib/x86_64-linux-gnu/libdl-2.19.so
7fb8cb408000-7fb8cb607000 ---p 00003000 08:01 655612                     /lib/x86_64-linux-gnu/libdl-2.19.so
7fb8cb607000-7fb8cb608000 r--p 00002000 08:01 655612                     /lib/x86_64-linux-gnu/libdl-2.19.so
7fb8cb608000-7fb8cb609000 rw-p 00003000 08:01 655612                     /lib/x86_64-linux-gnu/libdl-2.19.so
7fb8cb609000-7fb8cb61e000 r-xp 00000000 08:01 9568899                    /usr/lib/jvm/jdk1.8.0_45/lib/amd64/jli/libjli.so
7fb8cb61e000-7fb8cb81e000 ---p 00015000 08:01 9568899                    /usr/lib/jvm/jdk1.8.0_45/lib/amd64/jli/libjli.so
7fb8cb81e000-7fb8cb81f000 rw-p 00015000 08:01 9568899                    /usr/lib/jvm/jdk1.8.0_45/lib/amd64/jli/libjli.so
7fb8cb81f000-7fb8cb838000 r-xp 00000000 08:01 655636                     /lib/x86_64-linux-gnu/libpthread-2.19.so
7fb8cb838000-7fb8cba37000 ---p 00019000 08:01 655636                     /lib/x86_64-linux-gnu/libpthread-2.19.so
7fb8cba37000-7fb8cba38000 r--p 00018000 08:01 655636                     /lib/x86_64-linux-gnu/libpthread-2.19.so
7fb8cba38000-7fb8cba39000 rw-p 00019000 08:01 655636                     /lib/x86_64-linux-gnu/libpthread-2.19.so
7fb8cba39000-7fb8cba3d000 rw-p 00000000 00:00 0 
7fb8cba3d000-7fb8cba60000 r-xp 00000000 08:01 655628                     /lib/x86_64-linux-gnu/ld-2.19.so
7fb8cba60000-7fb8cba65000 r--s 00094000 08:01 8528452                    /usr/lib/jvm/jdk1.8.0_45/jre/lib/jsse.jar
7fb8cba65000-7fb8cbb2a000 rw-p 00000000 00:00 0 
7fb8cbb2a000-7fb8cbb2d000 ---p 00000000 00:00 0 
7fb8cbb2d000-7fb8cbc30000 rw-p 00000000 00:00 0                          [stack:24949]
7fb8cbc30000-7fb8cbc3f000 r--s 000df000 08:01 2128413                    /home/santiago/Android/Sdk/build-tools/23.0.2/lib/dx.jar
7fb8cbc3f000-7fb8cbc53000 rw-p 00000000 00:00 0 
7fb8cbc53000-7fb8cbc5b000 rw-s 00000000 00:16 350206                     /tmp/hsperfdata_santiago/24944
7fb8cbc5b000-7fb8cbc5c000 rw-p 00000000 00:00 0 
7fb8cbc5c000-7fb8cbc5d000 ---p 00000000 00:00 0 
7fb8cbc5d000-7fb8cbc5f000 rw-p 00000000 00:00 0 
7fb8cbc5f000-7fb8cbc60000 r--p 00022000 08:01 655628                     /lib/x86_64-linux-gnu/ld-2.19.so
7fb8cbc60000-7fb8cbc61000 rw-p 00023000 08:01 655628                     /lib/x86_64-linux-gnu/ld-2.19.so
7fb8cbc61000-7fb8cbc62000 rw-p 00000000 00:00 0 
7ffed6301000-7ffed6324000 rw-p 00000000 00:00 0                          [stack]
7ffed63a1000-7ffed63a3000 r--p 00000000 00:00 0                          [vvar]
7ffed63a3000-7ffed63a5000 r-xp 00000000 00:00 0                          [vdso]
ffffffffff600000-ffffffffff601000 r-xp 00000000 00:00 0                  [vsyscall]

VM Arguments:
jvm_args: -Djava.awt.headless=true -Xmx1024M -Dfile.encoding=UTF-8 -Duser.country=ES -Duser.language=es -Duser.variant 
java_command: com.android.dx.command.Main --dex --num-threads=4 --output /home/santiago/Escritorio/LazarilloApp/app/build/intermediates/transforms/dex/debug/folders/1000/1f/main /home/santiago/Escritorio/LazarilloApp/app/build/intermediates/pre-dexed/debug/internal_impl-23.1.1_ed74de56b47891969ea6eb3251aa736eab2e48c2.jar /home/santiago/Escritorio/LazarilloApp/app/build/intermediates/pre-dexed/debug/support-annotations-23.1.1_b88b5e1bc4b2f546531133ef8260902694f6461a.jar /home/santiago/Escritorio/LazarilloApp/app/build/intermediates/pre-dexed/debug/com.google.android.gms-play-services-panorama-8.4.0_8ba0ab638f036c638a3eccf5b2cddf3a64cb04a2.jar /home/santiago/Escritorio/LazarilloApp/app/build/intermediates/pre-dexed/debug/internal_impl-23.0.0_3f30b6df91fa0e449dcb29f4cef99841a05d4380.jar /home/santiago/Escritorio/LazarilloApp/app/build/intermediates/pre-dexed/debug/com.google.android.gms-play-services-safetynet-8.4.0_638ac8d940fdbe640b1f3feddfe50e1be19aca9c.jar /home/santiago/Escritorio/LazarilloApp/app/build/intermediates/pre-dexed/debug/com.github.jd-alexander-library-1.0.8_39e914a773dfb54bc64e99a09dcb407c949fe13a.jar /home/santiago/Escritorio/LazarilloApp/app/build/intermediates/pre-dexed/debug/com.google.android.gms-play-services-identity-8.4.0_5cf4a287caa5c1729ca276247c87804255b35dca.jar /home/santiago/Escritorio/LazarilloApp/app/build/intermediates/pre-dexed/debug/com.android.support-support-v13-23.1.1_b81382d9d028c99f9c2a6a1519586ba95956105c.jar /home/santiago/Escritorio/LazarilloApp/app/build/intermediates/pre-dexed/debug/com.google.android.gms-play-services-appinvite-8.4.0_18de0fdb0d47c879e6e42f2dd410e52ed8a098d3.jar /home/santiago/Escritorio/LazarilloApp/app/build/intermediates/pre-dexed/debug/com.google.android.gms-play-services-appindexing-8.4.0_b0be917d7439a59d43a5ef47cd257f254b8bfcdd.jar /home/santiago/Escritorio/LazarilloApp/app/build/intermediates/pre-dexed/debug/com.google.android.gms-play-services-gcm-8.4.0_faec2f3196012e7ee784b50ba7698332ef9fc062.ja
java_class_path (initial): /home/santiago/Android/Sdk/build-tools/23.0.2/lib/dx.jar
Launcher Type: SUN_STANDARD

Environment Variables:
JAVA_HOME=/usr/lib/jvm/java-8-oracle
PATH=/usr/local/sbin:/usr/local/bin:/usr/sbin:/usr/bin:/sbin:/bin:/usr/games:/usr/local/games:/usr/lib/jvm/java-8-oracle/bin:/usr/lib/jvm/java-8-oracle/db/bin:/usr/lib/jvm/java-8-oracle/jre/bin
LD_LIBRARY_PATH=/home/santiago/android-studio/bin:
SHELL=/bin/bash
DISPLAY=:0

Signal Handlers:
SIGSEGV: [libjvm.so+0xaad1e0], sa_mask[0]=11111111011111111101111111111110, sa_flags=SA_RESTART|SA_SIGINFO
SIGBUS: [libjvm.so+0xaad1e0], sa_mask[0]=11111111011111111101111111111110, sa_flags=SA_RESTART|SA_SIGINFO
SIGFPE: [libjvm.so+0x90b450], sa_mask[0]=11111111011111111101111111111110, sa_flags=SA_RESTART|SA_SIGINFO
SIGPIPE: [libjvm.so+0x90b450], sa_mask[0]=11111111011111111101111111111110, sa_flags=SA_RESTART|SA_SIGINFO
SIGXFSZ: [libjvm.so+0x90b450], sa_mask[0]=11111111011111111101111111111110, sa_flags=SA_RESTART|SA_SIGINFO
SIGILL: [libjvm.so+0x90b450], sa_mask[0]=11111111011111111101111111111110, sa_flags=SA_RESTART|SA_SIGINFO
SIGUSR1: SIG_DFL, sa_mask[0]=00000000000000000000000000000000, sa_flags=none
SIGUSR2: [libjvm.so+0x90ca90], sa_mask[0]=00100000000000000000000000000000, sa_flags=SA_RESTART|SA_SIGINFO
SIGHUP: [libjvm.so+0x90dde0], sa_mask[0]=11111111011111111101111111111110, sa_flags=SA_RESTART|SA_SIGINFO
SIGINT: [libjvm.so+0x90dde0], sa_mask[0]=11111111011111111101111111111110, sa_flags=SA_RESTART|SA_SIGINFO
SIGTERM: [libjvm.so+0x90dde0], sa_mask[0]=11111111011111111101111111111110, sa_flags=SA_RESTART|SA_SIGINFO
SIGQUIT: [libjvm.so+0x90dde0], sa_mask[0]=11111111011111111101111111111110, sa_flags=SA_RESTART|SA_SIGINFO


---------------  S Y S T E M  ---------------

OS:DISTRIB_ID=Ubuntu
DISTRIB_RELEASE=14.04
DISTRIB_CODENAME=trusty
DISTRIB_DESCRIPTION="Ubuntu 14.04.3 LTS"

uname:Linux 4.1.15-040115-generic #201512150136 SMP Tue Dec 15 06:38:38 UTC 2015 x86_64
libc:glibc 2.19 NPTL 2.19 
rlimit: STACK 8192k, CORE 0k, NPROC 31651, NOFILE 4096, AS infinity
load average:1,70 1,67 1,62

/proc/meminfo:
MemTotal:        8123068 kB
MemFree:           56572 kB
MemAvailable:      98332 kB
Buffers:            1324 kB
Cached:          1410508 kB
SwapCached:            0 kB
Active:          6579936 kB
Inactive:         945492 kB
Active(anon):    6569532 kB
Inactive(anon):   935492 kB
Active(file):      10404 kB
Inactive(file):    10000 kB
Unevictable:         280 kB
Mlocked:             280 kB
SwapTotal:             0 kB
SwapFree:              0 kB
Dirty:               396 kB
Writeback:           232 kB
AnonPages:       6115292 kB
Mapped:           357732 kB
Shmem:           1389896 kB
Slab:             137692 kB
SReclaimable:      59844 kB
SUnreclaim:        77848 kB
KernelStack:       14336 kB
PageTables:        56056 kB
NFS_Unstable:          0 kB
Bounce:                0 kB
WritebackTmp:          0 kB
CommitLimit:     4061532 kB
Committed_AS:   12429144 kB
VmallocTotal:   34359738367 kB
VmallocUsed:      137572 kB
VmallocChunk:   34359537660 kB
HardwareCorrupted:     0 kB
AnonHugePages:   2619392 kB
CmaTotal:              0 kB
CmaFree:               0 kB
HugePages_Total:       0
HugePages_Free:        0
HugePages_Rsvd:        0
HugePages_Surp:        0
Hugepagesize:       2048 kB
DirectMap4k:      818332 kB
DirectMap2M:     7518208 kB
DirectMap1G:     1048576 kB


CPU:total 8 (4 cores per cpu, 2 threads per core) family 6 model 60 stepping 3, cmov, cx8, fxsr, mmx, sse, sse2, sse3, ssse3, sse4.1, sse4.2, popcnt, avx, avx2, aes, clmul, erms, lzcnt, ht, tsc, tscinvbit, bmi1, bmi2

/proc/cpuinfo:
processor	: 0
vendor_id	: GenuineIntel
cpu family	: 6
model		: 60
model name	: Intel(R) Core(TM) i7-4770K CPU @ 3.50GHz
stepping	: 3
microcode	: 0x1c
cpu MHz		: 3699.882
cache size	: 8192 KB
physical id	: 0
siblings	: 8
core id		: 0
cpu cores	: 4
apicid		: 0
initial apicid	: 0
fpu		: yes
fpu_exception	: yes
cpuid level	: 13
wp		: yes
flags		: fpu vme de pse tsc msr pae mce cx8 apic sep mtrr pge mca cmov pat pse36 clflush dts acpi mmx fxsr sse sse2 ss ht tm pbe syscall nx pdpe1gb rdtscp lm constant_tsc arch_perfmon pebs bts rep_good nopl xtopology nonstop_tsc aperfmperf eagerfpu pni pclmulqdq dtes64 monitor ds_cpl vmx est tm2 ssse3 fma cx16 xtpr pdcm pcid sse4_1 sse4_2 movbe popcnt tsc_deadline_timer aes xsave avx f16c rdrand lahf_lm abm ida arat pln pts dtherm tpr_shadow vnmi flexpriority ept vpid fsgsbase tsc_adjust bmi1 avx2 smep bmi2 erms invpcid xsaveopt
bugs		:
bogomips	: 6999.39
clflush size	: 64
cache_alignment	: 64
address sizes	: 39 bits physical, 48 bits virtual
power management:

processor	: 1
vendor_id	: GenuineIntel
cpu family	: 6
model		: 60
model name	: Intel(R) Core(TM) i7-4770K CPU @ 3.50GHz
stepping	: 3
microcode	: 0x1c
cpu MHz		: 3699.882
cache size	: 8192 KB
physical id	: 0
siblings	: 8
core id		: 1
cpu cores	: 4
apicid		: 2
initial apicid	: 2
fpu		: yes
fpu_exception	: yes
cpuid level	: 13
wp		: yes
flags		: fpu vme de pse tsc msr pae mce cx8 apic sep mtrr pge mca cmov pat pse36 clflush dts acpi mmx fxsr sse sse2 ss ht tm pbe syscall nx pdpe1gb rdtscp lm constant_tsc arch_perfmon pebs bts rep_good nopl xtopology nonstop_tsc aperfmperf eagerfpu pni pclmulqdq dtes64 monitor ds_cpl vmx est tm2 ssse3 fma cx16 xtpr pdcm pcid sse4_1 sse4_2 movbe popcnt tsc_deadline_timer aes xsave avx f16c rdrand lahf_lm abm ida arat pln pts dtherm tpr_shadow vnmi flexpriority ept vpid fsgsbase tsc_adjust bmi1 avx2 smep bmi2 erms invpcid xsaveopt
bugs		:
bogomips	: 6999.39
clflush size	: 64
cache_alignment	: 64
address sizes	: 39 bits physical, 48 bits virtual
power management:

processor	: 2
vendor_id	: GenuineIntel
cpu family	: 6
model		: 60
model name	: Intel(R) Core(TM) i7-4770K CPU @ 3.50GHz
stepping	: 3
microcode	: 0x1c
cpu MHz		: 3822.382
cache size	: 8192 KB
physical id	: 0
siblings	: 8
core id		: 2
cpu cores	: 4
apicid		: 4
initial apicid	: 4
fpu		: yes
fpu_exception	: yes
cpuid level	: 13
wp		: yes
flags		: fpu vme de pse tsc msr pae mce cx8 apic sep mtrr pge mca cmov pat pse36 clflush dts acpi mmx fxsr sse sse2 ss ht tm pbe syscall nx pdpe1gb rdtscp lm constant_tsc arch_perfmon pebs bts rep_good nopl xtopology nonstop_tsc aperfmperf eagerfpu pni pclmulqdq dtes64 monitor ds_cpl vmx est tm2 ssse3 fma cx16 xtpr pdcm pcid sse4_1 sse4_2 movbe popcnt tsc_deadline_timer aes xsave avx f16c rdrand lahf_lm abm ida arat pln pts dtherm tpr_shadow vnmi flexpriority ept vpid fsgsbase tsc_adjust bmi1 avx2 smep bmi2 erms invpcid xsaveopt
bugs		:
bogomips	: 6999.39
clflush size	: 64
cache_alignment	: 64
address sizes	: 39 bits physical, 48 bits virtual
power management:

processor	: 3
vendor_id	: GenuineIntel
cpu family	: 6
model		: 60
model name	: Intel(R) Core(TM) i7-4770K CPU @ 3.50GHz
stepping	: 3
microcode	: 0x1c
cpu MHz		: 3752.109
cache size	: 8192 KB
physical id	: 0
siblings	: 8
core id		: 3
cpu cores	: 4
apicid		: 6
initial apicid	: 6
fpu		: yes
fpu_exception	: yes
cpuid level	: 13
wp		: yes
flags		: fpu vme de pse tsc msr pae mce cx8 apic sep mtrr pge mca cmov pat pse36 clflush dts acpi mmx fxsr sse sse2 ss ht tm pbe syscall nx pdpe1gb rdtscp lm constant_tsc arch_perfmon pebs bts rep_good nopl xtopology nonstop_tsc aperfmperf eagerfpu pni pclmulqdq dtes64 monitor ds_cpl vmx est tm2 ssse3 fma cx16 xtpr pdcm pcid sse4_1 sse4_2 movbe popcnt tsc_deadline_timer aes xsave avx f16c rdrand lahf_lm abm ida arat pln pts dtherm tpr_shadow vnmi flexpriority ept vpid fsgsbase tsc_adjust bmi1 avx2 smep bmi2 erms invpcid xsaveopt
bugs		:
bogomips	: 6999.39
clflush size	: 64
cache_alignment	: 64
address sizes	: 39 bits physical, 48 bits virtual
power management:

processor	: 4
vendor_id	: GenuineIntel
cpu family	: 6
model		: 60
model name	: Intel(R) Core(TM) i7-4770K CPU @ 3.50GHz
stepping	: 3
microcode	: 0x1c
cpu MHz		: 3749.101
cache size	: 8192 KB
physical id	: 0
siblings	: 8
core id		: 0
cpu cores	: 4
apicid		: 1
initial apicid	: 1
fpu		: yes
fpu_exception	: yes
cpuid level	: 13
wp		: yes
flags		: fpu vme de pse tsc msr pae mce cx8 apic sep mtrr pge mca cmov pat pse36 clflush dts acpi mmx fxsr sse sse2 ss ht tm pbe syscall nx pdpe1gb rdtscp lm constant_tsc arch_perfmon pebs bts rep_good nopl xtopology nonstop_tsc aperfmperf eagerfpu pni pclmulqdq dtes64 monitor ds_cpl vmx est tm2 ssse3 fma cx16 xtpr pdcm pcid sse4_1 sse4_2 movbe popcnt tsc_deadline_timer aes xsave avx f16c rdrand lahf_lm abm ida arat pln pts dtherm tpr_shadow vnmi flexpriority ept vpid fsgsbase tsc_adjust bmi1 avx2 smep bmi2 erms invpcid xsaveopt
bugs		:
bogomips	: 6999.39
clflush size	: 64
cache_alignment	: 64
address sizes	: 39 bits physical, 48 bits virtual
power management:

processor	: 5
vendor_id	: GenuineIntel
cpu family	: 6
model		: 60
model name	: Intel(R) Core(TM) i7-4770K CPU @ 3.50GHz
stepping	: 3
microcode	: 0x1c
cpu MHz		: 3706.445
cache size	: 8192 KB
physical id	: 0
siblings	: 8
core id		: 1
cpu cores	: 4
apicid		: 3
initial apicid	: 3
fpu		: yes
fpu_exception	: yes
cpuid level	: 13
wp		: yes
flags		: fpu vme de pse tsc msr pae mce cx8 apic sep mtrr pge mca cmov pat pse36 clflush dts acpi mmx fxsr sse sse2 ss ht tm pbe syscall nx pdpe1gb rdtscp lm constant_tsc arch_perfmon pebs bts rep_good nopl xtopology nonstop_tsc aperfmperf eagerfpu pni pclmulqdq dtes64 monitor ds_cpl vmx est tm2 ssse3 fma cx16 xtpr pdcm pcid sse4_1 sse4_2 movbe popcnt tsc_deadline_timer aes xsave avx f16c rdrand lahf_lm abm ida arat pln pts dtherm tpr_shadow vnmi flexpriority ept vpid fsgsbase tsc_adjust bmi1 avx2 smep bmi2 erms invpcid xsaveopt
bugs		:
bogomips	: 6999.39
clflush size	: 64
cache_alignment	: 64
address sizes	: 39 bits physical, 48 bits virtual
power management:

processor	: 6
vendor_id	: GenuineIntel
cpu family	: 6
model		: 60
model name	: Intel(R) Core(TM) i7-4770K CPU @ 3.50GHz
stepping	: 3
microcode	: 0x1c
cpu MHz		: 3708.222
cache size	: 8192 KB
physical id	: 0
siblings	: 8
core id		: 2
cpu cores	: 4
apicid		: 5
initial apicid	: 5
fpu		: yes
fpu_exception	: yes
cpuid level	: 13
wp		: yes
flags		: fpu vme de pse tsc msr pae mce cx8 apic sep mtrr pge mca cmov pat pse36 clflush dts acpi mmx fxsr sse sse2 ss ht tm pbe syscall nx pdpe1gb rdtscp lm constant_tsc arch_perfmon pebs bts rep_good nopl xtopology nonstop_tsc aperfmperf eagerfpu pni pclmulqdq dtes64 monitor ds_cpl vmx est tm2 ssse3 fma cx16 xtpr pdcm pcid sse4_1 sse4_2 movbe popcnt tsc_deadline_timer aes xsave avx f16c rdrand lahf_lm abm ida arat pln pts dtherm tpr_shadow vnmi flexpriority ept vpid fsgsbase tsc_adjust bmi1 avx2 smep bmi2 erms invpcid xsaveopt
bugs		:
bogomips	: 6999.39
clflush size	: 64
cache_alignment	: 64
address sizes	: 39 bits physical, 48 bits virtual
power management:

processor	: 7
vendor_id	: GenuineIntel
cpu family	: 6
model		: 60
model name	: Intel(R) Core(TM) i7-4770K CPU @ 3.50GHz
stepping	: 3
microcode	: 0x1c
cpu MHz		: 3778.632
cache size	: 8192 KB
physical id	: 0
siblings	: 8
core id		: 3
cpu cores	: 4
apicid		: 7
initial apicid	: 7
fpu		: yes
fpu_exception	: yes
cpuid level	: 13
wp		: yes
flags		: fpu vme de pse tsc msr pae mce cx8 apic sep mtrr pge mca cmov pat pse36 clflush dts acpi mmx fxsr sse sse2 ss ht tm pbe syscall nx pdpe1gb rdtscp lm constant_tsc arch_perfmon pebs bts rep_good nopl xtopology nonstop_tsc aperfmperf eagerfpu pni pclmulqdq dtes64 monitor ds_cpl vmx est tm2 ssse3 fma cx16 xtpr pdcm pcid sse4_1 sse4_2 movbe popcnt tsc_deadline_timer aes xsave avx f16c rdrand lahf_lm abm ida arat pln pts dtherm tpr_shadow vnmi flexpriority ept vpid fsgsbase tsc_adjust bmi1 avx2 smep bmi2 erms invpcid xsaveopt
bugs		:
bogomips	: 6999.39
clflush size	: 64
cache_alignment	: 64
address sizes	: 39 bits physical, 48 bits virtual
power management:



Memory: 4k page, physical 8123068k(57372k free), swap 0k(0k free)

vm_info: Java HotSpot(TM) 64-Bit Server VM (25.45-b02) for linux-amd64 JRE (1.8.0_45-b14), built on Apr 10 2015 10:07:45 by "java_re" with gcc 4.3.0 20080428 (Red Hat 4.3.0-8)

time: Fri Jan 15 21:07:28 2016
elapsed time: 1 seconds (0d 0h 0m 1s)

