#
# There is insufficient memory for the Java Runtime Environment to continue.
# Native memory allocation (mmap) failed to map 214958080 bytes for committing reserved memory.
# Possible reasons:
#   The system is out of physical RAM or swap space
#   In 32 bit mode, the process size limit was hit
# Possible solutions:
#   Reduce memory load on the system
#   Increase physical memory or swap space
#   Check if swap backing store is full
#   Use 64 bit Java on a 64 bit OS
#   Decrease Java heap size (-Xmx/-Xms)
#   Decrease number of Java threads
#   Decrease Java thread stack sizes (-Xss)
#   Set larger code cache with -XX:ReservedCodeCacheSize=
# This output file may be truncated or incomplete.
#
#  Out of Memory Error (os_linux.cpp:2673), pid=30567, tid=140441600108288
#
# JRE version: Java(TM) SE Runtime Environment (8.0_45-b14) (build 1.8.0_45-b14)
# Java VM: Java HotSpot(TM) 64-Bit Server VM (25.45-b02 mixed mode linux-amd64 compressed oops)
# Failed to write core dump. Core dumps have been disabled. To enable core dumping, try "ulimit -c unlimited" before starting Java again
#

---------------  T H R E A D  ---------------

Current thread (0x00007fbb38083000):  VMThread [stack: 0x00007fbb1b9fa000,0x00007fbb1bafb000] [id=30581]

Stack: [0x00007fbb1b9fa000,0x00007fbb1bafb000],  sp=0x00007fbb1baf8f60,  free space=1019k
Native frames: (J=compiled Java code, j=interpreted, Vv=VM code, C=native code)
V  [libjvm.so+0xaac99a]  VMError::report_and_die()+0x2ba
V  [libjvm.so+0x4f333b]  report_vm_out_of_memory(char const*, int, unsigned long, VMErrorType, char const*)+0x8b
V  [libjvm.so+0x90e7c3]  os::Linux::commit_memory_impl(char*, unsigned long, bool)+0x103
V  [libjvm.so+0x90ed19]  os::pd_commit_memory(char*, unsigned long, unsigned long, bool)+0x29
V  [libjvm.so+0x90867a]  os::commit_memory(char*, unsigned long, unsigned long, bool)+0x2a
V  [libjvm.so+0x97bac3]  PSVirtualSpace::expand_by(unsigned long)+0x53
V  [libjvm.so+0x97cec8]  PSYoungGen::resize_generation(unsigned long, unsigned long)+0xf8
V  [libjvm.so+0x97c022]  PSYoungGen::resize(unsigned long, unsigned long)+0x22
V  [libjvm.so+0x9792fb]  PSScavenge::invoke_no_policy()+0xf7b
V  [libjvm.so+0x979a81]  PSScavenge::invoke()+0x41
V  [libjvm.so+0x932050]  ParallelScavengeHeap::failed_mem_allocate(unsigned long)+0x70
V  [libjvm.so+0xaae1d7]  VM_ParallelGCFailedAllocation::doit()+0x97
V  [libjvm.so+0xab59c5]  VM_Operation::evaluate()+0x55
V  [libjvm.so+0xab3d9a]  VMThread::evaluate_operation(VM_Operation*)+0xba
V  [libjvm.so+0xab411e]  VMThread::loop()+0x1ce
V  [libjvm.so+0xab4590]  VMThread::run()+0x70
V  [libjvm.so+0x910de8]  java_start(Thread*)+0x108

VM_Operation (0x00007fbb3f2d0040): ParallelGCFailedAllocation, mode: safepoint, requested by thread 0x00007fbb3800d000


---------------  P R O C E S S  ---------------

Java Threads: ( => current thread )
  0x00007fbb380d7800 JavaThread "Service Thread" daemon [_thread_blocked, id=30589, stack(0x00007fbb1ab10000,0x00007fbb1ac11000)]
  0x00007fbb380ca800 JavaThread "C1 CompilerThread3" daemon [_thread_blocked, id=30588, stack(0x00007fbb1ac11000,0x00007fbb1ad12000)]
  0x00007fbb380c8800 JavaThread "C2 CompilerThread2" daemon [_thread_in_native, id=30587, stack(0x00007fbb1ad12000,0x00007fbb1ae13000)]
  0x00007fbb380c6800 JavaThread "C2 CompilerThread1" daemon [_thread_blocked, id=30586, stack(0x00007fbb1ae13000,0x00007fbb1af14000)]
  0x00007fbb380c3800 JavaThread "C2 CompilerThread0" daemon [_thread_blocked, id=30585, stack(0x00007fbb1af14000,0x00007fbb1b015000)]
  0x00007fbb380c2000 JavaThread "Signal Dispatcher" daemon [_thread_blocked, id=30584, stack(0x00007fbb1b015000,0x00007fbb1b116000)]
  0x00007fbb3808a000 JavaThread "Finalizer" daemon [_thread_blocked, id=30583, stack(0x00007fbb1b7f8000,0x00007fbb1b8f9000)]
  0x00007fbb38088000 JavaThread "Reference Handler" daemon [_thread_blocked, id=30582, stack(0x00007fbb1b8f9000,0x00007fbb1b9fa000)]
  0x00007fbb3800d000 JavaThread "main" [_thread_blocked, id=30572, stack(0x00007fbb3f1d1000,0x00007fbb3f2d2000)]

Other Threads:
=>0x00007fbb38083000 VMThread [stack: 0x00007fbb1b9fa000,0x00007fbb1bafb000] [id=30581]
  0x00007fbb380da000 WatcherThread [stack: 0x00007fbb1aa0f000,0x00007fbb1ab10000] [id=30590]

VM state:at safepoint (normal execution)

VM Mutex/Monitor currently owned by a thread:  ([mutex/lock_event])
[0x00007fbb38009280] Threads_lock - owner thread: 0x00007fbb38083000
[0x00007fbb38009780] Heap_lock - owner thread: 0x00007fbb3800d000

Heap:
 PSYoungGen      total 120832K, used 5114K [0x00000000eab00000, 0x00000000f2680000, 0x0000000100000000)
  eden space 115712K, 0% used [0x00000000eab00000,0x00000000eab00000,0x00000000f1c00000)
  from space 5120K, 99% used [0x00000000f1c80000,0x00000000f217ebb8,0x00000000f2180000)
  to   space 4096K, 0% used [0x00000000f2280000,0x00000000f2280000,0x00000000f2680000)
 ParOldGen       total 131072K, used 28686K [0x00000000c0000000, 0x00000000c8000000, 0x00000000eab00000)
  object space 131072K, 21% used [0x00000000c0000000,0x00000000c1c038e0,0x00000000c8000000)
 Metaspace       used 4730K, capacity 5428K, committed 5632K, reserved 1056768K
  class space    used 490K, capacity 492K, committed 512K, reserved 1048576K

Card table byte_map: [0x00007fbb3c17e000,0x00007fbb3c37f000] byte_map_base: 0x00007fbb3bb7e000

Marking Bits: (ParMarkBitMap*) 0x00007fbb3e6bc760
 Begin Bits: [0x00007fbb22000000, 0x00007fbb23000000)
 End Bits:   [0x00007fbb23000000, 0x00007fbb24000000)

Polling page: 0x00007fbb3f303000

CodeCache: size=245760Kb used=4053Kb max_used=4065Kb free=241706Kb
 bounds [0x00007fbb29000000, 0x00007fbb29400000, 0x00007fbb38000000]
 total_blobs=1445 nmethods=1171 adapters=188
 compilation: enabled

Compilation events (10 events):
Event: 1,327 Thread 0x00007fbb380c3800 nmethod 1035 0x00007fbb293fb410 code [0x00007fbb293fb5a0, 0x00007fbb293fb9b8]
Event: 1,327 Thread 0x00007fbb380c3800 1206       4       com.android.dx.io.instructions.InstructionCodec$11::decode (38 bytes)
Event: 1,329 Thread 0x00007fbb380c3800 nmethod 1206 0x00007fbb293f8610 code [0x00007fbb293f8780, 0x00007fbb293f8998]
Event: 1,329 Thread 0x00007fbb380c3800 1208       4       com.android.dx.io.instructions.DecodedInstruction::getLiteralUnit (55 bytes)
Event: 1,329 Thread 0x00007fbb380c3800 nmethod 1208 0x00007fbb293f6610 code [0x00007fbb293f6760, 0x00007fbb293f67f8]
Event: 1,329 Thread 0x00007fbb380c3800 1207       4       com.android.dx.io.instructions.InstructionCodec$11::encode (22 bytes)
Event: 1,331 Thread 0x00007fbb380c3800 nmethod 1207 0x00007fbb293fbed0 code [0x00007fbb293fc040, 0x00007fbb293fc278]
Event: 1,331 Thread 0x00007fbb380c3800 1209       4       com.android.dx.io.instructions.InstructionCodec$14::decode (53 bytes)
Event: 1,333 Thread 0x00007fbb380c3800 nmethod 1209 0x00007fbb293fc550 code [0x00007fbb293fc6c0, 0x00007fbb293fc8f8]
Event: 1,333 Thread 0x00007fbb380c3800 1212       4       com.android.dx.io.instructions.InstructionCodec$15::encode (29 bytes)

GC Heap History (10 events):
Event: 0,378 GC heap after
Heap after GC invocations=1 (full 0):
 PSYoungGen      total 36864K, used 5118K [0x00000000eab00000, 0x00000000ef300000, 0x0000000100000000)
  eden space 31744K, 0% used [0x00000000eab00000,0x00000000eab00000,0x00000000eca00000)
  from space 5120K, 99% used [0x00000000eca00000,0x00000000eceff8b0,0x00000000ecf00000)
  to   space 5120K, 0% used [0x00000000eee00000,0x00000000eee00000,0x00000000ef300000)
 ParOldGen       total 84992K, used 3459K [0x00000000c0000000, 0x00000000c5300000, 0x00000000eab00000)
  object space 84992K, 4% used [0x00000000c0000000,0x00000000c0360e00,0x00000000c5300000)
 Metaspace       used 3510K, capacity 4720K, committed 4864K, reserved 1056768K
  class space    used 371K, capacity 424K, committed 512K, reserved 1048576K
}
Event: 0,479 GC heap before
{Heap before GC invocations=2 (full 0):
 PSYoungGen      total 36864K, used 36862K [0x00000000eab00000, 0x00000000ef300000, 0x0000000100000000)
  eden space 31744K, 100% used [0x00000000eab00000,0x00000000eca00000,0x00000000eca00000)
  from space 5120K, 99% used [0x00000000eca00000,0x00000000eceff8b0,0x00000000ecf00000)
  to   space 5120K, 0% used [0x00000000eee00000,0x00000000eee00000,0x00000000ef300000)
 ParOldGen       total 84992K, used 3459K [0x00000000c0000000, 0x00000000c5300000, 0x00000000eab00000)
  object space 84992K, 4% used [0x00000000c0000000,0x00000000c0360e00,0x00000000c5300000)
 Metaspace       used 3804K, capacity 4944K, committed 5120K, reserved 1056768K
  class space    used 402K, capacity 456K, committed 512K, reserved 1048576K
Event: 0,498 GC heap after
Heap after GC invocations=2 (full 0):
 PSYoungGen      total 68608K, used 5108K [0x00000000eab00000, 0x00000000ef300000, 0x0000000100000000)
  eden space 63488K, 0% used [0x00000000eab00000,0x00000000eab00000,0x00000000ee900000)
  from space 5120K, 99% used [0x00000000eee00000,0x00000000ef2fd138,0x00000000ef300000)
  to   space 5120K, 0% used [0x00000000ee900000,0x00000000ee900000,0x00000000eee00000)
 ParOldGen       total 84992K, used 64731K [0x00000000c0000000, 0x00000000c5300000, 0x00000000eab00000)
  object space 84992K, 76% used [0x00000000c0000000,0x00000000c3f36e98,0x00000000c5300000)
 Metaspace       used 3804K, capacity 4944K, committed 5120K, reserved 1056768K
  class space    used 402K, capacity 456K, committed 512K, reserved 1048576K
}
Event: 0,498 GC heap before
{Heap before GC invocations=3 (full 1):
 PSYoungGen      total 68608K, used 5108K [0x00000000eab00000, 0x00000000ef300000, 0x0000000100000000)
  eden space 63488K, 0% used [0x00000000eab00000,0x00000000eab00000,0x00000000ee900000)
  from space 5120K, 99% used [0x00000000eee00000,0x00000000ef2fd138,0x00000000ef300000)
  to   space 5120K, 0% used [0x00000000ee900000,0x00000000ee900000,0x00000000eee00000)
 ParOldGen       total 84992K, used 64731K [0x00000000c0000000, 0x00000000c5300000, 0x00000000eab00000)
  object space 84992K, 76% used [0x00000000c0000000,0x00000000c3f36e98,0x00000000c5300000)
 Metaspace       used 3804K, capacity 4944K, committed 5120K, reserved 1056768K
  class space    used 402K, capacity 456K, committed 512K, reserved 1048576K
Event: 0,505 GC heap after
Heap after GC invocations=3 (full 1):
 PSYoungGen      total 68608K, used 0K [0x00000000eab00000, 0x00000000ef300000, 0x0000000100000000)
  eden space 63488K, 0% used [0x00000000eab00000,0x00000000eab00000,0x00000000ee900000)
  from space 5120K, 0% used [0x00000000eee00000,0x00000000eee00000,0x00000000ef300000)
  to   space 5120K, 0% used [0x00000000ee900000,0x00000000ee900000,0x00000000eee00000)
 ParOldGen       total 131072K, used 19181K [0x00000000c0000000, 0x00000000c8000000, 0x00000000eab00000)
  object space 131072K, 14% used [0x00000000c0000000,0x00000000c12bb628,0x00000000c8000000)
 Metaspace       used 3804K, capacity 4944K, committed 5120K, reserved 1056768K
  class space    used 402K, capacity 456K, committed 512K, reserved 1048576K
}
Event: 0,871 GC heap before
{Heap before GC invocations=4 (full 1):
 PSYoungGen      total 68608K, used 63488K [0x00000000eab00000, 0x00000000ef300000, 0x0000000100000000)
  eden space 63488K, 100% used [0x00000000eab00000,0x00000000ee900000,0x00000000ee900000)
  from space 5120K, 0% used [0x00000000eee00000,0x00000000eee00000,0x00000000ef300000)
  to   space 5120K, 0% used [0x00000000ee900000,0x00000000ee900000,0x00000000eee00000)
 ParOldGen       total 131072K, used 19181K [0x00000000c0000000, 0x00000000c8000000, 0x00000000eab00000)
  object space 131072K, 14% used [0x00000000c0000000,0x00000000c12bb628,0x00000000c8000000)
 Metaspace       used 4384K, capacity 5424K, committed 5632K, reserved 1056768K
  class space    used 456K, capacity 488K, committed 512K, reserved 1048576K
Event: 0,881 GC heap after
Heap after GC invocations=4 (full 1):
 PSYoungGen      total 68608K, used 4437K [0x00000000eab00000, 0x00000000f2780000, 0x0000000100000000)
  eden space 63488K, 0% used [0x00000000eab00000,0x00000000eab00000,0x00000000ee900000)
  from space 5120K, 86% used [0x00000000ee900000,0x00000000eed55480,0x00000000eee00000)
  to   space 5120K, 0% used [0x00000000f2280000,0x00000000f2280000,0x00000000f2780000)
 ParOldGen       total 131072K, used 19189K [0x00000000c0000000, 0x00000000c8000000, 0x00000000eab00000)
  object space 131072K, 14% used [0x00000000c0000000,0x00000000c12bd628,0x00000000c8000000)
 Metaspace       used 4384K, capacity 5424K, committed 5632K, reserved 1056768K
  class space    used 456K, capacity 488K, committed 512K, reserved 1048576K
}
Event: 0,977 GC heap before
{Heap before GC invocations=5 (full 1):
 PSYoungGen      total 68608K, used 67925K [0x00000000eab00000, 0x00000000f2780000, 0x0000000100000000)
  eden space 63488K, 100% used [0x00000000eab00000,0x00000000ee900000,0x00000000ee900000)
  from space 5120K, 86% used [0x00000000ee900000,0x00000000eed55480,0x00000000eee00000)
  to   space 5120K, 0% used [0x00000000f2280000,0x00000000f2280000,0x00000000f2780000)
 ParOldGen       total 131072K, used 19189K [0x00000000c0000000, 0x00000000c8000000, 0x00000000eab00000)
  object space 131072K, 14% used [0x00000000c0000000,0x00000000c12bd628,0x00000000c8000000)
 Metaspace       used 4397K, capacity 5424K, committed 5632K, reserved 1056768K
  class space    used 456K, capacity 488K, committed 512K, reserved 1048576K
Event: 0,981 GC heap after
Heap after GC invocations=5 (full 1):
 PSYoungGen      total 119808K, used 3936K [0x00000000eab00000, 0x00000000f2680000, 0x0000000100000000)
  eden space 115712K, 0% used [0x00000000eab00000,0x00000000eab00000,0x00000000f1c00000)
  from space 4096K, 96% used [0x00000000f2280000,0x00000000f2658018,0x00000000f2680000)
  to   space 5120K, 0% used [0x00000000f1c80000,0x00000000f1c80000,0x00000000f2180000)
 ParOldGen       total 131072K, used 19197K [0x00000000c0000000, 0x00000000c8000000, 0x00000000eab00000)
  object space 131072K, 14% used [0x00000000c0000000,0x00000000c12bf628,0x00000000c8000000)
 Metaspace       used 4397K, capacity 5424K, committed 5632K, reserved 1056768K
  class space    used 456K, capacity 488K, committed 512K, reserved 1048576K
}
Event: 1,334 GC heap before
{Heap before GC invocations=6 (full 1):
 PSYoungGen      total 119808K, used 119648K [0x00000000eab00000, 0x00000000f2680000, 0x0000000100000000)
  eden space 115712K, 100% used [0x00000000eab00000,0x00000000f1c00000,0x00000000f1c00000)
  from space 4096K, 96% used [0x00000000f2280000,0x00000000f2658018,0x00000000f2680000)
  to   space 5120K, 0% used [0x00000000f1c80000,0x00000000f1c80000,0x00000000f2180000)
 ParOldGen       total 131072K, used 19197K [0x00000000c0000000, 0x00000000c8000000, 0x00000000eab00000)
  object space 131072K, 14% used [0x00000000c0000000,0x00000000c12bf628,0x00000000c8000000)
 Metaspace       used 4730K, capacity 5428K, committed 5632K, reserved 1056768K
  class space    used 490K, capacity 492K, committed 512K, reserved 1048576K

Deoptimization events (10 events):
Event: 0,803 Thread 0x00007fbb3800d000 Uncommon trap: reason=unstable_if action=reinterpret pc=0x00007fbb2923b514 method=com.android.dx.merge.IndexMap.adjustString(I)I @ 2
Event: 1,000 Thread 0x00007fbb3800d000 Uncommon trap: reason=unstable_if action=reinterpret pc=0x00007fbb29161ee8 method=java.lang.String.replace(CC)Ljava/lang/String; @ 2
Event: 1,008 Thread 0x00007fbb3800d000 Uncommon trap: reason=unstable_if action=reinterpret pc=0x00007fbb2914d388 method=java.lang.String.indexOf(II)I @ 49
Event: 1,008 Thread 0x00007fbb3800d000 Uncommon trap: reason=speculate_class_check action=maybe_recompile pc=0x00007fbb292f6c44 method=java.util.HashMap.putVal(ILjava/lang/Object;Ljava/lang/Object;ZZ)Ljava/lang/Object; @ 56
Event: 1,008 Thread 0x00007fbb3800d000 Uncommon trap: reason=speculate_class_check action=maybe_recompile pc=0x00007fbb292f6c44 method=java.util.HashMap.putVal(ILjava/lang/Object;Ljava/lang/Object;ZZ)Ljava/lang/Object; @ 56
Event: 1,008 Thread 0x00007fbb3800d000 Uncommon trap: reason=speculate_class_check action=maybe_recompile pc=0x00007fbb292f6c44 method=java.util.HashMap.putVal(ILjava/lang/Object;Ljava/lang/Object;ZZ)Ljava/lang/Object; @ 56
Event: 1,008 Thread 0x00007fbb3800d000 Uncommon trap: reason=speculate_class_check action=maybe_recompile pc=0x00007fbb292f6c78 method=java.util.HashMap.putVal(ILjava/lang/Object;Ljava/lang/Object;ZZ)Ljava/lang/Object; @ 152
Event: 1,008 Thread 0x00007fbb3800d000 Uncommon trap: reason=speculate_class_check action=maybe_recompile pc=0x00007fbb292f6c78 method=java.util.HashMap.putVal(ILjava/lang/Object;Ljava/lang/Object;ZZ)Ljava/lang/Object; @ 152
Event: 1,136 Thread 0x00007fbb3800d000 Uncommon trap: reason=unstable_if action=reinterpret pc=0x00007fbb2920de3c method=com.android.dex.Mutf8.countBytes(Ljava/lang/String;Z)J @ 50
Event: 1,223 Thread 0x00007fbb3800d000 Uncommon trap: reason=unloaded action=reinterpret pc=0x00007fbb293a4884 method=com.android.dx.merge.IndexMap$EncodedValueTransformer.transform(Lcom/android/dex/EncodedValueReader;)V @ 232

Internal exceptions (3 events):
Event: 0,078 Thread 0x00007fbb3800d000 Exception <a 'java/lang/NoSuchMethodError': Method sun.misc.Unsafe.defineClass(Ljava/lang/String;[BII)Ljava/lang/Class; name or signature does not match> (0x00000000eab129d0) thrown at [/RE-WORK/workspace/8-2-build-linux-amd64/jdk8u45/3457/hotspot/src/sha
Event: 0,078 Thread 0x00007fbb3800d000 Exception <a 'java/lang/NoSuchMethodError': Method sun.misc.Unsafe.prefetchRead(Ljava/lang/Object;J)V name or signature does not match> (0x00000000eab12c60) thrown at [/RE-WORK/workspace/8-2-build-linux-amd64/jdk8u45/3457/hotspot/src/share/vm/prims/jni.cp
Event: 0,611 Thread 0x00007fbb3800d000 Implicit null exception at 0x00007fbb29244ed2 to 0x00007fbb29245d01

Events (10 events):
Event: 1,223 Thread 0x00007fbb3800d000 DEOPT PACKING pc=0x00007fbb29226bd0 sp=0x00007fbb3f2d0290
Event: 1,223 Thread 0x00007fbb3800d000 DEOPT UNPACKING pc=0x00007fbb29047633 sp=0x00007fbb3f2cffa0 mode 0
Event: 1,223 Thread 0x00007fbb3800d000 Uncommon trap: trap_request=0x00000069 fr.pc=0x00007fbb293a4884
Event: 1,223 Thread 0x00007fbb3800d000 DEOPT PACKING pc=0x00007fbb293a4884 sp=0x00007fbb3f2d0240
Event: 1,223 Thread 0x00007fbb3800d000 DEOPT UNPACKING pc=0x00007fbb29005229 sp=0x00007fbb3f2d0240 mode 2
Event: 1,230 loading class java/util/Collections$EmptyIterator
Event: 1,231 loading class java/util/Collections$EmptyIterator done
Event: 1,235 Thread 0x00007fbb3800d000 DEOPT PACKING pc=0x00007fbb292d38cf sp=0x00007fbb3f2d02c0
Event: 1,235 Thread 0x00007fbb3800d000 DEOPT UNPACKING pc=0x00007fbb29047633 sp=0x00007fbb3f2d0030 mode 0
Event: 1,334 Executing VM operation: ParallelGCFailedAllocation


Dynamic libraries:
00400000-00401000 r-xp 00000000 08:01 9568738                            /usr/lib/jvm/jdk1.8.0_45/bin/java
00600000-00601000 rw-p 00000000 08:01 9568738                            /usr/lib/jvm/jdk1.8.0_45/bin/java
0168a000-016ab000 rw-p 00000000 00:00 0                                  [heap]
c0000000-c8000000 rw-p 00000000 00:00 0 
c8000000-eab00000 ---p 00000000 00:00 0 
eab00000-f2680000 rw-p 00000000 00:00 0 
ff380000-100000000 ---p 00000000 00:00 0 
100000000-100080000 rw-p 00000000 00:00 0 
100080000-140000000 ---p 00000000 00:00 0 
7fbad4000000-7fbad4021000 rw-p 00000000 00:00 0 
7fbad4021000-7fbad8000000 ---p 00000000 00:00 0 
7fbadc000000-7fbadc581000 rw-p 00000000 00:00 0 
7fbadc581000-7fbae0000000 ---p 00000000 00:00 0 
7fbae0000000-7fbae0021000 rw-p 00000000 00:00 0 
7fbae0021000-7fbae4000000 ---p 00000000 00:00 0 
7fbae4000000-7fbae5235000 rw-p 00000000 00:00 0 
7fbae5235000-7fbae8000000 ---p 00000000 00:00 0 
7fbae8000000-7fbae96a3000 rw-p 00000000 00:00 0 
7fbae96a3000-7fbaec000000 ---p 00000000 00:00 0 
7fbaec000000-7fbaec021000 rw-p 00000000 00:00 0 
7fbaec021000-7fbaf0000000 ---p 00000000 00:00 0 
7fbaf0000000-7fbaf1017000 rw-p 00000000 00:00 0 
7fbaf1017000-7fbaf4000000 ---p 00000000 00:00 0 
7fbaf4000000-7fbaf4021000 rw-p 00000000 00:00 0 
7fbaf4021000-7fbaf8000000 ---p 00000000 00:00 0 
7fbaf8000000-7fbaf8021000 rw-p 00000000 00:00 0 
7fbaf8021000-7fbafc000000 ---p 00000000 00:00 0 
7fbafc000000-7fbafc021000 rw-p 00000000 00:00 0 
7fbafc021000-7fbb00000000 ---p 00000000 00:00 0 
7fbb00000000-7fbb0028d000 rw-p 00000000 00:00 0 
7fbb0028d000-7fbb04000000 ---p 00000000 00:00 0 
7fbb04000000-7fbb04021000 rw-p 00000000 00:00 0 
7fbb04021000-7fbb08000000 ---p 00000000 00:00 0 
7fbb08000000-7fbb08021000 rw-p 00000000 00:00 0 
7fbb08021000-7fbb0c000000 ---p 00000000 00:00 0 
7fbb0c000000-7fbb0c021000 rw-p 00000000 00:00 0 
7fbb0c021000-7fbb10000000 ---p 00000000 00:00 0 
7fbb10000000-7fbb10021000 rw-p 00000000 00:00 0 
7fbb10021000-7fbb14000000 ---p 00000000 00:00 0 
7fbb14000000-7fbb14021000 rw-p 00000000 00:00 0 
7fbb14021000-7fbb18000000 ---p 00000000 00:00 0 
7fbb1aa0f000-7fbb1aa10000 ---p 00000000 00:00 0 
7fbb1aa10000-7fbb1ab10000 rw-p 00000000 00:00 0                          [stack:30590]
7fbb1ab10000-7fbb1ab13000 ---p 00000000 00:00 0 
7fbb1ab13000-7fbb1ac11000 rw-p 00000000 00:00 0                          [stack:30589]
7fbb1ac11000-7fbb1ac14000 ---p 00000000 00:00 0 
7fbb1ac14000-7fbb1ad12000 rw-p 00000000 00:00 0                          [stack:30588]
7fbb1ad12000-7fbb1ad15000 ---p 00000000 00:00 0 
7fbb1ad15000-7fbb1ae13000 rw-p 00000000 00:00 0                          [stack:30587]
7fbb1ae13000-7fbb1ae16000 ---p 00000000 00:00 0 
7fbb1ae16000-7fbb1af14000 rw-p 00000000 00:00 0                          [stack:30586]
7fbb1af14000-7fbb1af17000 ---p 00000000 00:00 0 
7fbb1af17000-7fbb1b015000 rw-p 00000000 00:00 0                          [stack:30585]
7fbb1b015000-7fbb1b018000 ---p 00000000 00:00 0 
7fbb1b018000-7fbb1b116000 rw-p 00000000 00:00 0                          [stack:30584]
7fbb1b116000-7fbb1b7f8000 r--p 00000000 08:01 6953901                    /usr/lib/locale/locale-archive
7fbb1b7f8000-7fbb1b7fb000 ---p 00000000 00:00 0 
7fbb1b7fb000-7fbb1b8f9000 rw-p 00000000 00:00 0                          [stack:30583]
7fbb1b8f9000-7fbb1b8fc000 ---p 00000000 00:00 0 
7fbb1b8fc000-7fbb1b9fa000 rw-p 00000000 00:00 0                          [stack:30582]
7fbb1b9fa000-7fbb1b9fb000 ---p 00000000 00:00 0 
7fbb1b9fb000-7fbb1c000000 rw-p 00000000 00:00 0                          [stack:30581]
7fbb1c000000-7fbb1c021000 rw-p 00000000 00:00 0 
7fbb1c021000-7fbb20000000 ---p 00000000 00:00 0 
7fbb20089000-7fbb200af000 r--p 00000000 08:01 8262730                    /usr/share/locale-langpack/es/LC_MESSAGES/libc.mo
7fbb200af000-7fbb21627000 rw-p 00000000 00:00 0 
7fbb21627000-7fbb21800000 r--s 03d09000 08:01 8528454                    /usr/lib/jvm/jdk1.8.0_45/jre/lib/rt.jar
7fbb21800000-7fbb21d00000 rw-p 00000000 00:00 0 
7fbb21d00000-7fbb22000000 ---p 00000000 00:00 0 
7fbb22000000-7fbb24000000 rw-p 00000000 00:00 0 
7fbb24000000-7fbb24021000 rw-p 00000000 00:00 0 
7fbb24021000-7fbb28000000 ---p 00000000 00:00 0 
7fbb2800f000-7fbb28438000 rw-p 00000000 00:00 0 
7fbb28438000-7fbb28439000 ---p 00000000 00:00 0 
7fbb28439000-7fbb28539000 rw-p 00000000 00:00 0                          [stack:30580]
7fbb28539000-7fbb2853a000 ---p 00000000 00:00 0 
7fbb2853a000-7fbb2863a000 rw-p 00000000 00:00 0                          [stack:30579]
7fbb2863a000-7fbb2863b000 ---p 00000000 00:00 0 
7fbb2863b000-7fbb2873b000 rw-p 00000000 00:00 0                          [stack:30578]
7fbb2873b000-7fbb2873c000 ---p 00000000 00:00 0 
7fbb2873c000-7fbb2883c000 rw-p 00000000 00:00 0                          [stack:30577]
7fbb2883c000-7fbb2883d000 ---p 00000000 00:00 0 
7fbb2883d000-7fbb2893d000 rw-p 00000000 00:00 0                          [stack:30576]
7fbb2893d000-7fbb2893e000 ---p 00000000 00:00 0 
7fbb2893e000-7fbb28a3e000 rw-p 00000000 00:00 0                          [stack:30575]
7fbb28a3e000-7fbb28a3f000 ---p 00000000 00:00 0 
7fbb28a3f000-7fbb28b3f000 rw-p 00000000 00:00 0                          [stack:30574]
7fbb28b3f000-7fbb28b40000 ---p 00000000 00:00 0 
7fbb28b40000-7fbb28c50000 rw-p 00000000 00:00 0                          [stack:30573]
7fbb28c50000-7fbb29000000 ---p 00000000 00:00 0 
7fbb29000000-7fbb29400000 rwxp 00000000 00:00 0 
7fbb29400000-7fbb38000000 ---p 00000000 00:00 0 
7fbb38000000-7fbb38418000 rw-p 00000000 00:00 0 
7fbb38418000-7fbb3c000000 ---p 00000000 00:00 0 
7fbb3c000000-7fbb3c007000 r--s 00000000 08:01 7340797                    /usr/lib/x86_64-linux-gnu/gconv/gconv-modules.cache
7fbb3c007000-7fbb3c068000 rw-p 00000000 00:00 0 
7fbb3c068000-7fbb3c17e000 ---p 00000000 00:00 0 
7fbb3c17e000-7fbb3c1be000 rw-p 00000000 00:00 0 
7fbb3c1be000-7fbb3c2d3000 ---p 00000000 00:00 0 
7fbb3c2d3000-7fbb3c312000 rw-p 00000000 00:00 0 
7fbb3c312000-7fbb3c37e000 ---p 00000000 00:00 0 
7fbb3c37e000-7fbb3c37f000 rw-p 00000000 00:00 0 
7fbb3c37f000-7fbb3c399000 r-xp 00000000 08:01 8798315                    /usr/lib/jvm/jdk1.8.0_45/jre/lib/amd64/libzip.so
7fbb3c399000-7fbb3c599000 ---p 0001a000 08:01 8798315                    /usr/lib/jvm/jdk1.8.0_45/jre/lib/amd64/libzip.so
7fbb3c599000-7fbb3c59a000 rw-p 0001a000 08:01 8798315                    /usr/lib/jvm/jdk1.8.0_45/jre/lib/amd64/libzip.so
7fbb3c59a000-7fbb3c5a5000 r-xp 00000000 08:01 655606                     /lib/x86_64-linux-gnu/libnss_files-2.19.so
7fbb3c5a5000-7fbb3c7a4000 ---p 0000b000 08:01 655606                     /lib/x86_64-linux-gnu/libnss_files-2.19.so
7fbb3c7a4000-7fbb3c7a5000 r--p 0000a000 08:01 655606                     /lib/x86_64-linux-gnu/libnss_files-2.19.so
7fbb3c7a5000-7fbb3c7a6000 rw-p 0000b000 08:01 655606                     /lib/x86_64-linux-gnu/libnss_files-2.19.so
7fbb3c7a6000-7fbb3c7b1000 r-xp 00000000 08:01 655644                     /lib/x86_64-linux-gnu/libnss_nis-2.19.so
7fbb3c7b1000-7fbb3c9b0000 ---p 0000b000 08:01 655644                     /lib/x86_64-linux-gnu/libnss_nis-2.19.so
7fbb3c9b0000-7fbb3c9b1000 r--p 0000a000 08:01 655644                     /lib/x86_64-linux-gnu/libnss_nis-2.19.so
7fbb3c9b1000-7fbb3c9b2000 rw-p 0000b000 08:01 655644                     /lib/x86_64-linux-gnu/libnss_nis-2.19.so
7fbb3c9b2000-7fbb3c9c9000 r-xp 00000000 08:01 655624                     /lib/x86_64-linux-gnu/libnsl-2.19.so
7fbb3c9c9000-7fbb3cbc8000 ---p 00017000 08:01 655624                     /lib/x86_64-linux-gnu/libnsl-2.19.so
7fbb3cbc8000-7fbb3cbc9000 r--p 00016000 08:01 655624                     /lib/x86_64-linux-gnu/libnsl-2.19.so
7fbb3cbc9000-7fbb3cbca000 rw-p 00017000 08:01 655624                     /lib/x86_64-linux-gnu/libnsl-2.19.so
7fbb3cbca000-7fbb3cbcc000 rw-p 00000000 00:00 0 
7fbb3cbcc000-7fbb3cbd5000 r-xp 00000000 08:01 655622                     /lib/x86_64-linux-gnu/libnss_compat-2.19.so
7fbb3cbd5000-7fbb3cdd4000 ---p 00009000 08:01 655622                     /lib/x86_64-linux-gnu/libnss_compat-2.19.so
7fbb3cdd4000-7fbb3cdd5000 r--p 00008000 08:01 655622                     /lib/x86_64-linux-gnu/libnss_compat-2.19.so
7fbb3cdd5000-7fbb3cdd6000 rw-p 00009000 08:01 655622                     /lib/x86_64-linux-gnu/libnss_compat-2.19.so
7fbb3cdd6000-7fbb3ce00000 r-xp 00000000 08:01 8798308                    /usr/lib/jvm/jdk1.8.0_45/jre/lib/amd64/libjava.so
7fbb3ce00000-7fbb3d000000 ---p 0002a000 08:01 8798308                    /usr/lib/jvm/jdk1.8.0_45/jre/lib/amd64/libjava.so
7fbb3d000000-7fbb3d002000 rw-p 0002a000 08:01 8798308                    /usr/lib/jvm/jdk1.8.0_45/jre/lib/amd64/libjava.so
7fbb3d002000-7fbb3d00f000 r-xp 00000000 08:01 8798348                    /usr/lib/jvm/jdk1.8.0_45/jre/lib/amd64/libverify.so
7fbb3d00f000-7fbb3d20f000 ---p 0000d000 08:01 8798348                    /usr/lib/jvm/jdk1.8.0_45/jre/lib/amd64/libverify.so
7fbb3d20f000-7fbb3d211000 rw-p 0000d000 08:01 8798348                    /usr/lib/jvm/jdk1.8.0_45/jre/lib/amd64/libverify.so
7fbb3d211000-7fbb3d218000 r-xp 00000000 08:01 655640                     /lib/x86_64-linux-gnu/librt-2.19.so
7fbb3d218000-7fbb3d417000 ---p 00007000 08:01 655640                     /lib/x86_64-linux-gnu/librt-2.19.so
7fbb3d417000-7fbb3d418000 r--p 00006000 08:01 655640                     /lib/x86_64-linux-gnu/librt-2.19.so
7fbb3d418000-7fbb3d419000 rw-p 00007000 08:01 655640                     /lib/x86_64-linux-gnu/librt-2.19.so
7fbb3d419000-7fbb3d51e000 r-xp 00000000 08:01 655604                     /lib/x86_64-linux-gnu/libm-2.19.so
7fbb3d51e000-7fbb3d71d000 ---p 00105000 08:01 655604                     /lib/x86_64-linux-gnu/libm-2.19.so
7fbb3d71d000-7fbb3d71e000 r--p 00104000 08:01 655604                     /lib/x86_64-linux-gnu/libm-2.19.so
7fbb3d71e000-7fbb3d71f000 rw-p 00105000 08:01 655604                     /lib/x86_64-linux-gnu/libm-2.19.so
7fbb3d71f000-7fbb3e3cd000 r-xp 00000000 08:01 9053950                    /usr/lib/jvm/jdk1.8.0_45/jre/lib/amd64/server/libjvm.so
7fbb3e3cd000-7fbb3e5cc000 ---p 00cae000 08:01 9053950                    /usr/lib/jvm/jdk1.8.0_45/jre/lib/amd64/server/libjvm.so
7fbb3e5cc000-7fbb3e6a3000 rw-p 00cad000 08:01 9053950                    /usr/lib/jvm/jdk1.8.0_45/jre/lib/amd64/server/libjvm.so
7fbb3e6a3000-7fbb3e6e7000 rw-p 00000000 00:00 0 
7fbb3e6e7000-7fbb3e8a2000 r-xp 00000000 08:01 655634                     /lib/x86_64-linux-gnu/libc-2.19.so
7fbb3e8a2000-7fbb3eaa1000 ---p 001bb000 08:01 655634                     /lib/x86_64-linux-gnu/libc-2.19.so
7fbb3eaa1000-7fbb3eaa5000 r--p 001ba000 08:01 655634                     /lib/x86_64-linux-gnu/libc-2.19.so
7fbb3eaa5000-7fbb3eaa7000 rw-p 001be000 08:01 655634                     /lib/x86_64-linux-gnu/libc-2.19.so
7fbb3eaa7000-7fbb3eaac000 rw-p 00000000 00:00 0 
7fbb3eaac000-7fbb3eaaf000 r-xp 00000000 08:01 655612                     /lib/x86_64-linux-gnu/libdl-2.19.so
7fbb3eaaf000-7fbb3ecae000 ---p 00003000 08:01 655612                     /lib/x86_64-linux-gnu/libdl-2.19.so
7fbb3ecae000-7fbb3ecaf000 r--p 00002000 08:01 655612                     /lib/x86_64-linux-gnu/libdl-2.19.so
7fbb3ecaf000-7fbb3ecb0000 rw-p 00003000 08:01 655612                     /lib/x86_64-linux-gnu/libdl-2.19.so
7fbb3ecb0000-7fbb3ecc5000 r-xp 00000000 08:01 9568899                    /usr/lib/jvm/jdk1.8.0_45/lib/amd64/jli/libjli.so
7fbb3ecc5000-7fbb3eec5000 ---p 00015000 08:01 9568899                    /usr/lib/jvm/jdk1.8.0_45/lib/amd64/jli/libjli.so
7fbb3eec5000-7fbb3eec6000 rw-p 00015000 08:01 9568899                    /usr/lib/jvm/jdk1.8.0_45/lib/amd64/jli/libjli.so
7fbb3eec6000-7fbb3eedf000 r-xp 00000000 08:01 655636                     /lib/x86_64-linux-gnu/libpthread-2.19.so
7fbb3eedf000-7fbb3f0de000 ---p 00019000 08:01 655636                     /lib/x86_64-linux-gnu/libpthread-2.19.so
7fbb3f0de000-7fbb3f0df000 r--p 00018000 08:01 655636                     /lib/x86_64-linux-gnu/libpthread-2.19.so
7fbb3f0df000-7fbb3f0e0000 rw-p 00019000 08:01 655636                     /lib/x86_64-linux-gnu/libpthread-2.19.so
7fbb3f0e0000-7fbb3f0e4000 rw-p 00000000 00:00 0 
7fbb3f0e4000-7fbb3f107000 r-xp 00000000 08:01 655628                     /lib/x86_64-linux-gnu/ld-2.19.so
7fbb3f107000-7fbb3f10c000 r--s 00094000 08:01 8528452                    /usr/lib/jvm/jdk1.8.0_45/jre/lib/jsse.jar
7fbb3f10c000-7fbb3f1d1000 rw-p 00000000 00:00 0 
7fbb3f1d1000-7fbb3f1d4000 ---p 00000000 00:00 0 
7fbb3f1d4000-7fbb3f2d7000 rw-p 00000000 00:00 0                          [stack:30572]
7fbb3f2d7000-7fbb3f2e6000 r--s 000df000 08:01 2128413                    /home/santiago/Android/Sdk/build-tools/23.0.2/lib/dx.jar
7fbb3f2e6000-7fbb3f2fa000 rw-p 00000000 00:00 0 
7fbb3f2fa000-7fbb3f302000 rw-s 00000000 00:16 3460968                    /tmp/hsperfdata_santiago/30567
7fbb3f302000-7fbb3f303000 rw-p 00000000 00:00 0 
7fbb3f303000-7fbb3f304000 ---p 00000000 00:00 0 
7fbb3f304000-7fbb3f306000 rw-p 00000000 00:00 0 
7fbb3f306000-7fbb3f307000 r--p 00022000 08:01 655628                     /lib/x86_64-linux-gnu/ld-2.19.so
7fbb3f307000-7fbb3f308000 rw-p 00023000 08:01 655628                     /lib/x86_64-linux-gnu/ld-2.19.so
7fbb3f308000-7fbb3f309000 rw-p 00000000 00:00 0 
7ffeb5d1e000-7ffeb5d41000 rw-p 00000000 00:00 0                          [stack]
7ffeb5d65000-7ffeb5d67000 r--p 00000000 00:00 0                          [vvar]
7ffeb5d67000-7ffeb5d69000 r-xp 00000000 00:00 0                          [vdso]
ffffffffff600000-ffffffffff601000 r-xp 00000000 00:00 0                  [vsyscall]

VM Arguments:
jvm_args: -Djava.awt.headless=true -Xmx1024M -Dfile.encoding=UTF-8 -Duser.country=ES -Duser.language=es -Duser.variant 
java_command: com.android.dx.command.Main --dex --num-threads=4 --output /home/santiago/Escritorio/LazarilloApp/app/build/intermediates/transforms/dex/debug/folders/1000/1f/main /home/santiago/Escritorio/LazarilloApp/app/build/intermediates/pre-dexed/debug/internal_impl-23.1.1_ed74de56b47891969ea6eb3251aa736eab2e48c2.jar /home/santiago/Escritorio/LazarilloApp/app/build/intermediates/pre-dexed/debug/support-annotations-23.1.1_b88b5e1bc4b2f546531133ef8260902694f6461a.jar /home/santiago/Escritorio/LazarilloApp/app/build/intermediates/pre-dexed/debug/com.google.android.gms-play-services-panorama-8.4.0_8ba0ab638f036c638a3eccf5b2cddf3a64cb04a2.jar /home/santiago/Escritorio/LazarilloApp/app/build/intermediates/pre-dexed/debug/internal_impl-23.0.0_3f30b6df91fa0e449dcb29f4cef99841a05d4380.jar /home/santiago/Escritorio/LazarilloApp/app/build/intermediates/pre-dexed/debug/com.google.android.gms-play-services-safetynet-8.4.0_638ac8d940fdbe640b1f3feddfe50e1be19aca9c.jar /home/santiago/Escritorio/LazarilloApp/app/build/intermediates/pre-dexed/debug/com.github.jd-alexander-library-1.0.8_39e914a773dfb54bc64e99a09dcb407c949fe13a.jar /home/santiago/Escritorio/LazarilloApp/app/build/intermediates/pre-dexed/debug/com.google.android.gms-play-services-identity-8.4.0_5cf4a287caa5c1729ca276247c87804255b35dca.jar /home/santiago/Escritorio/LazarilloApp/app/build/intermediates/pre-dexed/debug/com.android.support-support-v13-23.1.1_b81382d9d028c99f9c2a6a1519586ba95956105c.jar /home/santiago/Escritorio/LazarilloApp/app/build/intermediates/pre-dexed/debug/com.android.support-cardview-v7-23.1.1_933c4acd942f7912b41412d22c8c04a50750aea6.jar /home/santiago/Escritorio/LazarilloApp/app/build/intermediates/pre-dexed/debug/com.google.android.gms-play-services-appinvite-8.4.0_18de0fdb0d47c879e6e42f2dd410e52ed8a098d3.jar /home/santiago/Escritorio/LazarilloApp/app/build/intermediates/pre-dexed/debug/com.google.android.gms-play-services-appindexing-8.4.0_b0be917d7439a59d43a5ef47cd257f254b8bfcdd.jar /home/
java_class_path (initial): /home/santiago/Android/Sdk/build-tools/23.0.2/lib/dx.jar
Launcher Type: SUN_STANDARD

Environment Variables:
JAVA_HOME=/usr/lib/jvm/java-8-oracle
PATH=/usr/local/sbin:/usr/local/bin:/usr/sbin:/usr/bin:/sbin:/bin:/usr/games:/usr/local/games:/usr/lib/jvm/java-8-oracle/bin:/usr/lib/jvm/java-8-oracle/db/bin:/usr/lib/jvm/java-8-oracle/jre/bin
LD_LIBRARY_PATH=/home/santiago/android-studio/bin:
SHELL=/bin/bash
DISPLAY=:0

Signal Handlers:
SIGSEGV: [libjvm.so+0xaad1e0], sa_mask[0]=11111111011111111101111111111110, sa_flags=SA_RESTART|SA_SIGINFO
SIGBUS: [libjvm.so+0xaad1e0], sa_mask[0]=11111111011111111101111111111110, sa_flags=SA_RESTART|SA_SIGINFO
SIGFPE: [libjvm.so+0x90b450], sa_mask[0]=11111111011111111101111111111110, sa_flags=SA_RESTART|SA_SIGINFO
SIGPIPE: [libjvm.so+0x90b450], sa_mask[0]=11111111011111111101111111111110, sa_flags=SA_RESTART|SA_SIGINFO
SIGXFSZ: [libjvm.so+0x90b450], sa_mask[0]=11111111011111111101111111111110, sa_flags=SA_RESTART|SA_SIGINFO
SIGILL: [libjvm.so+0x90b450], sa_mask[0]=11111111011111111101111111111110, sa_flags=SA_RESTART|SA_SIGINFO
SIGUSR1: SIG_DFL, sa_mask[0]=00000000000000000000000000000000, sa_flags=none
SIGUSR2: [libjvm.so+0x90ca90], sa_mask[0]=00100000000000000000000000000000, sa_flags=SA_RESTART|SA_SIGINFO
SIGHUP: [libjvm.so+0x90dde0], sa_mask[0]=11111111011111111101111111111110, sa_flags=SA_RESTART|SA_SIGINFO
SIGINT: [libjvm.so+0x90dde0], sa_mask[0]=11111111011111111101111111111110, sa_flags=SA_RESTART|SA_SIGINFO
SIGTERM: [libjvm.so+0x90dde0], sa_mask[0]=11111111011111111101111111111110, sa_flags=SA_RESTART|SA_SIGINFO
SIGQUIT: [libjvm.so+0x90dde0], sa_mask[0]=11111111011111111101111111111110, sa_flags=SA_RESTART|SA_SIGINFO


---------------  S Y S T E M  ---------------

OS:DISTRIB_ID=Ubuntu
DISTRIB_RELEASE=14.04
DISTRIB_CODENAME=trusty
DISTRIB_DESCRIPTION="Ubuntu 14.04.3 LTS"

uname:Linux 4.1.15-040115-generic #201512150136 SMP Tue Dec 15 06:38:38 UTC 2015 x86_64
libc:glibc 2.19 NPTL 2.19 
rlimit: STACK 8192k, CORE 0k, NPROC 31651, NOFILE 4096, AS infinity
load average:2,37 1,82 1,59

/proc/meminfo:
MemTotal:        8123068 kB
MemFree:           55276 kB
MemAvailable:     105084 kB
Buffers:            1624 kB
Cached:          1408868 kB
SwapCached:            0 kB
Active:          6615652 kB
Inactive:         934972 kB
Active(anon):    6596400 kB
Inactive(anon):   915968 kB
Active(file):      19252 kB
Inactive(file):    19004 kB
Unevictable:         348 kB
Mlocked:             348 kB
SwapTotal:             0 kB
SwapFree:              0 kB
Dirty:               232 kB
Writeback:           296 kB
AnonPages:       6140964 kB
Mapped:           328688 kB
Shmem:           1371664 kB
Slab:             132016 kB
SReclaimable:      53984 kB
SUnreclaim:        78032 kB
KernelStack:       12176 kB
PageTables:        43876 kB
NFS_Unstable:          0 kB
Bounce:                0 kB
WritebackTmp:          0 kB
CommitLimit:     4061532 kB
Committed_AS:   11052144 kB
VmallocTotal:   34359738367 kB
VmallocUsed:      137568 kB
VmallocChunk:   34359537660 kB
HardwareCorrupted:     0 kB
AnonHugePages:   2377728 kB
CmaTotal:              0 kB
CmaFree:               0 kB
HugePages_Total:       0
HugePages_Free:        0
HugePages_Rsvd:        0
HugePages_Surp:        0
Hugepagesize:       2048 kB
DirectMap4k:     4078748 kB
DirectMap2M:     4257792 kB
DirectMap1G:     1048576 kB


CPU:total 8 (4 cores per cpu, 2 threads per core) family 6 model 60 stepping 3, cmov, cx8, fxsr, mmx, sse, sse2, sse3, ssse3, sse4.1, sse4.2, popcnt, avx, avx2, aes, clmul, erms, lzcnt, ht, tsc, tscinvbit, bmi1, bmi2

/proc/cpuinfo:
processor	: 0
vendor_id	: GenuineIntel
cpu family	: 6
model		: 60
model name	: Intel(R) Core(TM) i7-4770K CPU @ 3.50GHz
stepping	: 3
microcode	: 0x1c
cpu MHz		: 3699.882
cache size	: 8192 KB
physical id	: 0
siblings	: 8
core id		: 0
cpu cores	: 4
apicid		: 0
initial apicid	: 0
fpu		: yes
fpu_exception	: yes
cpuid level	: 13
wp		: yes
flags		: fpu vme de pse tsc msr pae mce cx8 apic sep mtrr pge mca cmov pat pse36 clflush dts acpi mmx fxsr sse sse2 ss ht tm pbe syscall nx pdpe1gb rdtscp lm constant_tsc arch_perfmon pebs bts rep_good nopl xtopology nonstop_tsc aperfmperf eagerfpu pni pclmulqdq dtes64 monitor ds_cpl vmx est tm2 ssse3 fma cx16 xtpr pdcm pcid sse4_1 sse4_2 movbe popcnt tsc_deadline_timer aes xsave avx f16c rdrand lahf_lm abm ida arat pln pts dtherm tpr_shadow vnmi flexpriority ept vpid fsgsbase tsc_adjust bmi1 avx2 smep bmi2 erms invpcid xsaveopt
bugs		:
bogomips	: 6999.52
clflush size	: 64
cache_alignment	: 64
address sizes	: 39 bits physical, 48 bits virtual
power management:

processor	: 1
vendor_id	: GenuineIntel
cpu family	: 6
model		: 60
model name	: Intel(R) Core(TM) i7-4770K CPU @ 3.50GHz
stepping	: 3
microcode	: 0x1c
cpu MHz		: 3710.546
cache size	: 8192 KB
physical id	: 0
siblings	: 8
core id		: 1
cpu cores	: 4
apicid		: 2
initial apicid	: 2
fpu		: yes
fpu_exception	: yes
cpuid level	: 13
wp		: yes
flags		: fpu vme de pse tsc msr pae mce cx8 apic sep mtrr pge mca cmov pat pse36 clflush dts acpi mmx fxsr sse sse2 ss ht tm pbe syscall nx pdpe1gb rdtscp lm constant_tsc arch_perfmon pebs bts rep_good nopl xtopology nonstop_tsc aperfmperf eagerfpu pni pclmulqdq dtes64 monitor ds_cpl vmx est tm2 ssse3 fma cx16 xtpr pdcm pcid sse4_1 sse4_2 movbe popcnt tsc_deadline_timer aes xsave avx f16c rdrand lahf_lm abm ida arat pln pts dtherm tpr_shadow vnmi flexpriority ept vpid fsgsbase tsc_adjust bmi1 avx2 smep bmi2 erms invpcid xsaveopt
bugs		:
bogomips	: 6999.52
clflush size	: 64
cache_alignment	: 64
address sizes	: 39 bits physical, 48 bits virtual
power management:

processor	: 2
vendor_id	: GenuineIntel
cpu family	: 6
model		: 60
model name	: Intel(R) Core(TM) i7-4770K CPU @ 3.50GHz
stepping	: 3
microcode	: 0x1c
cpu MHz		: 3753.886
cache size	: 8192 KB
physical id	: 0
siblings	: 8
core id		: 2
cpu cores	: 4
apicid		: 4
initial apicid	: 4
fpu		: yes
fpu_exception	: yes
cpuid level	: 13
wp		: yes
flags		: fpu vme de pse tsc msr pae mce cx8 apic sep mtrr pge mca cmov pat pse36 clflush dts acpi mmx fxsr sse sse2 ss ht tm pbe syscall nx pdpe1gb rdtscp lm constant_tsc arch_perfmon pebs bts rep_good nopl xtopology nonstop_tsc aperfmperf eagerfpu pni pclmulqdq dtes64 monitor ds_cpl vmx est tm2 ssse3 fma cx16 xtpr pdcm pcid sse4_1 sse4_2 movbe popcnt tsc_deadline_timer aes xsave avx f16c rdrand lahf_lm abm ida arat pln pts dtherm tpr_shadow vnmi flexpriority ept vpid fsgsbase tsc_adjust bmi1 avx2 smep bmi2 erms invpcid xsaveopt
bugs		:
bogomips	: 6999.52
clflush size	: 64
cache_alignment	: 64
address sizes	: 39 bits physical, 48 bits virtual
power management:

processor	: 3
vendor_id	: GenuineIntel
cpu family	: 6
model		: 60
model name	: Intel(R) Core(TM) i7-4770K CPU @ 3.50GHz
stepping	: 3
microcode	: 0x1c
cpu MHz		: 3701.386
cache size	: 8192 KB
physical id	: 0
siblings	: 8
core id		: 3
cpu cores	: 4
apicid		: 6
initial apicid	: 6
fpu		: yes
fpu_exception	: yes
cpuid level	: 13
wp		: yes
flags		: fpu vme de pse tsc msr pae mce cx8 apic sep mtrr pge mca cmov pat pse36 clflush dts acpi mmx fxsr sse sse2 ss ht tm pbe syscall nx pdpe1gb rdtscp lm constant_tsc arch_perfmon pebs bts rep_good nopl xtopology nonstop_tsc aperfmperf eagerfpu pni pclmulqdq dtes64 monitor ds_cpl vmx est tm2 ssse3 fma cx16 xtpr pdcm pcid sse4_1 sse4_2 movbe popcnt tsc_deadline_timer aes xsave avx f16c rdrand lahf_lm abm ida arat pln pts dtherm tpr_shadow vnmi flexpriority ept vpid fsgsbase tsc_adjust bmi1 avx2 smep bmi2 erms invpcid xsaveopt
bugs		:
bogomips	: 6999.52
clflush size	: 64
cache_alignment	: 64
address sizes	: 39 bits physical, 48 bits virtual
power management:

processor	: 4
vendor_id	: GenuineIntel
cpu family	: 6
model		: 60
model name	: Intel(R) Core(TM) i7-4770K CPU @ 3.50GHz
stepping	: 3
microcode	: 0x1c
cpu MHz		: 3757.578
cache size	: 8192 KB
physical id	: 0
siblings	: 8
core id		: 0
cpu cores	: 4
apicid		: 1
initial apicid	: 1
fpu		: yes
fpu_exception	: yes
cpuid level	: 13
wp		: yes
flags		: fpu vme de pse tsc msr pae mce cx8 apic sep mtrr pge mca cmov pat pse36 clflush dts acpi mmx fxsr sse sse2 ss ht tm pbe syscall nx pdpe1gb rdtscp lm constant_tsc arch_perfmon pebs bts rep_good nopl xtopology nonstop_tsc aperfmperf eagerfpu pni pclmulqdq dtes64 monitor ds_cpl vmx est tm2 ssse3 fma cx16 xtpr pdcm pcid sse4_1 sse4_2 movbe popcnt tsc_deadline_timer aes xsave avx f16c rdrand lahf_lm abm ida arat pln pts dtherm tpr_shadow vnmi flexpriority ept vpid fsgsbase tsc_adjust bmi1 avx2 smep bmi2 erms invpcid xsaveopt
bugs		:
bogomips	: 6999.52
clflush size	: 64
cache_alignment	: 64
address sizes	: 39 bits physical, 48 bits virtual
power management:

processor	: 5
vendor_id	: GenuineIntel
cpu family	: 6
model		: 60
model name	: Intel(R) Core(TM) i7-4770K CPU @ 3.50GHz
stepping	: 3
microcode	: 0x1c
cpu MHz		: 3719.433
cache size	: 8192 KB
physical id	: 0
siblings	: 8
core id		: 1
cpu cores	: 4
apicid		: 3
initial apicid	: 3
fpu		: yes
fpu_exception	: yes
cpuid level	: 13
wp		: yes
flags		: fpu vme de pse tsc msr pae mce cx8 apic sep mtrr pge mca cmov pat pse36 clflush dts acpi mmx fxsr sse sse2 ss ht tm pbe syscall nx pdpe1gb rdtscp lm constant_tsc arch_perfmon pebs bts rep_good nopl xtopology nonstop_tsc aperfmperf eagerfpu pni pclmulqdq dtes64 monitor ds_cpl vmx est tm2 ssse3 fma cx16 xtpr pdcm pcid sse4_1 sse4_2 movbe popcnt tsc_deadline_timer aes xsave avx f16c rdrand lahf_lm abm ida arat pln pts dtherm tpr_shadow vnmi flexpriority ept vpid fsgsbase tsc_adjust bmi1 avx2 smep bmi2 erms invpcid xsaveopt
bugs		:
bogomips	: 6999.52
clflush size	: 64
cache_alignment	: 64
address sizes	: 39 bits physical, 48 bits virtual
power management:

processor	: 6
vendor_id	: GenuineIntel
cpu family	: 6
model		: 60
model name	: Intel(R) Core(TM) i7-4770K CPU @ 3.50GHz
stepping	: 3
microcode	: 0x1c
cpu MHz		: 3783.281
cache size	: 8192 KB
physical id	: 0
siblings	: 8
core id		: 2
cpu cores	: 4
apicid		: 5
initial apicid	: 5
fpu		: yes
fpu_exception	: yes
cpuid level	: 13
wp		: yes
flags		: fpu vme de pse tsc msr pae mce cx8 apic sep mtrr pge mca cmov pat pse36 clflush dts acpi mmx fxsr sse sse2 ss ht tm pbe syscall nx pdpe1gb rdtscp lm constant_tsc arch_perfmon pebs bts rep_good nopl xtopology nonstop_tsc aperfmperf eagerfpu pni pclmulqdq dtes64 monitor ds_cpl vmx est tm2 ssse3 fma cx16 xtpr pdcm pcid sse4_1 sse4_2 movbe popcnt tsc_deadline_timer aes xsave avx f16c rdrand lahf_lm abm ida arat pln pts dtherm tpr_shadow vnmi flexpriority ept vpid fsgsbase tsc_adjust bmi1 avx2 smep bmi2 erms invpcid xsaveopt
bugs		:
bogomips	: 6999.52
clflush size	: 64
cache_alignment	: 64
address sizes	: 39 bits physical, 48 bits virtual
power management:

processor	: 7
vendor_id	: GenuineIntel
cpu family	: 6
model		: 60
model name	: Intel(R) Core(TM) i7-4770K CPU @ 3.50GHz
stepping	: 3
microcode	: 0x1c
cpu MHz		: 3699.882
cache size	: 8192 KB
physical id	: 0
siblings	: 8
core id		: 3
cpu cores	: 4
apicid		: 7
initial apicid	: 7
fpu		: yes
fpu_exception	: yes
cpuid level	: 13
wp		: yes
flags		: fpu vme de pse tsc msr pae mce cx8 apic sep mtrr pge mca cmov pat pse36 clflush dts acpi mmx fxsr sse sse2 ss ht tm pbe syscall nx pdpe1gb rdtscp lm constant_tsc arch_perfmon pebs bts rep_good nopl xtopology nonstop_tsc aperfmperf eagerfpu pni pclmulqdq dtes64 monitor ds_cpl vmx est tm2 ssse3 fma cx16 xtpr pdcm pcid sse4_1 sse4_2 movbe popcnt tsc_deadline_timer aes xsave avx f16c rdrand lahf_lm abm ida arat pln pts dtherm tpr_shadow vnmi flexpriority ept vpid fsgsbase tsc_adjust bmi1 avx2 smep bmi2 erms invpcid xsaveopt
bugs		:
bogomips	: 6999.52
clflush size	: 64
cache_alignment	: 64
address sizes	: 39 bits physical, 48 bits virtual
power management:



Memory: 4k page, physical 8123068k(55588k free), swap 0k(0k free)

vm_info: Java HotSpot(TM) 64-Bit Server VM (25.45-b02) for linux-amd64 JRE (1.8.0_45-b14), built on Apr 10 2015 10:07:45 by "java_re" with gcc 4.3.0 20080428 (Red Hat 4.3.0-8)

time: Sun Jan 17 20:57:52 2016
elapsed time: 1 seconds (0d 0h 0m 1s)

