#
# There is insufficient memory for the Java Runtime Environment to continue.
# Native memory allocation (mmap) failed to map 184549376 bytes for committing reserved memory.
# Possible reasons:
#   The system is out of physical RAM or swap space
#   In 32 bit mode, the process size limit was hit
# Possible solutions:
#   Reduce memory load on the system
#   Increase physical memory or swap space
#   Check if swap backing store is full
#   Use 64 bit Java on a 64 bit OS
#   Decrease Java heap size (-Xmx/-Xms)
#   Decrease number of Java threads
#   Decrease Java thread stack sizes (-Xss)
#   Set larger code cache with -XX:ReservedCodeCacheSize=
# This output file may be truncated or incomplete.
#
#  Out of Memory Error (os_linux.cpp:2673), pid=29882, tid=139832723633920
#
# JRE version: Java(TM) SE Runtime Environment (8.0_45-b14) (build 1.8.0_45-b14)
# Java VM: Java HotSpot(TM) 64-Bit Server VM (25.45-b02 mixed mode linux-amd64 compressed oops)
# Failed to write core dump. Core dumps have been disabled. To enable core dumping, try "ulimit -c unlimited" before starting Java again
#

---------------  T H R E A D  ---------------

Current thread (0x00007f2d8c083000):  VMThread [stack: 0x00007f2d57c1f000,0x00007f2d57d20000] [id=29896]

Stack: [0x00007f2d57c1f000,0x00007f2d57d20000],  sp=0x00007f2d57d1e1e0,  free space=1020k
Native frames: (J=compiled Java code, j=interpreted, Vv=VM code, C=native code)
V  [libjvm.so+0xaac99a]  VMError::report_and_die()+0x2ba
V  [libjvm.so+0x4f333b]  report_vm_out_of_memory(char const*, int, unsigned long, VMErrorType, char const*)+0x8b
V  [libjvm.so+0x90e7c3]  os::Linux::commit_memory_impl(char*, unsigned long, bool)+0x103
V  [libjvm.so+0x90ed19]  os::pd_commit_memory(char*, unsigned long, unsigned long, bool)+0x29
V  [libjvm.so+0x90867a]  os::commit_memory(char*, unsigned long, unsigned long, bool)+0x2a
V  [libjvm.so+0x97bac3]  PSVirtualSpace::expand_by(unsigned long)+0x53
V  [libjvm.so+0x97cec8]  PSYoungGen::resize_generation(unsigned long, unsigned long)+0xf8
V  [libjvm.so+0x97c022]  PSYoungGen::resize(unsigned long, unsigned long)+0x22
V  [libjvm.so+0x9792fb]  PSScavenge::invoke_no_policy()+0xf7b
V  [libjvm.so+0x979a81]  PSScavenge::invoke()+0x41
V  [libjvm.so+0x932050]  ParallelScavengeHeap::failed_mem_allocate(unsigned long)+0x70
V  [libjvm.so+0xaae1d7]  VM_ParallelGCFailedAllocation::doit()+0x97
V  [libjvm.so+0xab59c5]  VM_Operation::evaluate()+0x55
V  [libjvm.so+0xab3d9a]  VMThread::evaluate_operation(VM_Operation*)+0xba
V  [libjvm.so+0xab411e]  VMThread::loop()+0x1ce
V  [libjvm.so+0xab4590]  VMThread::run()+0x70
V  [libjvm.so+0x910de8]  java_start(Thread*)+0x108

VM_Operation (0x00007f2d93446100): ParallelGCFailedAllocation, mode: safepoint, requested by thread 0x00007f2d8c00d000


---------------  P R O C E S S  ---------------

Java Threads: ( => current thread )
  0x00007f2d8c0d7800 JavaThread "Service Thread" daemon [_thread_blocked, id=29904, stack(0x00007f2d56d35000,0x00007f2d56e36000)]
  0x00007f2d8c0ca800 JavaThread "C1 CompilerThread3" daemon [_thread_blocked, id=29903, stack(0x00007f2d56e36000,0x00007f2d56f37000)]
  0x00007f2d8c0c8800 JavaThread "C2 CompilerThread2" daemon [_thread_blocked, id=29902, stack(0x00007f2d56f37000,0x00007f2d57038000)]
  0x00007f2d8c0c6800 JavaThread "C2 CompilerThread1" daemon [_thread_blocked, id=29901, stack(0x00007f2d57038000,0x00007f2d57139000)]
  0x00007f2d8c0c3800 JavaThread "C2 CompilerThread0" daemon [_thread_blocked, id=29900, stack(0x00007f2d57139000,0x00007f2d5723a000)]
  0x00007f2d8c0c2800 JavaThread "Signal Dispatcher" daemon [_thread_blocked, id=29899, stack(0x00007f2d5723a000,0x00007f2d5733b000)]
  0x00007f2d8c08a000 JavaThread "Finalizer" daemon [_thread_blocked, id=29898, stack(0x00007f2d57a1d000,0x00007f2d57b1e000)]
  0x00007f2d8c088000 JavaThread "Reference Handler" daemon [_thread_blocked, id=29897, stack(0x00007f2d57b1e000,0x00007f2d57c1f000)]
  0x00007f2d8c00d000 JavaThread "main" [_thread_blocked, id=29887, stack(0x00007f2d93347000,0x00007f2d93448000)]

Other Threads:
=>0x00007f2d8c083000 VMThread [stack: 0x00007f2d57c1f000,0x00007f2d57d20000] [id=29896]
  0x00007f2d8c0da000 WatcherThread [stack: 0x00007f2d56c34000,0x00007f2d56d35000] [id=29905]

VM state:at safepoint (normal execution)

VM Mutex/Monitor currently owned by a thread:  ([mutex/lock_event])
[0x00007f2d8c009280] Threads_lock - owner thread: 0x00007f2d8c083000
[0x00007f2d8c009780] Heap_lock - owner thread: 0x00007f2d8c00d000

Heap:
 PSYoungGen      total 132096K, used 5097K [0x00000000eab00000, 0x00000000f3100000, 0x0000000100000000)
  eden space 126976K, 0% used [0x00000000eab00000,0x00000000eab00000,0x00000000f2700000)
  from space 5120K, 99% used [0x00000000f2700000,0x00000000f2bfa7b8,0x00000000f2c00000)
  to   space 5120K, 0% used [0x00000000f2c00000,0x00000000f2c00000,0x00000000f3100000)
 ParOldGen       total 84992K, used 49369K [0x00000000c0000000, 0x00000000c5300000, 0x00000000eab00000)
  object space 84992K, 58% used [0x00000000c0000000,0x00000000c3036428,0x00000000c5300000)
 Metaspace       used 4731K, capacity 5428K, committed 5632K, reserved 1056768K
  class space    used 490K, capacity 492K, committed 512K, reserved 1048576K

Card table byte_map: [0x00007f2d7cdff000,0x00007f2d7d000000] byte_map_base: 0x00007f2d7c7ff000

Marking Bits: (ParMarkBitMap*) 0x00007f2d92832760
 Begin Bits: [0x00007f2d5a000000, 0x00007f2d5b000000)
 End Bits:   [0x00007f2d5b000000, 0x00007f2d5c000000)

Polling page: 0x00007f2d93479000

CodeCache: size=245760Kb used=4311Kb max_used=4329Kb free=241448Kb
 bounds [0x00007f2d7d000000, 0x00007f2d7d450000, 0x00007f2d8c000000]
 total_blobs=1478 nmethods=1204 adapters=188
 compilation: enabled

Compilation events (10 events):
Event: 1,324 Thread 0x00007f2d8c0c3800 nmethod 1238 0x00007f2d7d427190 code [0x00007f2d7d4272e0, 0x00007f2d7d427378]
Event: 1,324 Thread 0x00007f2d8c0c3800 1236       4       com.android.dx.io.instructions.InstructionCodec$15::decode (54 bytes)
Event: 1,325 Thread 0x00007f2d8c0c6800 nmethod 1237 0x00007f2d7d42a150 code [0x00007f2d7d42a2c0, 0x00007f2d7d42a538]
Event: 1,325 Thread 0x00007f2d8c0c6800 1183       4       java.util.TreeMap::compare (32 bytes)
Event: 1,326 Thread 0x00007f2d8c0c3800 nmethod 1236 0x00007f2d7d429b90 code [0x00007f2d7d429d00, 0x00007f2d7d429f38]
Event: 1,326 Thread 0x00007f2d8c0c3800 1231       4       com.android.dx.merge.DexMerger::transformClassDef (160 bytes)
Event: 1,326 Thread 0x00007f2d8c0c6800 nmethod 1183 0x00007f2d7d42d050 code [0x00007f2d7d42d1a0, 0x00007f2d7d42d2b8]
Event: 1,326 Thread 0x00007f2d8c0c6800 1235       4       com.android.dx.io.instructions.InstructionCodec$11::encode (22 bytes)
Event: 1,328 Thread 0x00007f2d8c0c6800 nmethod 1235 0x00007f2d7d42c9d0 code [0x00007f2d7d42cb40, 0x00007f2d7d42cd78]
Event: 1,328 Thread 0x00007f2d8c0c6800 1239       4       com.android.dex.Dex$Section::readClassData (66 bytes)

GC Heap History (9 events):
Event: 0,201 GC heap before
{Heap before GC invocations=1 (full 0):
 PSYoungGen      total 36864K, used 31646K [0x00000000eab00000, 0x00000000ed400000, 0x0000000100000000)
  eden space 31744K, 99% used [0x00000000eab00000,0x00000000ec9e7bb8,0x00000000eca00000)
  from space 5120K, 0% used [0x00000000ecf00000,0x00000000ecf00000,0x00000000ed400000)
  to   space 5120K, 0% used [0x00000000eca00000,0x00000000eca00000,0x00000000ecf00000)
 ParOldGen       total 84992K, used 0K [0x00000000c0000000, 0x00000000c5300000, 0x00000000eab00000)
  object space 84992K, 0% used [0x00000000c0000000,0x00000000c0000000,0x00000000c5300000)
 Metaspace       used 3516K, capacity 4720K, committed 4864K, reserved 1056768K
  class space    used 371K, capacity 424K, committed 512K, reserved 1048576K
Event: 0,207 GC heap after
Heap after GC invocations=1 (full 0):
 PSYoungGen      total 36864K, used 5103K [0x00000000eab00000, 0x00000000ef300000, 0x0000000100000000)
  eden space 31744K, 0% used [0x00000000eab00000,0x00000000eab00000,0x00000000eca00000)
  from space 5120K, 99% used [0x00000000eca00000,0x00000000ecefbd88,0x00000000ecf00000)
  to   space 5120K, 0% used [0x00000000eee00000,0x00000000eee00000,0x00000000ef300000)
 ParOldGen       total 84992K, used 3440K [0x00000000c0000000, 0x00000000c5300000, 0x00000000eab00000)
  object space 84992K, 4% used [0x00000000c0000000,0x00000000c035c3a0,0x00000000c5300000)
 Metaspace       used 3516K, capacity 4720K, committed 4864K, reserved 1056768K
  class space    used 371K, capacity 424K, committed 512K, reserved 1048576K
}
Event: 0,315 GC heap before
{Heap before GC invocations=2 (full 0):
 PSYoungGen      total 36864K, used 36847K [0x00000000eab00000, 0x00000000ef300000, 0x0000000100000000)
  eden space 31744K, 100% used [0x00000000eab00000,0x00000000eca00000,0x00000000eca00000)
  from space 5120K, 99% used [0x00000000eca00000,0x00000000ecefbd88,0x00000000ecf00000)
  to   space 5120K, 0% used [0x00000000eee00000,0x00000000eee00000,0x00000000ef300000)
 ParOldGen       total 84992K, used 3440K [0x00000000c0000000, 0x00000000c5300000, 0x00000000eab00000)
  object space 84992K, 4% used [0x00000000c0000000,0x00000000c035c3a0,0x00000000c5300000)
 Metaspace       used 3807K, capacity 4944K, committed 5120K, reserved 1056768K
  class space    used 402K, capacity 456K, committed 512K, reserved 1048576K
Event: 0,324 GC heap after
Heap after GC invocations=2 (full 0):
 PSYoungGen      total 68608K, used 5115K [0x00000000eab00000, 0x00000000ef300000, 0x0000000100000000)
  eden space 63488K, 0% used [0x00000000eab00000,0x00000000eab00000,0x00000000ee900000)
  from space 5120K, 99% used [0x00000000eee00000,0x00000000ef2fef28,0x00000000ef300000)
  to   space 5120K, 0% used [0x00000000ee900000,0x00000000ee900000,0x00000000eee00000)
 ParOldGen       total 84992K, used 32334K [0x00000000c0000000, 0x00000000c5300000, 0x00000000eab00000)
  object space 84992K, 38% used [0x00000000c0000000,0x00000000c1f93970,0x00000000c5300000)
 Metaspace       used 3807K, capacity 4944K, committed 5120K, reserved 1056768K
  class space    used 402K, capacity 456K, committed 512K, reserved 1048576K
}
Event: 0,760 GC heap before
{Heap before GC invocations=3 (full 0):
 PSYoungGen      total 68608K, used 68603K [0x00000000eab00000, 0x00000000ef300000, 0x0000000100000000)
  eden space 63488K, 100% used [0x00000000eab00000,0x00000000ee900000,0x00000000ee900000)
  from space 5120K, 99% used [0x00000000eee00000,0x00000000ef2fef28,0x00000000ef300000)
  to   space 5120K, 0% used [0x00000000ee900000,0x00000000ee900000,0x00000000eee00000)
 ParOldGen       total 84992K, used 32334K [0x00000000c0000000, 0x00000000c5300000, 0x00000000eab00000)
  object space 84992K, 38% used [0x00000000c0000000,0x00000000c1f93970,0x00000000c5300000)
 Metaspace       used 4381K, capacity 5424K, committed 5632K, reserved 1056768K
  class space    used 455K, capacity 488K, committed 512K, reserved 1048576K
Event: 0,777 GC heap after
Heap after GC invocations=3 (full 0):
 PSYoungGen      total 68608K, used 5112K [0x00000000eab00000, 0x00000000f3100000, 0x0000000100000000)
  eden space 63488K, 0% used [0x00000000eab00000,0x00000000eab00000,0x00000000ee900000)
  from space 5120K, 99% used [0x00000000ee900000,0x00000000eedfe058,0x00000000eee00000)
  to   space 5120K, 0% used [0x00000000f2c00000,0x00000000f2c00000,0x00000000f3100000)
 ParOldGen       total 84992K, used 36664K [0x00000000c0000000, 0x00000000c5300000, 0x00000000eab00000)
  object space 84992K, 43% used [0x00000000c0000000,0x00000000c23ce0d8,0x00000000c5300000)
 Metaspace       used 4381K, capacity 5424K, committed 5632K, reserved 1056768K
  class space    used 455K, capacity 488K, committed 512K, reserved 1048576K
}
Event: 0,889 GC heap before
{Heap before GC invocations=4 (full 0):
 PSYoungGen      total 68608K, used 68600K [0x00000000eab00000, 0x00000000f3100000, 0x0000000100000000)
  eden space 63488K, 100% used [0x00000000eab00000,0x00000000ee900000,0x00000000ee900000)
  from space 5120K, 99% used [0x00000000ee900000,0x00000000eedfe058,0x00000000eee00000)
  to   space 5120K, 0% used [0x00000000f2c00000,0x00000000f2c00000,0x00000000f3100000)
 ParOldGen       total 84992K, used 36664K [0x00000000c0000000, 0x00000000c5300000, 0x00000000eab00000)
  object space 84992K, 43% used [0x00000000c0000000,0x00000000c23ce0d8,0x00000000c5300000)
 Metaspace       used 4397K, capacity 5424K, committed 5632K, reserved 1056768K
  class space    used 456K, capacity 488K, committed 512K, reserved 1048576K
Event: 0,898 GC heap after
Heap after GC invocations=4 (full 0):
 PSYoungGen      total 132096K, used 5113K [0x00000000eab00000, 0x00000000f3100000, 0x0000000100000000)
  eden space 126976K, 0% used [0x00000000eab00000,0x00000000eab00000,0x00000000f2700000)
  from space 5120K, 99% used [0x00000000f2c00000,0x00000000f30fe5f0,0x00000000f3100000)
  to   space 5120K, 0% used [0x00000000f2700000,0x00000000f2700000,0x00000000f2c00000)
 ParOldGen       total 84992K, used 39518K [0x00000000c0000000, 0x00000000c5300000, 0x00000000eab00000)
  object space 84992K, 46% used [0x00000000c0000000,0x00000000c2697860,0x00000000c5300000)
 Metaspace       used 4397K, capacity 5424K, committed 5632K, reserved 1056768K
  class space    used 456K, capacity 488K, committed 512K, reserved 1048576K
}
Event: 1,331 GC heap before
{Heap before GC invocations=5 (full 0):
 PSYoungGen      total 132096K, used 132089K [0x00000000eab00000, 0x00000000f3100000, 0x0000000100000000)
  eden space 126976K, 100% used [0x00000000eab00000,0x00000000f2700000,0x00000000f2700000)
  from space 5120K, 99% used [0x00000000f2c00000,0x00000000f30fe5f0,0x00000000f3100000)
  to   space 5120K, 0% used [0x00000000f2700000,0x00000000f2700000,0x00000000f2c00000)
 ParOldGen       total 84992K, used 39518K [0x00000000c0000000, 0x00000000c5300000, 0x00000000eab00000)
  object space 84992K, 46% used [0x00000000c0000000,0x00000000c2697860,0x00000000c5300000)
 Metaspace       used 4731K, capacity 5428K, committed 5632K, reserved 1056768K
  class space    used 490K, capacity 492K, committed 512K, reserved 1048576K

Deoptimization events (10 events):
Event: 0,918 Thread 0x00007f2d8c00d000 Uncommon trap: reason=unstable_if action=reinterpret pc=0x00007f2d7d1650e8 method=java.lang.String.replace(CC)Ljava/lang/String; @ 2
Event: 0,920 Thread 0x00007f2d8c00d000 Uncommon trap: reason=unstable_if action=reinterpret pc=0x00007f2d7d14d848 method=java.lang.String.indexOf(II)I @ 49
Event: 0,921 Thread 0x00007f2d8c00d000 Uncommon trap: reason=speculate_class_check action=maybe_recompile pc=0x00007f2d7d345704 method=java.util.HashMap.putVal(ILjava/lang/Object;Ljava/lang/Object;ZZ)Ljava/lang/Object; @ 56
Event: 0,921 Thread 0x00007f2d8c00d000 Uncommon trap: reason=speculate_class_check action=maybe_recompile pc=0x00007f2d7d345704 method=java.util.HashMap.putVal(ILjava/lang/Object;Ljava/lang/Object;ZZ)Ljava/lang/Object; @ 56
Event: 0,921 Thread 0x00007f2d8c00d000 Uncommon trap: reason=speculate_class_check action=maybe_recompile pc=0x00007f2d7d345704 method=java.util.HashMap.putVal(ILjava/lang/Object;Ljava/lang/Object;ZZ)Ljava/lang/Object; @ 56
Event: 0,921 Thread 0x00007f2d8c00d000 Uncommon trap: reason=speculate_class_check action=maybe_recompile pc=0x00007f2d7d345738 method=java.util.HashMap.putVal(ILjava/lang/Object;Ljava/lang/Object;ZZ)Ljava/lang/Object; @ 152
Event: 0,921 Thread 0x00007f2d8c00d000 Uncommon trap: reason=speculate_class_check action=maybe_recompile pc=0x00007f2d7d345738 method=java.util.HashMap.putVal(ILjava/lang/Object;Ljava/lang/Object;ZZ)Ljava/lang/Object; @ 152
Event: 1,131 Thread 0x00007f2d8c00d000 Uncommon trap: reason=unstable_if action=reinterpret pc=0x00007f2d7d265440 method=com.android.dx.merge.DexMerger$IdMerger.readIntoMap(Lcom/android/dex/Dex$Section;Lcom/android/dex/TableOfContents$Section;Lcom/android/dx/merge/IndexMap;ILjava/util/TreeMap;
Event: 1,131 Thread 0x00007f2d8c00d000 Uncommon trap: reason=unstable_if action=reinterpret pc=0x00007f2d7d219174 method=com.android.dex.Mutf8.countBytes(Ljava/lang/String;Z)J @ 50
Event: 1,206 Thread 0x00007f2d8c00d000 Uncommon trap: reason=unstable_if action=reinterpret pc=0x00007f2d7d38c5c0 method=com.android.dex.EncodedValueCodec.writeUnsignedIntegralValue(Lcom/android/dex/util/ByteOutput;IJ)V @ 11

Internal exceptions (3 events):
Event: 0,027 Thread 0x00007f2d8c00d000 Exception <a 'java/lang/NoSuchMethodError': Method sun.misc.Unsafe.defineClass(Ljava/lang/String;[BII)Ljava/lang/Class; name or signature does not match> (0x00000000eab12a38) thrown at [/RE-WORK/workspace/8-2-build-linux-amd64/jdk8u45/3457/hotspot/src/sha
Event: 0,027 Thread 0x00007f2d8c00d000 Exception <a 'java/lang/NoSuchMethodError': Method sun.misc.Unsafe.prefetchRead(Ljava/lang/Object;J)V name or signature does not match> (0x00000000eab12cc8) thrown at [/RE-WORK/workspace/8-2-build-linux-amd64/jdk8u45/3457/hotspot/src/share/vm/prims/jni.cp
Event: 1,131 Thread 0x00007f2d8c00d000 Implicit null exception at 0x00007f2d7d2645d2 to 0x00007f2d7d26541d

Events (10 events):
Event: 1,222 Thread 0x00007f2d8c00d000 DEOPT UNPACKING pc=0x00007f2d7d047633 sp=0x00007f2d93446030 mode 0
Event: 1,227 Thread 0x00007f2d8c00d000 DEOPT PACKING pc=0x00007f2d7d238b10 sp=0x00007f2d934462e0
Event: 1,227 Thread 0x00007f2d8c00d000 DEOPT UNPACKING pc=0x00007f2d7d047633 sp=0x00007f2d93445ff0 mode 0
Event: 1,229 Thread 0x00007f2d8c00d000 DEOPT PACKING pc=0x00007f2d7d238b10 sp=0x00007f2d93446290
Event: 1,229 Thread 0x00007f2d8c00d000 DEOPT UNPACKING pc=0x00007f2d7d047633 sp=0x00007f2d93445fa0 mode 0
Event: 1,233 Thread 0x00007f2d8c00d000 DEOPT PACKING pc=0x00007f2d7d238b10 sp=0x00007f2d93446290
Event: 1,233 Thread 0x00007f2d8c00d000 DEOPT UNPACKING pc=0x00007f2d7d047633 sp=0x00007f2d93445fa0 mode 0
Event: 1,239 loading class java/util/Collections$EmptyIterator
Event: 1,239 loading class java/util/Collections$EmptyIterator done
Event: 1,330 Executing VM operation: ParallelGCFailedAllocation


Dynamic libraries:
00400000-00401000 r-xp 00000000 08:01 9568738                            /usr/lib/jvm/jdk1.8.0_45/bin/java
00600000-00601000 rw-p 00000000 08:01 9568738                            /usr/lib/jvm/jdk1.8.0_45/bin/java
01dec000-01e0d000 rw-p 00000000 00:00 0                                  [heap]
c0000000-c5300000 rw-p 00000000 00:00 0 
c5300000-eab00000 ---p 00000000 00:00 0 
eab00000-f3100000 rw-p 00000000 00:00 0 
fe100000-100000000 ---p 00000000 00:00 0 
100000000-100080000 rw-p 00000000 00:00 0 
100080000-140000000 ---p 00000000 00:00 0 
7f2d28000000-7f2d28021000 rw-p 00000000 00:00 0 
7f2d28021000-7f2d2c000000 ---p 00000000 00:00 0 
7f2d30000000-7f2d303dc000 rw-p 00000000 00:00 0 
7f2d303dc000-7f2d34000000 ---p 00000000 00:00 0 
7f2d34000000-7f2d34021000 rw-p 00000000 00:00 0 
7f2d34021000-7f2d38000000 ---p 00000000 00:00 0 
7f2d38000000-7f2d39973000 rw-p 00000000 00:00 0 
7f2d39973000-7f2d3c000000 ---p 00000000 00:00 0 
7f2d3c000000-7f2d3ceca000 rw-p 00000000 00:00 0 
7f2d3ceca000-7f2d40000000 ---p 00000000 00:00 0 
7f2d40000000-7f2d40021000 rw-p 00000000 00:00 0 
7f2d40021000-7f2d44000000 ---p 00000000 00:00 0 
7f2d44000000-7f2d45544000 rw-p 00000000 00:00 0 
7f2d45544000-7f2d48000000 ---p 00000000 00:00 0 
7f2d48000000-7f2d48021000 rw-p 00000000 00:00 0 
7f2d48021000-7f2d4c000000 ---p 00000000 00:00 0 
7f2d4c000000-7f2d4c021000 rw-p 00000000 00:00 0 
7f2d4c021000-7f2d50000000 ---p 00000000 00:00 0 
7f2d50000000-7f2d50294000 rw-p 00000000 00:00 0 
7f2d50294000-7f2d54000000 ---p 00000000 00:00 0 
7f2d56c0e000-7f2d56c34000 r--p 00000000 08:01 8262730                    /usr/share/locale-langpack/es/LC_MESSAGES/libc.mo
7f2d56c34000-7f2d56c35000 ---p 00000000 00:00 0 
7f2d56c35000-7f2d56d35000 rw-p 00000000 00:00 0                          [stack:29905]
7f2d56d35000-7f2d56d38000 ---p 00000000 00:00 0 
7f2d56d38000-7f2d56e36000 rw-p 00000000 00:00 0                          [stack:29904]
7f2d56e36000-7f2d56e39000 ---p 00000000 00:00 0 
7f2d56e39000-7f2d56f37000 rw-p 00000000 00:00 0                          [stack:29903]
7f2d56f37000-7f2d56f3a000 ---p 00000000 00:00 0 
7f2d56f3a000-7f2d57038000 rw-p 00000000 00:00 0                          [stack:29902]
7f2d57038000-7f2d5703b000 ---p 00000000 00:00 0 
7f2d5703b000-7f2d57139000 rw-p 00000000 00:00 0                          [stack:29901]
7f2d57139000-7f2d5713c000 ---p 00000000 00:00 0 
7f2d5713c000-7f2d5723a000 rw-p 00000000 00:00 0                          [stack:29900]
7f2d5723a000-7f2d5723d000 ---p 00000000 00:00 0 
7f2d5723d000-7f2d5733b000 rw-p 00000000 00:00 0                          [stack:29899]
7f2d5733b000-7f2d57a1d000 r--p 00000000 08:01 6953901                    /usr/lib/locale/locale-archive
7f2d57a1d000-7f2d57a20000 ---p 00000000 00:00 0 
7f2d57a20000-7f2d57b1e000 rw-p 00000000 00:00 0                          [stack:29898]
7f2d57b1e000-7f2d57b21000 ---p 00000000 00:00 0 
7f2d57b21000-7f2d57c1f000 rw-p 00000000 00:00 0                          [stack:29897]
7f2d57c1f000-7f2d57c20000 ---p 00000000 00:00 0 
7f2d57c20000-7f2d59d00000 rw-p 00000000 00:00 0                          [stack:29896]
7f2d59d00000-7f2d5a000000 ---p 00000000 00:00 0 
7f2d5a000000-7f2d5c000000 rw-p 00000000 00:00 0 
7f2d5c000000-7f2d5c021000 rw-p 00000000 00:00 0 
7f2d5c021000-7f2d60000000 ---p 00000000 00:00 0 
7f2d60000000-7f2d60021000 rw-p 00000000 00:00 0 
7f2d60021000-7f2d64000000 ---p 00000000 00:00 0 
7f2d64000000-7f2d64021000 rw-p 00000000 00:00 0 
7f2d64021000-7f2d68000000 ---p 00000000 00:00 0 
7f2d68000000-7f2d68021000 rw-p 00000000 00:00 0 
7f2d68021000-7f2d6c000000 ---p 00000000 00:00 0 
7f2d6c000000-7f2d6c021000 rw-p 00000000 00:00 0 
7f2d6c021000-7f2d70000000 ---p 00000000 00:00 0 
7f2d70000000-7f2d70021000 rw-p 00000000 00:00 0 
7f2d70021000-7f2d74000000 ---p 00000000 00:00 0 
7f2d74000000-7f2d74021000 rw-p 00000000 00:00 0 
7f2d74021000-7f2d78000000 ---p 00000000 00:00 0 
7f2d78000000-7f2d78021000 rw-p 00000000 00:00 0 
7f2d78021000-7f2d7c000000 ---p 00000000 00:00 0 
7f2d7c003000-7f2d7c153000 rw-p 00000000 00:00 0 
7f2d7c153000-7f2d7c32c000 r--s 03d09000 08:01 8528454                    /usr/lib/jvm/jdk1.8.0_45/jre/lib/rt.jar
7f2d7c32c000-7f2d7c5a2000 rw-p 00000000 00:00 0 
7f2d7c5a2000-7f2d7c5a3000 ---p 00000000 00:00 0 
7f2d7c5a3000-7f2d7c6a3000 rw-p 00000000 00:00 0                          [stack:29895]
7f2d7c6a3000-7f2d7c6a4000 ---p 00000000 00:00 0 
7f2d7c6a4000-7f2d7c7a4000 rw-p 00000000 00:00 0                          [stack:29894]
7f2d7c7a4000-7f2d7c7a5000 ---p 00000000 00:00 0 
7f2d7c7a5000-7f2d7c8a5000 rw-p 00000000 00:00 0                          [stack:29893]
7f2d7c8a5000-7f2d7c8a6000 ---p 00000000 00:00 0 
7f2d7c8a6000-7f2d7c9a6000 rw-p 00000000 00:00 0                          [stack:29892]
7f2d7c9a6000-7f2d7c9a7000 ---p 00000000 00:00 0 
7f2d7c9a7000-7f2d7caa7000 rw-p 00000000 00:00 0                          [stack:29891]
7f2d7caa7000-7f2d7caa8000 ---p 00000000 00:00 0 
7f2d7caa8000-7f2d7cba8000 rw-p 00000000 00:00 0                          [stack:29890]
7f2d7cba8000-7f2d7cba9000 ---p 00000000 00:00 0 
7f2d7cba9000-7f2d7ccd3000 rw-p 00000000 00:00 0                          [stack:29889]
7f2d7ccd3000-7f2d7cdff000 ---p 00000000 00:00 0 
7f2d7cdff000-7f2d7ce29000 rw-p 00000000 00:00 0 
7f2d7ce29000-7f2d7cf54000 ---p 00000000 00:00 0 
7f2d7cf54000-7f2d7cf98000 rw-p 00000000 00:00 0 
7f2d7cf98000-7f2d7cfff000 ---p 00000000 00:00 0 
7f2d7cfff000-7f2d7d000000 rw-p 00000000 00:00 0 
7f2d7d000000-7f2d7d450000 rwxp 00000000 00:00 0 
7f2d7d450000-7f2d8c000000 ---p 00000000 00:00 0 
7f2d8c000000-7f2d8c3f8000 rw-p 00000000 00:00 0 
7f2d8c3f8000-7f2d90000000 ---p 00000000 00:00 0 
7f2d9000c000-7f2d90013000 r--s 00000000 08:01 7340797                    /usr/lib/x86_64-linux-gnu/gconv/gconv-modules.cache
7f2d90013000-7f2d90034000 rw-p 00000000 00:00 0 
7f2d90034000-7f2d90035000 ---p 00000000 00:00 0 
7f2d90035000-7f2d90147000 rw-p 00000000 00:00 0                          [stack:29888]
7f2d90147000-7f2d904f5000 ---p 00000000 00:00 0 
7f2d904f5000-7f2d9050f000 r-xp 00000000 08:01 8798315                    /usr/lib/jvm/jdk1.8.0_45/jre/lib/amd64/libzip.so
7f2d9050f000-7f2d9070f000 ---p 0001a000 08:01 8798315                    /usr/lib/jvm/jdk1.8.0_45/jre/lib/amd64/libzip.so
7f2d9070f000-7f2d90710000 rw-p 0001a000 08:01 8798315                    /usr/lib/jvm/jdk1.8.0_45/jre/lib/amd64/libzip.so
7f2d90710000-7f2d9071b000 r-xp 00000000 08:01 655606                     /lib/x86_64-linux-gnu/libnss_files-2.19.so
7f2d9071b000-7f2d9091a000 ---p 0000b000 08:01 655606                     /lib/x86_64-linux-gnu/libnss_files-2.19.so
7f2d9091a000-7f2d9091b000 r--p 0000a000 08:01 655606                     /lib/x86_64-linux-gnu/libnss_files-2.19.so
7f2d9091b000-7f2d9091c000 rw-p 0000b000 08:01 655606                     /lib/x86_64-linux-gnu/libnss_files-2.19.so
7f2d9091c000-7f2d90927000 r-xp 00000000 08:01 655644                     /lib/x86_64-linux-gnu/libnss_nis-2.19.so
7f2d90927000-7f2d90b26000 ---p 0000b000 08:01 655644                     /lib/x86_64-linux-gnu/libnss_nis-2.19.so
7f2d90b26000-7f2d90b27000 r--p 0000a000 08:01 655644                     /lib/x86_64-linux-gnu/libnss_nis-2.19.so
7f2d90b27000-7f2d90b28000 rw-p 0000b000 08:01 655644                     /lib/x86_64-linux-gnu/libnss_nis-2.19.so
7f2d90b28000-7f2d90b3f000 r-xp 00000000 08:01 655624                     /lib/x86_64-linux-gnu/libnsl-2.19.so
7f2d90b3f000-7f2d90d3e000 ---p 00017000 08:01 655624                     /lib/x86_64-linux-gnu/libnsl-2.19.so
7f2d90d3e000-7f2d90d3f000 r--p 00016000 08:01 655624                     /lib/x86_64-linux-gnu/libnsl-2.19.so
7f2d90d3f000-7f2d90d40000 rw-p 00017000 08:01 655624                     /lib/x86_64-linux-gnu/libnsl-2.19.so
7f2d90d40000-7f2d90d42000 rw-p 00000000 00:00 0 
7f2d90d42000-7f2d90d4b000 r-xp 00000000 08:01 655622                     /lib/x86_64-linux-gnu/libnss_compat-2.19.so
7f2d90d4b000-7f2d90f4a000 ---p 00009000 08:01 655622                     /lib/x86_64-linux-gnu/libnss_compat-2.19.so
7f2d90f4a000-7f2d90f4b000 r--p 00008000 08:01 655622                     /lib/x86_64-linux-gnu/libnss_compat-2.19.so
7f2d90f4b000-7f2d90f4c000 rw-p 00009000 08:01 655622                     /lib/x86_64-linux-gnu/libnss_compat-2.19.so
7f2d90f4c000-7f2d90f76000 r-xp 00000000 08:01 8798308                    /usr/lib/jvm/jdk1.8.0_45/jre/lib/amd64/libjava.so
7f2d90f76000-7f2d91176000 ---p 0002a000 08:01 8798308                    /usr/lib/jvm/jdk1.8.0_45/jre/lib/amd64/libjava.so
7f2d91176000-7f2d91178000 rw-p 0002a000 08:01 8798308                    /usr/lib/jvm/jdk1.8.0_45/jre/lib/amd64/libjava.so
7f2d91178000-7f2d91185000 r-xp 00000000 08:01 8798348                    /usr/lib/jvm/jdk1.8.0_45/jre/lib/amd64/libverify.so
7f2d91185000-7f2d91385000 ---p 0000d000 08:01 8798348                    /usr/lib/jvm/jdk1.8.0_45/jre/lib/amd64/libverify.so
7f2d91385000-7f2d91387000 rw-p 0000d000 08:01 8798348                    /usr/lib/jvm/jdk1.8.0_45/jre/lib/amd64/libverify.so
7f2d91387000-7f2d9138e000 r-xp 00000000 08:01 655640                     /lib/x86_64-linux-gnu/librt-2.19.so
7f2d9138e000-7f2d9158d000 ---p 00007000 08:01 655640                     /lib/x86_64-linux-gnu/librt-2.19.so
7f2d9158d000-7f2d9158e000 r--p 00006000 08:01 655640                     /lib/x86_64-linux-gnu/librt-2.19.so
7f2d9158e000-7f2d9158f000 rw-p 00007000 08:01 655640                     /lib/x86_64-linux-gnu/librt-2.19.so
7f2d9158f000-7f2d91694000 r-xp 00000000 08:01 655604                     /lib/x86_64-linux-gnu/libm-2.19.so
7f2d91694000-7f2d91893000 ---p 00105000 08:01 655604                     /lib/x86_64-linux-gnu/libm-2.19.so
7f2d91893000-7f2d91894000 r--p 00104000 08:01 655604                     /lib/x86_64-linux-gnu/libm-2.19.so
7f2d91894000-7f2d91895000 rw-p 00105000 08:01 655604                     /lib/x86_64-linux-gnu/libm-2.19.so
7f2d91895000-7f2d92543000 r-xp 00000000 08:01 9053950                    /usr/lib/jvm/jdk1.8.0_45/jre/lib/amd64/server/libjvm.so
7f2d92543000-7f2d92742000 ---p 00cae000 08:01 9053950                    /usr/lib/jvm/jdk1.8.0_45/jre/lib/amd64/server/libjvm.so
7f2d92742000-7f2d92819000 rw-p 00cad000 08:01 9053950                    /usr/lib/jvm/jdk1.8.0_45/jre/lib/amd64/server/libjvm.so
7f2d92819000-7f2d9285d000 rw-p 00000000 00:00 0 
7f2d9285d000-7f2d92a18000 r-xp 00000000 08:01 655634                     /lib/x86_64-linux-gnu/libc-2.19.so
7f2d92a18000-7f2d92c17000 ---p 001bb000 08:01 655634                     /lib/x86_64-linux-gnu/libc-2.19.so
7f2d92c17000-7f2d92c1b000 r--p 001ba000 08:01 655634                     /lib/x86_64-linux-gnu/libc-2.19.so
7f2d92c1b000-7f2d92c1d000 rw-p 001be000 08:01 655634                     /lib/x86_64-linux-gnu/libc-2.19.so
7f2d92c1d000-7f2d92c22000 rw-p 00000000 00:00 0 
7f2d92c22000-7f2d92c25000 r-xp 00000000 08:01 655612                     /lib/x86_64-linux-gnu/libdl-2.19.so
7f2d92c25000-7f2d92e24000 ---p 00003000 08:01 655612                     /lib/x86_64-linux-gnu/libdl-2.19.so
7f2d92e24000-7f2d92e25000 r--p 00002000 08:01 655612                     /lib/x86_64-linux-gnu/libdl-2.19.so
7f2d92e25000-7f2d92e26000 rw-p 00003000 08:01 655612                     /lib/x86_64-linux-gnu/libdl-2.19.so
7f2d92e26000-7f2d92e3b000 r-xp 00000000 08:01 9568899                    /usr/lib/jvm/jdk1.8.0_45/lib/amd64/jli/libjli.so
7f2d92e3b000-7f2d9303b000 ---p 00015000 08:01 9568899                    /usr/lib/jvm/jdk1.8.0_45/lib/amd64/jli/libjli.so
7f2d9303b000-7f2d9303c000 rw-p 00015000 08:01 9568899                    /usr/lib/jvm/jdk1.8.0_45/lib/amd64/jli/libjli.so
7f2d9303c000-7f2d93055000 r-xp 00000000 08:01 655636                     /lib/x86_64-linux-gnu/libpthread-2.19.so
7f2d93055000-7f2d93254000 ---p 00019000 08:01 655636                     /lib/x86_64-linux-gnu/libpthread-2.19.so
7f2d93254000-7f2d93255000 r--p 00018000 08:01 655636                     /lib/x86_64-linux-gnu/libpthread-2.19.so
7f2d93255000-7f2d93256000 rw-p 00019000 08:01 655636                     /lib/x86_64-linux-gnu/libpthread-2.19.so
7f2d93256000-7f2d9325a000 rw-p 00000000 00:00 0 
7f2d9325a000-7f2d9327d000 r-xp 00000000 08:01 655628                     /lib/x86_64-linux-gnu/ld-2.19.so
7f2d9327d000-7f2d93282000 r--s 00094000 08:01 8528452                    /usr/lib/jvm/jdk1.8.0_45/jre/lib/jsse.jar
7f2d93282000-7f2d93347000 rw-p 00000000 00:00 0 
7f2d93347000-7f2d9334a000 ---p 00000000 00:00 0 
7f2d9334a000-7f2d9344d000 rw-p 00000000 00:00 0                          [stack:29887]
7f2d9344d000-7f2d9345c000 r--s 000df000 08:01 2128413                    /home/santiago/Android/Sdk/build-tools/23.0.2/lib/dx.jar
7f2d9345c000-7f2d93470000 rw-p 00000000 00:00 0 
7f2d93470000-7f2d93478000 rw-s 00000000 00:13 1950395                    /tmp/hsperfdata_santiago/29882
7f2d93478000-7f2d93479000 rw-p 00000000 00:00 0 
7f2d93479000-7f2d9347a000 ---p 00000000 00:00 0 
7f2d9347a000-7f2d9347c000 rw-p 00000000 00:00 0 
7f2d9347c000-7f2d9347d000 r--p 00022000 08:01 655628                     /lib/x86_64-linux-gnu/ld-2.19.so
7f2d9347d000-7f2d9347e000 rw-p 00023000 08:01 655628                     /lib/x86_64-linux-gnu/ld-2.19.so
7f2d9347e000-7f2d9347f000 rw-p 00000000 00:00 0 
7ffdaaa01000-7ffdaaa24000 rw-p 00000000 00:00 0                          [stack]
7ffdaabde000-7ffdaabe0000 r-xp 00000000 00:00 0                          [vdso]
ffffffffff600000-ffffffffff601000 r-xp 00000000 00:00 0                  [vsyscall]

VM Arguments:
jvm_args: -Djava.awt.headless=true -Xmx1024M -Dfile.encoding=UTF-8 -Duser.country=ES -Duser.language=es -Duser.variant 
java_command: com.android.dx.command.Main --dex --num-threads=4 --output /home/santiago/Escritorio/LazarilloApp/app/build/intermediates/transforms/dex/debug/folders/1000/1f/main /home/santiago/Escritorio/LazarilloApp/app/build/intermediates/pre-dexed/debug/internal_impl-23.1.1_ed74de56b47891969ea6eb3251aa736eab2e48c2.jar /home/santiago/Escritorio/LazarilloApp/app/build/intermediates/pre-dexed/debug/support-annotations-23.1.1_b88b5e1bc4b2f546531133ef8260902694f6461a.jar /home/santiago/Escritorio/LazarilloApp/app/build/intermediates/pre-dexed/debug/com.google.android.gms-play-services-panorama-8.4.0_8ba0ab638f036c638a3eccf5b2cddf3a64cb04a2.jar /home/santiago/Escritorio/LazarilloApp/app/build/intermediates/pre-dexed/debug/internal_impl-23.0.0_3f30b6df91fa0e449dcb29f4cef99841a05d4380.jar /home/santiago/Escritorio/LazarilloApp/app/build/intermediates/pre-dexed/debug/com.google.android.gms-play-services-safetynet-8.4.0_638ac8d940fdbe640b1f3feddfe50e1be19aca9c.jar /home/santiago/Escritorio/LazarilloApp/app/build/intermediates/pre-dexed/debug/com.github.jd-alexander-library-1.0.8_39e914a773dfb54bc64e99a09dcb407c949fe13a.jar /home/santiago/Escritorio/LazarilloApp/app/build/intermediates/pre-dexed/debug/com.google.android.gms-play-services-identity-8.4.0_5cf4a287caa5c1729ca276247c87804255b35dca.jar /home/santiago/Escritorio/LazarilloApp/app/build/intermediates/pre-dexed/debug/com.android.support-support-v13-23.1.1_b81382d9d028c99f9c2a6a1519586ba95956105c.jar /home/santiago/Escritorio/LazarilloApp/app/build/intermediates/pre-dexed/debug/com.android.support-cardview-v7-23.1.1_933c4acd942f7912b41412d22c8c04a50750aea6.jar /home/santiago/Escritorio/LazarilloApp/app/build/intermediates/pre-dexed/debug/com.google.android.gms-play-services-appinvite-8.4.0_18de0fdb0d47c879e6e42f2dd410e52ed8a098d3.jar /home/santiago/Escritorio/LazarilloApp/app/build/intermediates/pre-dexed/debug/com.google.android.gms-play-services-appindexing-8.4.0_b0be917d7439a59d43a5ef47cd257f254b8bfcdd.jar /home/
java_class_path (initial): /home/santiago/Android/Sdk/build-tools/23.0.2/lib/dx.jar
Launcher Type: SUN_STANDARD

Environment Variables:
JAVA_HOME=/usr/lib/jvm/java-8-oracle
PATH=/usr/local/sbin:/usr/local/bin:/usr/sbin:/usr/bin:/sbin:/bin:/usr/games:/usr/local/games:/usr/lib/jvm/java-8-oracle/bin:/usr/lib/jvm/java-8-oracle/db/bin:/usr/lib/jvm/java-8-oracle/jre/bin
LD_LIBRARY_PATH=/home/santiago/android-studio/bin:
SHELL=/bin/bash
DISPLAY=:0

Signal Handlers:
SIGSEGV: [libjvm.so+0xaad1e0], sa_mask[0]=11111111011111111101111111111110, sa_flags=SA_RESTART|SA_SIGINFO
SIGBUS: [libjvm.so+0xaad1e0], sa_mask[0]=11111111011111111101111111111110, sa_flags=SA_RESTART|SA_SIGINFO
SIGFPE: [libjvm.so+0x90b450], sa_mask[0]=11111111011111111101111111111110, sa_flags=SA_RESTART|SA_SIGINFO
SIGPIPE: [libjvm.so+0x90b450], sa_mask[0]=11111111011111111101111111111110, sa_flags=SA_RESTART|SA_SIGINFO
SIGXFSZ: [libjvm.so+0x90b450], sa_mask[0]=11111111011111111101111111111110, sa_flags=SA_RESTART|SA_SIGINFO
SIGILL: [libjvm.so+0x90b450], sa_mask[0]=11111111011111111101111111111110, sa_flags=SA_RESTART|SA_SIGINFO
SIGUSR1: SIG_DFL, sa_mask[0]=00000000000000000000000000000000, sa_flags=none
SIGUSR2: [libjvm.so+0x90ca90], sa_mask[0]=00100000000000000000000000000000, sa_flags=SA_RESTART|SA_SIGINFO
SIGHUP: [libjvm.so+0x90dde0], sa_mask[0]=11111111011111111101111111111110, sa_flags=SA_RESTART|SA_SIGINFO
SIGINT: [libjvm.so+0x90dde0], sa_mask[0]=11111111011111111101111111111110, sa_flags=SA_RESTART|SA_SIGINFO
SIGTERM: [libjvm.so+0x90dde0], sa_mask[0]=11111111011111111101111111111110, sa_flags=SA_RESTART|SA_SIGINFO
SIGQUIT: [libjvm.so+0x90dde0], sa_mask[0]=11111111011111111101111111111110, sa_flags=SA_RESTART|SA_SIGINFO


---------------  S Y S T E M  ---------------

OS:DISTRIB_ID=Ubuntu
DISTRIB_RELEASE=14.04
DISTRIB_CODENAME=trusty
DISTRIB_DESCRIPTION="Ubuntu 14.04.3 LTS"

uname:Linux 3.13.0-76-generic #120-Ubuntu SMP Mon Jan 18 15:59:10 UTC 2016 x86_64
libc:glibc 2.19 NPTL 2.19 
rlimit: STACK 8192k, CORE 0k, NPROC 63302, NOFILE 4096, AS infinity
load average:2,14 2,08 2,08

/proc/meminfo:
MemTotal:        8124316 kB
MemFree:          101536 kB
Buffers:            1228 kB
Cached:          1433800 kB
SwapCached:            0 kB
Active:          6512828 kB
Inactive:         970504 kB
Active(anon):    6489888 kB
Inactive(anon):   952276 kB
Active(file):      22940 kB
Inactive(file):    18228 kB
Unevictable:         168 kB
Mlocked:             168 kB
SwapTotal:             0 kB
SwapFree:              0 kB
Dirty:              2052 kB
Writeback:             0 kB
AnonPages:       6048032 kB
Mapped:           346176 kB
Shmem:           1394464 kB
Slab:             144988 kB
SReclaimable:      63284 kB
SUnreclaim:        81704 kB
KernelStack:        7368 kB
PageTables:        56592 kB
NFS_Unstable:          0 kB
Bounce:                0 kB
WritebackTmp:          0 kB
CommitLimit:     4062156 kB
Committed_AS:   11849124 kB
VmallocTotal:   34359738367 kB
VmallocUsed:      136724 kB
VmallocChunk:   34359595132 kB
HardwareCorrupted:     0 kB
AnonHugePages:   1550336 kB
HugePages_Total:       0
HugePages_Free:        0
HugePages_Rsvd:        0
HugePages_Surp:        0
Hugepagesize:       2048 kB
DirectMap4k:      894108 kB
DirectMap2M:     7442432 kB
DirectMap1G:           0 kB


CPU:total 8 (4 cores per cpu, 2 threads per core) family 6 model 60 stepping 3, cmov, cx8, fxsr, mmx, sse, sse2, sse3, ssse3, sse4.1, sse4.2, popcnt, avx, avx2, aes, clmul, erms, lzcnt, ht, tsc, tscinvbit, bmi1, bmi2

/proc/cpuinfo:
processor	: 0
vendor_id	: GenuineIntel
cpu family	: 6
model		: 60
model name	: Intel(R) Core(TM) i7-4770K CPU @ 3.50GHz
stepping	: 3
microcode	: 0x1c
cpu MHz		: 3501.000
cache size	: 8192 KB
physical id	: 0
siblings	: 8
core id		: 0
cpu cores	: 4
apicid		: 0
initial apicid	: 0
fpu		: yes
fpu_exception	: yes
cpuid level	: 13
wp		: yes
flags		: fpu vme de pse tsc msr pae mce cx8 apic sep mtrr pge mca cmov pat pse36 clflush dts acpi mmx fxsr sse sse2 ss ht tm pbe syscall nx pdpe1gb rdtscp lm constant_tsc arch_perfmon pebs bts rep_good nopl xtopology nonstop_tsc aperfmperf eagerfpu pni pclmulqdq dtes64 monitor ds_cpl vmx est tm2 ssse3 fma cx16 xtpr pdcm pcid sse4_1 sse4_2 movbe popcnt tsc_deadline_timer aes xsave avx f16c rdrand lahf_lm abm ida arat xsaveopt pln pts dtherm tpr_shadow vnmi flexpriority ept vpid fsgsbase tsc_adjust bmi1 avx2 smep bmi2 erms invpcid
bogomips	: 6999.64
clflush size	: 64
cache_alignment	: 64
address sizes	: 39 bits physical, 48 bits virtual
power management:

processor	: 1
vendor_id	: GenuineIntel
cpu family	: 6
model		: 60
model name	: Intel(R) Core(TM) i7-4770K CPU @ 3.50GHz
stepping	: 3
microcode	: 0x1c
cpu MHz		: 1400.000
cache size	: 8192 KB
physical id	: 0
siblings	: 8
core id		: 1
cpu cores	: 4
apicid		: 2
initial apicid	: 2
fpu		: yes
fpu_exception	: yes
cpuid level	: 13
wp		: yes
flags		: fpu vme de pse tsc msr pae mce cx8 apic sep mtrr pge mca cmov pat pse36 clflush dts acpi mmx fxsr sse sse2 ss ht tm pbe syscall nx pdpe1gb rdtscp lm constant_tsc arch_perfmon pebs bts rep_good nopl xtopology nonstop_tsc aperfmperf eagerfpu pni pclmulqdq dtes64 monitor ds_cpl vmx est tm2 ssse3 fma cx16 xtpr pdcm pcid sse4_1 sse4_2 movbe popcnt tsc_deadline_timer aes xsave avx f16c rdrand lahf_lm abm ida arat xsaveopt pln pts dtherm tpr_shadow vnmi flexpriority ept vpid fsgsbase tsc_adjust bmi1 avx2 smep bmi2 erms invpcid
bogomips	: 6999.64
clflush size	: 64
cache_alignment	: 64
address sizes	: 39 bits physical, 48 bits virtual
power management:

processor	: 2
vendor_id	: GenuineIntel
cpu family	: 6
model		: 60
model name	: Intel(R) Core(TM) i7-4770K CPU @ 3.50GHz
stepping	: 3
microcode	: 0x1c
cpu MHz		: 3501.000
cache size	: 8192 KB
physical id	: 0
siblings	: 8
core id		: 2
cpu cores	: 4
apicid		: 4
initial apicid	: 4
fpu		: yes
fpu_exception	: yes
cpuid level	: 13
wp		: yes
flags		: fpu vme de pse tsc msr pae mce cx8 apic sep mtrr pge mca cmov pat pse36 clflush dts acpi mmx fxsr sse sse2 ss ht tm pbe syscall nx pdpe1gb rdtscp lm constant_tsc arch_perfmon pebs bts rep_good nopl xtopology nonstop_tsc aperfmperf eagerfpu pni pclmulqdq dtes64 monitor ds_cpl vmx est tm2 ssse3 fma cx16 xtpr pdcm pcid sse4_1 sse4_2 movbe popcnt tsc_deadline_timer aes xsave avx f16c rdrand lahf_lm abm ida arat xsaveopt pln pts dtherm tpr_shadow vnmi flexpriority ept vpid fsgsbase tsc_adjust bmi1 avx2 smep bmi2 erms invpcid
bogomips	: 6999.64
clflush size	: 64
cache_alignment	: 64
address sizes	: 39 bits physical, 48 bits virtual
power management:

processor	: 3
vendor_id	: GenuineIntel
cpu family	: 6
model		: 60
model name	: Intel(R) Core(TM) i7-4770K CPU @ 3.50GHz
stepping	: 3
microcode	: 0x1c
cpu MHz		: 3501.000
cache size	: 8192 KB
physical id	: 0
siblings	: 8
core id		: 3
cpu cores	: 4
apicid		: 6
initial apicid	: 6
fpu		: yes
fpu_exception	: yes
cpuid level	: 13
wp		: yes
flags		: fpu vme de pse tsc msr pae mce cx8 apic sep mtrr pge mca cmov pat pse36 clflush dts acpi mmx fxsr sse sse2 ss ht tm pbe syscall nx pdpe1gb rdtscp lm constant_tsc arch_perfmon pebs bts rep_good nopl xtopology nonstop_tsc aperfmperf eagerfpu pni pclmulqdq dtes64 monitor ds_cpl vmx est tm2 ssse3 fma cx16 xtpr pdcm pcid sse4_1 sse4_2 movbe popcnt tsc_deadline_timer aes xsave avx f16c rdrand lahf_lm abm ida arat xsaveopt pln pts dtherm tpr_shadow vnmi flexpriority ept vpid fsgsbase tsc_adjust bmi1 avx2 smep bmi2 erms invpcid
bogomips	: 6999.64
clflush size	: 64
cache_alignment	: 64
address sizes	: 39 bits physical, 48 bits virtual
power management:

processor	: 4
vendor_id	: GenuineIntel
cpu family	: 6
model		: 60
model name	: Intel(R) Core(TM) i7-4770K CPU @ 3.50GHz
stepping	: 3
microcode	: 0x1c
cpu MHz		: 3501.000
cache size	: 8192 KB
physical id	: 0
siblings	: 8
core id		: 0
cpu cores	: 4
apicid		: 1
initial apicid	: 1
fpu		: yes
fpu_exception	: yes
cpuid level	: 13
wp		: yes
flags		: fpu vme de pse tsc msr pae mce cx8 apic sep mtrr pge mca cmov pat pse36 clflush dts acpi mmx fxsr sse sse2 ss ht tm pbe syscall nx pdpe1gb rdtscp lm constant_tsc arch_perfmon pebs bts rep_good nopl xtopology nonstop_tsc aperfmperf eagerfpu pni pclmulqdq dtes64 monitor ds_cpl vmx est tm2 ssse3 fma cx16 xtpr pdcm pcid sse4_1 sse4_2 movbe popcnt tsc_deadline_timer aes xsave avx f16c rdrand lahf_lm abm ida arat xsaveopt pln pts dtherm tpr_shadow vnmi flexpriority ept vpid fsgsbase tsc_adjust bmi1 avx2 smep bmi2 erms invpcid
bogomips	: 6999.64
clflush size	: 64
cache_alignment	: 64
address sizes	: 39 bits physical, 48 bits virtual
power management:

processor	: 5
vendor_id	: GenuineIntel
cpu family	: 6
model		: 60
model name	: Intel(R) Core(TM) i7-4770K CPU @ 3.50GHz
stepping	: 3
microcode	: 0x1c
cpu MHz		: 3501.000
cache size	: 8192 KB
physical id	: 0
siblings	: 8
core id		: 1
cpu cores	: 4
apicid		: 3
initial apicid	: 3
fpu		: yes
fpu_exception	: yes
cpuid level	: 13
wp		: yes
flags		: fpu vme de pse tsc msr pae mce cx8 apic sep mtrr pge mca cmov pat pse36 clflush dts acpi mmx fxsr sse sse2 ss ht tm pbe syscall nx pdpe1gb rdtscp lm constant_tsc arch_perfmon pebs bts rep_good nopl xtopology nonstop_tsc aperfmperf eagerfpu pni pclmulqdq dtes64 monitor ds_cpl vmx est tm2 ssse3 fma cx16 xtpr pdcm pcid sse4_1 sse4_2 movbe popcnt tsc_deadline_timer aes xsave avx f16c rdrand lahf_lm abm ida arat xsaveopt pln pts dtherm tpr_shadow vnmi flexpriority ept vpid fsgsbase tsc_adjust bmi1 avx2 smep bmi2 erms invpcid
bogomips	: 6999.64
clflush size	: 64
cache_alignment	: 64
address sizes	: 39 bits physical, 48 bits virtual
power management:

processor	: 6
vendor_id	: GenuineIntel
cpu family	: 6
model		: 60
model name	: Intel(R) Core(TM) i7-4770K CPU @ 3.50GHz
stepping	: 3
microcode	: 0x1c
cpu MHz		: 800.000
cache size	: 8192 KB
physical id	: 0
siblings	: 8
core id		: 2
cpu cores	: 4
apicid		: 5
initial apicid	: 5
fpu		: yes
fpu_exception	: yes
cpuid level	: 13
wp		: yes
flags		: fpu vme de pse tsc msr pae mce cx8 apic sep mtrr pge mca cmov pat pse36 clflush dts acpi mmx fxsr sse sse2 ss ht tm pbe syscall nx pdpe1gb rdtscp lm constant_tsc arch_perfmon pebs bts rep_good nopl xtopology nonstop_tsc aperfmperf eagerfpu pni pclmulqdq dtes64 monitor ds_cpl vmx est tm2 ssse3 fma cx16 xtpr pdcm pcid sse4_1 sse4_2 movbe popcnt tsc_deadline_timer aes xsave avx f16c rdrand lahf_lm abm ida arat xsaveopt pln pts dtherm tpr_shadow vnmi flexpriority ept vpid fsgsbase tsc_adjust bmi1 avx2 smep bmi2 erms invpcid
bogomips	: 6999.64
clflush size	: 64
cache_alignment	: 64
address sizes	: 39 bits physical, 48 bits virtual
power management:

processor	: 7
vendor_id	: GenuineIntel
cpu family	: 6
model		: 60
model name	: Intel(R) Core(TM) i7-4770K CPU @ 3.50GHz
stepping	: 3
microcode	: 0x1c
cpu MHz		: 3501.000
cache size	: 8192 KB
physical id	: 0
siblings	: 8
core id		: 3
cpu cores	: 4
apicid		: 7
initial apicid	: 7
fpu		: yes
fpu_exception	: yes
cpuid level	: 13
wp		: yes
flags		: fpu vme de pse tsc msr pae mce cx8 apic sep mtrr pge mca cmov pat pse36 clflush dts acpi mmx fxsr sse sse2 ss ht tm pbe syscall nx pdpe1gb rdtscp lm constant_tsc arch_perfmon pebs bts rep_good nopl xtopology nonstop_tsc aperfmperf eagerfpu pni pclmulqdq dtes64 monitor ds_cpl vmx est tm2 ssse3 fma cx16 xtpr pdcm pcid sse4_1 sse4_2 movbe popcnt tsc_deadline_timer aes xsave avx f16c rdrand lahf_lm abm ida arat xsaveopt pln pts dtherm tpr_shadow vnmi flexpriority ept vpid fsgsbase tsc_adjust bmi1 avx2 smep bmi2 erms invpcid
bogomips	: 6999.64
clflush size	: 64
cache_alignment	: 64
address sizes	: 39 bits physical, 48 bits virtual
power management:



Memory: 4k page, physical 8124316k(101536k free), swap 0k(0k free)

vm_info: Java HotSpot(TM) 64-Bit Server VM (25.45-b02) for linux-amd64 JRE (1.8.0_45-b14), built on Apr 10 2015 10:07:45 by "java_re" with gcc 4.3.0 20080428 (Red Hat 4.3.0-8)

time: Thu Jan 21 18:38:45 2016
elapsed time: 1 seconds (0d 0h 0m 1s)

