#
# There is insufficient memory for the Java Runtime Environment to continue.
# Native memory allocation (mmap) failed to map 230162432 bytes for committing reserved memory.
# Possible reasons:
#   The system is out of physical RAM or swap space
#   In 32 bit mode, the process size limit was hit
# Possible solutions:
#   Reduce memory load on the system
#   Increase physical memory or swap space
#   Check if swap backing store is full
#   Use 64 bit Java on a 64 bit OS
#   Decrease Java heap size (-Xmx/-Xms)
#   Decrease number of Java threads
#   Decrease Java thread stack sizes (-Xss)
#   Set larger code cache with -XX:ReservedCodeCacheSize=
# This output file may be truncated or incomplete.
#
#  Out of Memory Error (os_linux.cpp:2673), pid=32490, tid=139774961575680
#
# JRE version: Java(TM) SE Runtime Environment (8.0_45-b14) (build 1.8.0_45-b14)
# Java VM: Java HotSpot(TM) 64-Bit Server VM (25.45-b02 mixed mode linux-amd64 compressed oops)
# Failed to write core dump. Core dumps have been disabled. To enable core dumping, try "ulimit -c unlimited" before starting Java again
#

---------------  T H R E A D  ---------------

Current thread (0x00007f1ffc083000):  VMThread [stack: 0x00007f1fe4dee000,0x00007f1fe4eef000] [id=32503]

Stack: [0x00007f1fe4dee000,0x00007f1fe4eef000],  sp=0x00007f1fe4eed1e0,  free space=1020k
Native frames: (J=compiled Java code, j=interpreted, Vv=VM code, C=native code)
V  [libjvm.so+0xaac99a]  VMError::report_and_die()+0x2ba
V  [libjvm.so+0x4f333b]  report_vm_out_of_memory(char const*, int, unsigned long, VMErrorType, char const*)+0x8b
V  [libjvm.so+0x90e7c3]  os::Linux::commit_memory_impl(char*, unsigned long, bool)+0x103
V  [libjvm.so+0x90ed19]  os::pd_commit_memory(char*, unsigned long, unsigned long, bool)+0x29
V  [libjvm.so+0x90867a]  os::commit_memory(char*, unsigned long, unsigned long, bool)+0x2a
V  [libjvm.so+0x97bac3]  PSVirtualSpace::expand_by(unsigned long)+0x53
V  [libjvm.so+0x97cec8]  PSYoungGen::resize_generation(unsigned long, unsigned long)+0xf8
V  [libjvm.so+0x97c022]  PSYoungGen::resize(unsigned long, unsigned long)+0x22
V  [libjvm.so+0x9792fb]  PSScavenge::invoke_no_policy()+0xf7b
V  [libjvm.so+0x979a81]  PSScavenge::invoke()+0x41
V  [libjvm.so+0x932050]  ParallelScavengeHeap::failed_mem_allocate(unsigned long)+0x70
V  [libjvm.so+0xaae1d7]  VM_ParallelGCFailedAllocation::doit()+0x97
V  [libjvm.so+0xab59c5]  VM_Operation::evaluate()+0x55
V  [libjvm.so+0xab3d9a]  VMThread::evaluate_operation(VM_Operation*)+0xba
V  [libjvm.so+0xab411e]  VMThread::loop()+0x1ce
V  [libjvm.so+0xab4590]  VMThread::run()+0x70
V  [libjvm.so+0x910de8]  java_start(Thread*)+0x108

VM_Operation (0x00007f20046771f0): ParallelGCFailedAllocation, mode: safepoint, requested by thread 0x00007f1ffc00d000


---------------  P R O C E S S  ---------------

Java Threads: ( => current thread )
  0x00007f1ffc0d7800 JavaThread "Service Thread" daemon [_thread_blocked, id=32511, stack(0x00007f1fdfeff000,0x00007f1fe0000000)]
  0x00007f1ffc0ca800 JavaThread "C1 CompilerThread3" daemon [_thread_blocked, id=32510, stack(0x00007f1fe4005000,0x00007f1fe4106000)]
  0x00007f1ffc0c8800 JavaThread "C2 CompilerThread2" daemon [_thread_blocked, id=32509, stack(0x00007f1fe4106000,0x00007f1fe4207000)]
  0x00007f1ffc0c6800 JavaThread "C2 CompilerThread1" daemon [_thread_blocked, id=32508, stack(0x00007f1fe4207000,0x00007f1fe4308000)]
  0x00007f1ffc0c3800 JavaThread "C2 CompilerThread0" daemon [_thread_blocked, id=32507, stack(0x00007f1fe4308000,0x00007f1fe4409000)]
  0x00007f1ffc0c2000 JavaThread "Signal Dispatcher" daemon [_thread_blocked, id=32506, stack(0x00007f1fe4409000,0x00007f1fe450a000)]
  0x00007f1ffc08a000 JavaThread "Finalizer" daemon [_thread_blocked, id=32505, stack(0x00007f1fe4bec000,0x00007f1fe4ced000)]
  0x00007f1ffc088000 JavaThread "Reference Handler" daemon [_thread_blocked, id=32504, stack(0x00007f1fe4ced000,0x00007f1fe4dee000)]
  0x00007f1ffc00d000 JavaThread "main" [_thread_blocked, id=32494, stack(0x00007f2004578000,0x00007f2004679000)]

Other Threads:
=>0x00007f1ffc083000 VMThread [stack: 0x00007f1fe4dee000,0x00007f1fe4eef000] [id=32503]
  0x00007f1ffc0da000 WatcherThread [stack: 0x00007f1fdfdfe000,0x00007f1fdfeff000] [id=32512]

VM state:at safepoint (normal execution)

VM Mutex/Monitor currently owned by a thread:  ([mutex/lock_event])
[0x00007f1ffc009280] Threads_lock - owner thread: 0x00007f1ffc083000
[0x00007f1ffc009780] Heap_lock - owner thread: 0x00007f1ffc00d000

Heap:
 PSYoungGen      total 117760K, used 5088K [0x00000000eab00000, 0x00000000f2480000, 0x0000000100000000)
  eden space 112640K, 0% used [0x00000000eab00000,0x00000000eab00000,0x00000000f1900000)
  from space 5120K, 99% used [0x00000000f1a80000,0x00000000f1f78058,0x00000000f1f80000)
  to   space 4608K, 0% used [0x00000000f2000000,0x00000000f2000000,0x00000000f2480000)
 ParOldGen       total 140800K, used 64049K [0x00000000c0000000, 0x00000000c8980000, 0x00000000eab00000)
  object space 140800K, 45% used [0x00000000c0000000,0x00000000c3e8c6b8,0x00000000c8980000)
 Metaspace       used 4726K, capacity 5428K, committed 5632K, reserved 1056768K
  class space    used 490K, capacity 492K, committed 512K, reserved 1048576K

Card table byte_map: [0x00007f2001165000,0x00007f2001366000] byte_map_base: 0x00007f2000b65000

Marking Bits: (ParMarkBitMap*) 0x00007f2003a63760
 Begin Bits: [0x00007f1fe6000000, 0x00007f1fe7000000)
 End Bits:   [0x00007f1fe7000000, 0x00007f1fe8000000)

Polling page: 0x00007f20046aa000

CodeCache: size=245760Kb used=4217Kb max_used=4228Kb free=241543Kb
 bounds [0x00007f1fed000000, 0x00007f1fed430000, 0x00007f1ffc000000]
 total_blobs=1511 nmethods=1237 adapters=188
 compilation: enabled

Compilation events (10 events):
Event: 1,075 Thread 0x00007f1ffc0ca800 nmethod 1248 0x00007f1fed41fc50 code [0x00007f1fed41fde0, 0x00007f1fed4201d8]
Event: 1,075 Thread 0x00007f1ffc0ca800 1249       3       com.android.dx.merge.InstructionTransformer$TypeVisitor::visit (63 bytes)
Event: 1,075 Thread 0x00007f1ffc0ca800 nmethod 1249 0x00007f1fed423690 code [0x00007f1fed423860, 0x00007f1fed424018]
Event: 1,075 Thread 0x00007f1ffc0c3800 nmethod 1239 0x00007f1fed424410 code [0x00007f1fed4245c0, 0x00007f1fed424cd8]
Event: 1,075 Thread 0x00007f1ffc0c3800 1245       4       com.android.dx.io.instructions.InstructionCodec$18::encode (29 bytes)
Event: 1,075 Thread 0x00007f1ffc0ca800 1250       3       com.android.dex.Dex$Section::findCatchHandlerIndex (38 bytes)
Event: 1,076 Thread 0x00007f1ffc0ca800 nmethod 1250 0x00007f1fed411750 code [0x00007f1fed4118e0, 0x00007f1fed411c08]
Event: 1,076 Thread 0x00007f1ffc0ca800 1251       3       com.android.dex.Leb128::writeSignedLeb128 (83 bytes)
Event: 1,077 Thread 0x00007f1ffc0ca800 nmethod 1251 0x00007f1fed422f90 code [0x00007f1fed423120, 0x00007f1fed423548]
Event: 1,077 Thread 0x00007f1ffc0c3800 nmethod 1245 0x00007f1fed421390 code [0x00007f1fed421500, 0x00007f1fed421778]

GC Heap History (10 events):
Event: 0,234 GC heap after
Heap after GC invocations=1 (full 0):
 PSYoungGen      total 36864K, used 5110K [0x00000000eab00000, 0x00000000ef300000, 0x0000000100000000)
  eden space 31744K, 0% used [0x00000000eab00000,0x00000000eab00000,0x00000000eca00000)
  from space 5120K, 99% used [0x00000000eca00000,0x00000000ecefdbf0,0x00000000ecf00000)
  to   space 5120K, 0% used [0x00000000eee00000,0x00000000eee00000,0x00000000ef300000)
 ParOldGen       total 84992K, used 3445K [0x00000000c0000000, 0x00000000c5300000, 0x00000000eab00000)
  object space 84992K, 4% used [0x00000000c0000000,0x00000000c035d428,0x00000000c5300000)
 Metaspace       used 3512K, capacity 4720K, committed 4864K, reserved 1056768K
  class space    used 371K, capacity 424K, committed 512K, reserved 1048576K
}
Event: 0,335 GC heap before
{Heap before GC invocations=2 (full 0):
 PSYoungGen      total 36864K, used 36854K [0x00000000eab00000, 0x00000000ef300000, 0x0000000100000000)
  eden space 31744K, 100% used [0x00000000eab00000,0x00000000eca00000,0x00000000eca00000)
  from space 5120K, 99% used [0x00000000eca00000,0x00000000ecefdbf0,0x00000000ecf00000)
  to   space 5120K, 0% used [0x00000000eee00000,0x00000000eee00000,0x00000000ef300000)
 ParOldGen       total 84992K, used 3445K [0x00000000c0000000, 0x00000000c5300000, 0x00000000eab00000)
  object space 84992K, 4% used [0x00000000c0000000,0x00000000c035d428,0x00000000c5300000)
 Metaspace       used 3803K, capacity 4944K, committed 5120K, reserved 1056768K
  class space    used 402K, capacity 456K, committed 512K, reserved 1048576K
Event: 0,362 GC heap after
Heap after GC invocations=2 (full 0):
 PSYoungGen      total 68608K, used 5089K [0x00000000eab00000, 0x00000000ef300000, 0x0000000100000000)
  eden space 63488K, 0% used [0x00000000eab00000,0x00000000eab00000,0x00000000ee900000)
  from space 5120K, 99% used [0x00000000eee00000,0x00000000ef2f8628,0x00000000ef300000)
  to   space 5120K, 0% used [0x00000000ee900000,0x00000000ee900000,0x00000000eee00000)
 ParOldGen       total 84992K, used 71733K [0x00000000c0000000, 0x00000000c5300000, 0x00000000eab00000)
  object space 84992K, 84% used [0x00000000c0000000,0x00000000c460d798,0x00000000c5300000)
 Metaspace       used 3803K, capacity 4944K, committed 5120K, reserved 1056768K
  class space    used 402K, capacity 456K, committed 512K, reserved 1048576K
}
Event: 0,362 GC heap before
{Heap before GC invocations=3 (full 1):
 PSYoungGen      total 68608K, used 5089K [0x00000000eab00000, 0x00000000ef300000, 0x0000000100000000)
  eden space 63488K, 0% used [0x00000000eab00000,0x00000000eab00000,0x00000000ee900000)
  from space 5120K, 99% used [0x00000000eee00000,0x00000000ef2f8628,0x00000000ef300000)
  to   space 5120K, 0% used [0x00000000ee900000,0x00000000ee900000,0x00000000eee00000)
 ParOldGen       total 84992K, used 71733K [0x00000000c0000000, 0x00000000c5300000, 0x00000000eab00000)
  object space 84992K, 84% used [0x00000000c0000000,0x00000000c460d798,0x00000000c5300000)
 Metaspace       used 3803K, capacity 4944K, committed 5120K, reserved 1056768K
  class space    used 402K, capacity 456K, committed 512K, reserved 1048576K
Event: 0,370 GC heap after
Heap after GC invocations=3 (full 1):
 PSYoungGen      total 68608K, used 0K [0x00000000eab00000, 0x00000000ef300000, 0x0000000100000000)
  eden space 63488K, 0% used [0x00000000eab00000,0x00000000eab00000,0x00000000ee900000)
  from space 5120K, 0% used [0x00000000eee00000,0x00000000eee00000,0x00000000ef300000)
  to   space 5120K, 0% used [0x00000000ee900000,0x00000000ee900000,0x00000000eee00000)
 ParOldGen       total 140800K, used 19202K [0x00000000c0000000, 0x00000000c8980000, 0x00000000eab00000)
  object space 140800K, 13% used [0x00000000c0000000,0x00000000c12c0968,0x00000000c8980000)
 Metaspace       used 3803K, capacity 4944K, committed 5120K, reserved 1056768K
  class space    used 402K, capacity 456K, committed 512K, reserved 1048576K
}
Event: 0,689 GC heap before
{Heap before GC invocations=4 (full 1):
 PSYoungGen      total 68608K, used 63488K [0x00000000eab00000, 0x00000000ef300000, 0x0000000100000000)
  eden space 63488K, 100% used [0x00000000eab00000,0x00000000ee900000,0x00000000ee900000)
  from space 5120K, 0% used [0x00000000eee00000,0x00000000eee00000,0x00000000ef300000)
  to   space 5120K, 0% used [0x00000000ee900000,0x00000000ee900000,0x00000000eee00000)
 ParOldGen       total 140800K, used 19202K [0x00000000c0000000, 0x00000000c8980000, 0x00000000eab00000)
  object space 140800K, 13% used [0x00000000c0000000,0x00000000c12c0968,0x00000000c8980000)
 Metaspace       used 4375K, capacity 5424K, committed 5632K, reserved 1056768K
  class space    used 455K, capacity 488K, committed 512K, reserved 1048576K
Event: 0,693 GC heap after
Heap after GC invocations=4 (full 1):
 PSYoungGen      total 68608K, used 4414K [0x00000000eab00000, 0x00000000f2500000, 0x0000000100000000)
  eden space 63488K, 0% used [0x00000000eab00000,0x00000000eab00000,0x00000000ee900000)
  from space 5120K, 86% used [0x00000000ee900000,0x00000000eed4f960,0x00000000eee00000)
  to   space 5120K, 0% used [0x00000000f2000000,0x00000000f2000000,0x00000000f2500000)
 ParOldGen       total 140800K, used 19202K [0x00000000c0000000, 0x00000000c8980000, 0x00000000eab00000)
  object space 140800K, 13% used [0x00000000c0000000,0x00000000c12c0968,0x00000000c8980000)
 Metaspace       used 4375K, capacity 5424K, committed 5632K, reserved 1056768K
  class space    used 455K, capacity 488K, committed 512K, reserved 1048576K
}
Event: 0,787 GC heap before
{Heap before GC invocations=5 (full 1):
 PSYoungGen      total 68608K, used 67902K [0x00000000eab00000, 0x00000000f2500000, 0x0000000100000000)
  eden space 63488K, 100% used [0x00000000eab00000,0x00000000ee900000,0x00000000ee900000)
  from space 5120K, 86% used [0x00000000ee900000,0x00000000eed4f960,0x00000000eee00000)
  to   space 5120K, 0% used [0x00000000f2000000,0x00000000f2000000,0x00000000f2500000)
 ParOldGen       total 140800K, used 19202K [0x00000000c0000000, 0x00000000c8980000, 0x00000000eab00000)
  object space 140800K, 13% used [0x00000000c0000000,0x00000000c12c0968,0x00000000c8980000)
 Metaspace       used 4392K, capacity 5424K, committed 5632K, reserved 1056768K
  class space    used 456K, capacity 488K, committed 512K, reserved 1048576K
Event: 0,790 GC heap after
Heap after GC invocations=5 (full 1):
 PSYoungGen      total 117248K, used 4160K [0x00000000eab00000, 0x00000000f2480000, 0x0000000100000000)
  eden space 112640K, 0% used [0x00000000eab00000,0x00000000eab00000,0x00000000f1900000)
  from space 4608K, 90% used [0x00000000f2000000,0x00000000f2410030,0x00000000f2480000)
  to   space 5120K, 0% used [0x00000000f1a80000,0x00000000f1a80000,0x00000000f1f80000)
 ParOldGen       total 140800K, used 19210K [0x00000000c0000000, 0x00000000c8980000, 0x00000000eab00000)
  object space 140800K, 13% used [0x00000000c0000000,0x00000000c12c2968,0x00000000c8980000)
 Metaspace       used 4392K, capacity 5424K, committed 5632K, reserved 1056768K
  class space    used 456K, capacity 488K, committed 512K, reserved 1048576K
}
Event: 1,077 GC heap before
{Heap before GC invocations=6 (full 1):
 PSYoungGen      total 117248K, used 116800K [0x00000000eab00000, 0x00000000f2480000, 0x0000000100000000)
  eden space 112640K, 100% used [0x00000000eab00000,0x00000000f1900000,0x00000000f1900000)
  from space 4608K, 90% used [0x00000000f2000000,0x00000000f2410030,0x00000000f2480000)
  to   space 5120K, 0% used [0x00000000f1a80000,0x00000000f1a80000,0x00000000f1f80000)
 ParOldGen       total 140800K, used 19210K [0x00000000c0000000, 0x00000000c8980000, 0x00000000eab00000)
  object space 140800K, 13% used [0x00000000c0000000,0x00000000c12c2968,0x00000000c8980000)
 Metaspace       used 4726K, capacity 5428K, committed 5632K, reserved 1056768K
  class space    used 490K, capacity 492K, committed 512K, reserved 1048576K

Deoptimization events (10 events):
Event: 0,812 Thread 0x00007f1ffc00d000 Uncommon trap: reason=class_check action=maybe_recompile pc=0x00007f1fed38e780 method=java.util.HashMap.putVal(ILjava/lang/Object;Ljava/lang/Object;ZZ)Ljava/lang/Object; @ 56
Event: 0,812 Thread 0x00007f1ffc00d000 Uncommon trap: reason=class_check action=maybe_recompile pc=0x00007f1fed38e780 method=java.util.HashMap.putVal(ILjava/lang/Object;Ljava/lang/Object;ZZ)Ljava/lang/Object; @ 56
Event: 0,901 Thread 0x00007f1ffc00d000 Uncommon trap: reason=unstable_if action=reinterpret pc=0x00007f1fed25e4a0 method=com.android.dx.merge.DexMerger$IdMerger.readIntoMap(Lcom/android/dex/Dex$Section;Lcom/android/dex/TableOfContents$Section;Lcom/android/dx/merge/IndexMap;ILjava/util/TreeMap;
Event: 0,901 Thread 0x00007f1ffc00d000 Uncommon trap: reason=unstable_if action=reinterpret pc=0x00007f1fed1e3dbc method=com.android.dex.Mutf8.countBytes(Ljava/lang/String;Z)J @ 50
Event: 0,924 Thread 0x00007f1ffc00d000 Uncommon trap: reason=class_check action=maybe_recompile pc=0x00007f1fed315bbc method=com.android.dx.merge.DexMerger$IdMerger.mergeSorted()V @ 373
Event: 0,928 Thread 0x00007f1ffc00d000 Uncommon trap: reason=bimorphic action=maybe_recompile pc=0x00007f1fed315320 method=com.android.dx.merge.DexMerger$IdMerger.mergeSorted()V @ 286
Event: 0,929 Thread 0x00007f1ffc00d000 Uncommon trap: reason=bimorphic action=maybe_recompile pc=0x00007f1fed315320 method=com.android.dx.merge.DexMerger$IdMerger.mergeSorted()V @ 286
Event: 0,929 Thread 0x00007f1ffc00d000 Uncommon trap: reason=bimorphic action=maybe_recompile pc=0x00007f1fed315320 method=com.android.dx.merge.DexMerger$IdMerger.mergeSorted()V @ 286
Event: 0,929 Thread 0x00007f1ffc00d000 Uncommon trap: reason=bimorphic action=maybe_recompile pc=0x00007f1fed315320 method=com.android.dx.merge.DexMerger$IdMerger.mergeSorted()V @ 286
Event: 0,994 Thread 0x00007f1ffc00d000 Uncommon trap: reason=unstable_if action=reinterpret pc=0x00007f1fed34bc54 method=com.android.dex.EncodedValueCodec.writeUnsignedIntegralValue(Lcom/android/dex/util/ByteOutput;IJ)V @ 11

Internal exceptions (3 events):
Event: 0,065 Thread 0x00007f1ffc00d000 Exception <a 'java/lang/NoSuchMethodError': Method sun.misc.Unsafe.defineClass(Ljava/lang/String;[BII)Ljava/lang/Class; name or signature does not match> (0x00000000eab12a40) thrown at [/RE-WORK/workspace/8-2-build-linux-amd64/jdk8u45/3457/hotspot/src/sha
Event: 0,065 Thread 0x00007f1ffc00d000 Exception <a 'java/lang/NoSuchMethodError': Method sun.misc.Unsafe.prefetchRead(Ljava/lang/Object;J)V name or signature does not match> (0x00000000eab12cd0) thrown at [/RE-WORK/workspace/8-2-build-linux-amd64/jdk8u45/3457/hotspot/src/share/vm/prims/jni.cp
Event: 0,901 Thread 0x00007f1ffc00d000 Implicit null exception at 0x00007f1fed25d652 to 0x00007f1fed25e47d

Events (10 events):
Event: 1,005 Thread 0x00007f1ffc00d000 DEOPT UNPACKING pc=0x00007f1fed047633 sp=0x00007f2004676fe8 mode 0
Event: 1,006 Thread 0x00007f1ffc00d000 DEOPT PACKING pc=0x00007f1fed233841 sp=0x00007f20046772e0
Event: 1,006 Thread 0x00007f1ffc00d000 DEOPT UNPACKING pc=0x00007f1fed047633 sp=0x00007f2004676fe8 mode 0
Event: 1,013 loading class java/util/Collections$EmptyIterator
Event: 1,013 loading class java/util/Collections$EmptyIterator done
Event: 1,013 Thread 0x00007f1ffc00d000 DEOPT PACKING pc=0x00007f1fed21ad48 sp=0x00007f20046773f0
Event: 1,013 Thread 0x00007f1ffc00d000 DEOPT UNPACKING pc=0x00007f1fed047633 sp=0x00007f2004677108 mode 0
Event: 1,015 Thread 0x00007f1ffc00d000 DEOPT PACKING pc=0x00007f1fed2b540f sp=0x00007f2004677360
Event: 1,015 Thread 0x00007f1ffc00d000 DEOPT UNPACKING pc=0x00007f1fed047633 sp=0x00007f20046770d0 mode 0
Event: 1,077 Executing VM operation: ParallelGCFailedAllocation


Dynamic libraries:
00400000-00401000 r-xp 00000000 08:01 9568738                            /usr/lib/jvm/jdk1.8.0_45/bin/java
00600000-00601000 rw-p 00000000 08:01 9568738                            /usr/lib/jvm/jdk1.8.0_45/bin/java
023a5000-023c6000 rw-p 00000000 00:00 0                                  [heap]
c0000000-c8980000 rw-p 00000000 00:00 0 
c8980000-eab00000 ---p 00000000 00:00 0 
eab00000-f2480000 rw-p 00000000 00:00 0 
100000000-100080000 rw-p 00000000 00:00 0 
100080000-140000000 ---p 00000000 00:00 0 
7f1f88000000-7f1f88021000 rw-p 00000000 00:00 0 
7f1f88021000-7f1f8c000000 ---p 00000000 00:00 0 
7f1f90000000-7f1f90442000 rw-p 00000000 00:00 0 
7f1f90442000-7f1f94000000 ---p 00000000 00:00 0 
7f1f94000000-7f1f94021000 rw-p 00000000 00:00 0 
7f1f94021000-7f1f98000000 ---p 00000000 00:00 0 
7f1f98000000-7f1f98b3e000 rw-p 00000000 00:00 0 
7f1f98b3e000-7f1f9c000000 ---p 00000000 00:00 0 
7f1f9c000000-7f1f9cabd000 rw-p 00000000 00:00 0 
7f1f9cabd000-7f1fa0000000 ---p 00000000 00:00 0 
7f1fa0000000-7f1fa0021000 rw-p 00000000 00:00 0 
7f1fa0021000-7f1fa4000000 ---p 00000000 00:00 0 
7f1fa4000000-7f1fa4a15000 rw-p 00000000 00:00 0 
7f1fa4a15000-7f1fa8000000 ---p 00000000 00:00 0 
7f1fa8000000-7f1fa8021000 rw-p 00000000 00:00 0 
7f1fa8021000-7f1fac000000 ---p 00000000 00:00 0 
7f1fac000000-7f1fac021000 rw-p 00000000 00:00 0 
7f1fac021000-7f1fb0000000 ---p 00000000 00:00 0 
7f1fb0000000-7f1fb0021000 rw-p 00000000 00:00 0 
7f1fb0021000-7f1fb4000000 ---p 00000000 00:00 0 
7f1fb4000000-7f1fb428d000 rw-p 00000000 00:00 0 
7f1fb428d000-7f1fb8000000 ---p 00000000 00:00 0 
7f1fb8000000-7f1fb8021000 rw-p 00000000 00:00 0 
7f1fb8021000-7f1fbc000000 ---p 00000000 00:00 0 
7f1fc0000000-7f1fc0021000 rw-p 00000000 00:00 0 
7f1fc0021000-7f1fc4000000 ---p 00000000 00:00 0 
7f1fc8000000-7f1fc8021000 rw-p 00000000 00:00 0 
7f1fc8021000-7f1fcc000000 ---p 00000000 00:00 0 
7f1fd0000000-7f1fd0021000 rw-p 00000000 00:00 0 
7f1fd0021000-7f1fd4000000 ---p 00000000 00:00 0 
7f1fd8000000-7f1fd8021000 rw-p 00000000 00:00 0 
7f1fd8021000-7f1fdc000000 ---p 00000000 00:00 0 
7f1fdfdfe000-7f1fdfdff000 ---p 00000000 00:00 0 
7f1fdfdff000-7f1fdfeff000 rw-p 00000000 00:00 0                          [stack:32512]
7f1fdfeff000-7f1fdff02000 ---p 00000000 00:00 0 
7f1fdff02000-7f1fe0000000 rw-p 00000000 00:00 0                          [stack:32511]
7f1fe0000000-7f1fe0021000 rw-p 00000000 00:00 0 
7f1fe0021000-7f1fe4000000 ---p 00000000 00:00 0 
7f1fe4005000-7f1fe4008000 ---p 00000000 00:00 0 
7f1fe4008000-7f1fe4106000 rw-p 00000000 00:00 0                          [stack:32510]
7f1fe4106000-7f1fe4109000 ---p 00000000 00:00 0 
7f1fe4109000-7f1fe4207000 rw-p 00000000 00:00 0                          [stack:32509]
7f1fe4207000-7f1fe420a000 ---p 00000000 00:00 0 
7f1fe420a000-7f1fe4308000 rw-p 00000000 00:00 0                          [stack:32508]
7f1fe4308000-7f1fe430b000 ---p 00000000 00:00 0 
7f1fe430b000-7f1fe4409000 rw-p 00000000 00:00 0                          [stack:32507]
7f1fe4409000-7f1fe440c000 ---p 00000000 00:00 0 
7f1fe440c000-7f1fe450a000 rw-p 00000000 00:00 0                          [stack:32506]
7f1fe450a000-7f1fe4bec000 r--p 00000000 08:01 6953901                    /usr/lib/locale/locale-archive
7f1fe4bec000-7f1fe4bef000 ---p 00000000 00:00 0 
7f1fe4bef000-7f1fe4ced000 rw-p 00000000 00:00 0                          [stack:32505]
7f1fe4ced000-7f1fe4cf0000 ---p 00000000 00:00 0 
7f1fe4cf0000-7f1fe4dee000 rw-p 00000000 00:00 0                          [stack:32504]
7f1fe4dee000-7f1fe4def000 ---p 00000000 00:00 0 
7f1fe4def000-7f1fe8000000 rw-p 00000000 00:00 0                          [stack:32503]
7f1fe8000000-7f1fe8021000 rw-p 00000000 00:00 0 
7f1fe8021000-7f1fec000000 ---p 00000000 00:00 0 
7f1fec048000-7f1fec04f000 r--s 00000000 08:01 7340797                    /usr/lib/x86_64-linux-gnu/gconv/gconv-modules.cache
7f1fec04f000-7f1fec075000 r--p 00000000 08:01 8262730                    /usr/share/locale-langpack/es/LC_MESSAGES/libc.mo
7f1fec075000-7f1fecd00000 rw-p 00000000 00:00 0 
7f1fecd00000-7f1fed000000 ---p 00000000 00:00 0 
7f1fed000000-7f1fed430000 rwxp 00000000 00:00 0 
7f1fed430000-7f1ffc000000 ---p 00000000 00:00 0 
7f1ffc000000-7f1ffc403000 rw-p 00000000 00:00 0 
7f1ffc403000-7f2000000000 ---p 00000000 00:00 0 
7f2000003000-7f20003b8000 rw-p 00000000 00:00 0 
7f20003b8000-7f2000591000 r--s 03d09000 08:01 8528454                    /usr/lib/jvm/jdk1.8.0_45/jre/lib/rt.jar
7f2000591000-7f2000807000 rw-p 00000000 00:00 0 
7f2000807000-7f2000808000 ---p 00000000 00:00 0 
7f2000808000-7f2000908000 rw-p 00000000 00:00 0                          [stack:32502]
7f2000908000-7f2000909000 ---p 00000000 00:00 0 
7f2000909000-7f2000a09000 rw-p 00000000 00:00 0                          [stack:32501]
7f2000a09000-7f2000a0a000 ---p 00000000 00:00 0 
7f2000a0a000-7f2000b0a000 rw-p 00000000 00:00 0                          [stack:32500]
7f2000b0a000-7f2000b0b000 ---p 00000000 00:00 0 
7f2000b0b000-7f2000c0b000 rw-p 00000000 00:00 0                          [stack:32499]
7f2000c0b000-7f2000c0c000 ---p 00000000 00:00 0 
7f2000c0c000-7f2000d0c000 rw-p 00000000 00:00 0                          [stack:32498]
7f2000d0c000-7f2000d0d000 ---p 00000000 00:00 0 
7f2000d0d000-7f2000e0d000 rw-p 00000000 00:00 0                          [stack:32497]
7f2000e0d000-7f2000e0e000 ---p 00000000 00:00 0 
7f2000e0e000-7f2000f0e000 rw-p 00000000 00:00 0                          [stack:32496]
7f2000f0e000-7f2000f0f000 ---p 00000000 00:00 0 
7f2000f0f000-7f2001054000 rw-p 00000000 00:00 0                          [stack:32495]
7f2001054000-7f2001165000 ---p 00000000 00:00 0 
7f2001165000-7f20011aa000 rw-p 00000000 00:00 0 
7f20011aa000-7f20012ba000 ---p 00000000 00:00 0 
7f20012ba000-7f20012f8000 rw-p 00000000 00:00 0 
7f20012f8000-7f2001365000 ---p 00000000 00:00 0 
7f2001365000-7f2001377000 rw-p 00000000 00:00 0 
7f2001377000-7f2001726000 ---p 00000000 00:00 0 
7f2001726000-7f2001740000 r-xp 00000000 08:01 8798315                    /usr/lib/jvm/jdk1.8.0_45/jre/lib/amd64/libzip.so
7f2001740000-7f2001940000 ---p 0001a000 08:01 8798315                    /usr/lib/jvm/jdk1.8.0_45/jre/lib/amd64/libzip.so
7f2001940000-7f2001941000 rw-p 0001a000 08:01 8798315                    /usr/lib/jvm/jdk1.8.0_45/jre/lib/amd64/libzip.so
7f2001941000-7f200194c000 r-xp 00000000 08:01 655606                     /lib/x86_64-linux-gnu/libnss_files-2.19.so
7f200194c000-7f2001b4b000 ---p 0000b000 08:01 655606                     /lib/x86_64-linux-gnu/libnss_files-2.19.so
7f2001b4b000-7f2001b4c000 r--p 0000a000 08:01 655606                     /lib/x86_64-linux-gnu/libnss_files-2.19.so
7f2001b4c000-7f2001b4d000 rw-p 0000b000 08:01 655606                     /lib/x86_64-linux-gnu/libnss_files-2.19.so
7f2001b4d000-7f2001b58000 r-xp 00000000 08:01 655644                     /lib/x86_64-linux-gnu/libnss_nis-2.19.so
7f2001b58000-7f2001d57000 ---p 0000b000 08:01 655644                     /lib/x86_64-linux-gnu/libnss_nis-2.19.so
7f2001d57000-7f2001d58000 r--p 0000a000 08:01 655644                     /lib/x86_64-linux-gnu/libnss_nis-2.19.so
7f2001d58000-7f2001d59000 rw-p 0000b000 08:01 655644                     /lib/x86_64-linux-gnu/libnss_nis-2.19.so
7f2001d59000-7f2001d70000 r-xp 00000000 08:01 655624                     /lib/x86_64-linux-gnu/libnsl-2.19.so
7f2001d70000-7f2001f6f000 ---p 00017000 08:01 655624                     /lib/x86_64-linux-gnu/libnsl-2.19.so
7f2001f6f000-7f2001f70000 r--p 00016000 08:01 655624                     /lib/x86_64-linux-gnu/libnsl-2.19.so
7f2001f70000-7f2001f71000 rw-p 00017000 08:01 655624                     /lib/x86_64-linux-gnu/libnsl-2.19.so
7f2001f71000-7f2001f73000 rw-p 00000000 00:00 0 
7f2001f73000-7f2001f7c000 r-xp 00000000 08:01 655622                     /lib/x86_64-linux-gnu/libnss_compat-2.19.so
7f2001f7c000-7f200217b000 ---p 00009000 08:01 655622                     /lib/x86_64-linux-gnu/libnss_compat-2.19.so
7f200217b000-7f200217c000 r--p 00008000 08:01 655622                     /lib/x86_64-linux-gnu/libnss_compat-2.19.so
7f200217c000-7f200217d000 rw-p 00009000 08:01 655622                     /lib/x86_64-linux-gnu/libnss_compat-2.19.so
7f200217d000-7f20021a7000 r-xp 00000000 08:01 8798308                    /usr/lib/jvm/jdk1.8.0_45/jre/lib/amd64/libjava.so
7f20021a7000-7f20023a7000 ---p 0002a000 08:01 8798308                    /usr/lib/jvm/jdk1.8.0_45/jre/lib/amd64/libjava.so
7f20023a7000-7f20023a9000 rw-p 0002a000 08:01 8798308                    /usr/lib/jvm/jdk1.8.0_45/jre/lib/amd64/libjava.so
7f20023a9000-7f20023b6000 r-xp 00000000 08:01 8798348                    /usr/lib/jvm/jdk1.8.0_45/jre/lib/amd64/libverify.so
7f20023b6000-7f20025b6000 ---p 0000d000 08:01 8798348                    /usr/lib/jvm/jdk1.8.0_45/jre/lib/amd64/libverify.so
7f20025b6000-7f20025b8000 rw-p 0000d000 08:01 8798348                    /usr/lib/jvm/jdk1.8.0_45/jre/lib/amd64/libverify.so
7f20025b8000-7f20025bf000 r-xp 00000000 08:01 655640                     /lib/x86_64-linux-gnu/librt-2.19.so
7f20025bf000-7f20027be000 ---p 00007000 08:01 655640                     /lib/x86_64-linux-gnu/librt-2.19.so
7f20027be000-7f20027bf000 r--p 00006000 08:01 655640                     /lib/x86_64-linux-gnu/librt-2.19.so
7f20027bf000-7f20027c0000 rw-p 00007000 08:01 655640                     /lib/x86_64-linux-gnu/librt-2.19.so
7f20027c0000-7f20028c5000 r-xp 00000000 08:01 655604                     /lib/x86_64-linux-gnu/libm-2.19.so
7f20028c5000-7f2002ac4000 ---p 00105000 08:01 655604                     /lib/x86_64-linux-gnu/libm-2.19.so
7f2002ac4000-7f2002ac5000 r--p 00104000 08:01 655604                     /lib/x86_64-linux-gnu/libm-2.19.so
7f2002ac5000-7f2002ac6000 rw-p 00105000 08:01 655604                     /lib/x86_64-linux-gnu/libm-2.19.so
7f2002ac6000-7f2003774000 r-xp 00000000 08:01 9053950                    /usr/lib/jvm/jdk1.8.0_45/jre/lib/amd64/server/libjvm.so
7f2003774000-7f2003973000 ---p 00cae000 08:01 9053950                    /usr/lib/jvm/jdk1.8.0_45/jre/lib/amd64/server/libjvm.so
7f2003973000-7f2003a4a000 rw-p 00cad000 08:01 9053950                    /usr/lib/jvm/jdk1.8.0_45/jre/lib/amd64/server/libjvm.so
7f2003a4a000-7f2003a8e000 rw-p 00000000 00:00 0 
7f2003a8e000-7f2003c49000 r-xp 00000000 08:01 655634                     /lib/x86_64-linux-gnu/libc-2.19.so
7f2003c49000-7f2003e48000 ---p 001bb000 08:01 655634                     /lib/x86_64-linux-gnu/libc-2.19.so
7f2003e48000-7f2003e4c000 r--p 001ba000 08:01 655634                     /lib/x86_64-linux-gnu/libc-2.19.so
7f2003e4c000-7f2003e4e000 rw-p 001be000 08:01 655634                     /lib/x86_64-linux-gnu/libc-2.19.so
7f2003e4e000-7f2003e53000 rw-p 00000000 00:00 0 
7f2003e53000-7f2003e56000 r-xp 00000000 08:01 655612                     /lib/x86_64-linux-gnu/libdl-2.19.so
7f2003e56000-7f2004055000 ---p 00003000 08:01 655612                     /lib/x86_64-linux-gnu/libdl-2.19.so
7f2004055000-7f2004056000 r--p 00002000 08:01 655612                     /lib/x86_64-linux-gnu/libdl-2.19.so
7f2004056000-7f2004057000 rw-p 00003000 08:01 655612                     /lib/x86_64-linux-gnu/libdl-2.19.so
7f2004057000-7f200406c000 r-xp 00000000 08:01 9568899                    /usr/lib/jvm/jdk1.8.0_45/lib/amd64/jli/libjli.so
7f200406c000-7f200426c000 ---p 00015000 08:01 9568899                    /usr/lib/jvm/jdk1.8.0_45/lib/amd64/jli/libjli.so
7f200426c000-7f200426d000 rw-p 00015000 08:01 9568899                    /usr/lib/jvm/jdk1.8.0_45/lib/amd64/jli/libjli.so
7f200426d000-7f2004286000 r-xp 00000000 08:01 655636                     /lib/x86_64-linux-gnu/libpthread-2.19.so
7f2004286000-7f2004485000 ---p 00019000 08:01 655636                     /lib/x86_64-linux-gnu/libpthread-2.19.so
7f2004485000-7f2004486000 r--p 00018000 08:01 655636                     /lib/x86_64-linux-gnu/libpthread-2.19.so
7f2004486000-7f2004487000 rw-p 00019000 08:01 655636                     /lib/x86_64-linux-gnu/libpthread-2.19.so
7f2004487000-7f200448b000 rw-p 00000000 00:00 0 
7f200448b000-7f20044ae000 r-xp 00000000 08:01 655628                     /lib/x86_64-linux-gnu/ld-2.19.so
7f20044ae000-7f20044b3000 r--s 00094000 08:01 8528452                    /usr/lib/jvm/jdk1.8.0_45/jre/lib/jsse.jar
7f20044b3000-7f2004578000 rw-p 00000000 00:00 0 
7f2004578000-7f200457b000 ---p 00000000 00:00 0 
7f200457b000-7f200467e000 rw-p 00000000 00:00 0                          [stack:32494]
7f200467e000-7f200468d000 r--s 000df000 08:01 2128413                    /home/santiago/Android/Sdk/build-tools/23.0.2/lib/dx.jar
7f200468d000-7f20046a1000 rw-p 00000000 00:00 0 
7f20046a1000-7f20046a9000 rw-s 00000000 00:16 1230635                    /tmp/hsperfdata_santiago/32490
7f20046a9000-7f20046aa000 rw-p 00000000 00:00 0 
7f20046aa000-7f20046ab000 ---p 00000000 00:00 0 
7f20046ab000-7f20046ad000 rw-p 00000000 00:00 0 
7f20046ad000-7f20046ae000 r--p 00022000 08:01 655628                     /lib/x86_64-linux-gnu/ld-2.19.so
7f20046ae000-7f20046af000 rw-p 00023000 08:01 655628                     /lib/x86_64-linux-gnu/ld-2.19.so
7f20046af000-7f20046b0000 rw-p 00000000 00:00 0 
7ffdf18f2000-7ffdf1915000 rw-p 00000000 00:00 0                          [stack]
7ffdf1992000-7ffdf1994000 r--p 00000000 00:00 0                          [vvar]
7ffdf1994000-7ffdf1996000 r-xp 00000000 00:00 0                          [vdso]
ffffffffff600000-ffffffffff601000 r-xp 00000000 00:00 0                  [vsyscall]

VM Arguments:
jvm_args: -Djava.awt.headless=true -Xmx1024M -Dfile.encoding=UTF-8 -Duser.country=ES -Duser.language=es -Duser.variant 
java_command: com.android.dx.command.Main --dex --num-threads=4 --output /home/santiago/Escritorio/LazarilloApp/app/build/intermediates/transforms/dex/debug/folders/1000/1f/main /home/santiago/Escritorio/LazarilloApp/app/build/intermediates/pre-dexed/debug/internal_impl-23.1.1_ed74de56b47891969ea6eb3251aa736eab2e48c2.jar /home/santiago/Escritorio/LazarilloApp/app/build/intermediates/pre-dexed/debug/support-annotations-23.1.1_b88b5e1bc4b2f546531133ef8260902694f6461a.jar /home/santiago/Escritorio/LazarilloApp/app/build/intermediates/pre-dexed/debug/com.google.android.gms-play-services-panorama-8.4.0_8ba0ab638f036c638a3eccf5b2cddf3a64cb04a2.jar /home/santiago/Escritorio/LazarilloApp/app/build/intermediates/pre-dexed/debug/internal_impl-23.0.0_3f30b6df91fa0e449dcb29f4cef99841a05d4380.jar /home/santiago/Escritorio/LazarilloApp/app/build/intermediates/pre-dexed/debug/com.google.android.gms-play-services-safetynet-8.4.0_638ac8d940fdbe640b1f3feddfe50e1be19aca9c.jar /home/santiago/Escritorio/LazarilloApp/app/build/intermediates/pre-dexed/debug/com.github.jd-alexander-library-1.0.8_39e914a773dfb54bc64e99a09dcb407c949fe13a.jar /home/santiago/Escritorio/LazarilloApp/app/build/intermediates/pre-dexed/debug/com.google.android.gms-play-services-identity-8.4.0_5cf4a287caa5c1729ca276247c87804255b35dca.jar /home/santiago/Escritorio/LazarilloApp/app/build/intermediates/pre-dexed/debug/com.android.support-support-v13-23.1.1_b81382d9d028c99f9c2a6a1519586ba95956105c.jar /home/santiago/Escritorio/LazarilloApp/app/build/intermediates/pre-dexed/debug/com.android.support-cardview-v7-23.1.1_933c4acd942f7912b41412d22c8c04a50750aea6.jar /home/santiago/Escritorio/LazarilloApp/app/build/intermediates/pre-dexed/debug/com.google.android.gms-play-services-appinvite-8.4.0_18de0fdb0d47c879e6e42f2dd410e52ed8a098d3.jar /home/santiago/Escritorio/LazarilloApp/app/build/intermediates/pre-dexed/debug/com.google.android.gms-play-services-appindexing-8.4.0_b0be917d7439a59d43a5ef47cd257f254b8bfcdd.jar /home/
java_class_path (initial): /home/santiago/Android/Sdk/build-tools/23.0.2/lib/dx.jar
Launcher Type: SUN_STANDARD

Environment Variables:
JAVA_HOME=/usr/lib/jvm/java-8-oracle
PATH=/usr/local/sbin:/usr/local/bin:/usr/sbin:/usr/bin:/sbin:/bin:/usr/games:/usr/local/games:/usr/lib/jvm/java-8-oracle/bin:/usr/lib/jvm/java-8-oracle/db/bin:/usr/lib/jvm/java-8-oracle/jre/bin
LD_LIBRARY_PATH=/home/santiago/android-studio/bin:
SHELL=/bin/bash
DISPLAY=:0

Signal Handlers:
SIGSEGV: [libjvm.so+0xaad1e0], sa_mask[0]=11111111011111111101111111111110, sa_flags=SA_RESTART|SA_SIGINFO
SIGBUS: [libjvm.so+0xaad1e0], sa_mask[0]=11111111011111111101111111111110, sa_flags=SA_RESTART|SA_SIGINFO
SIGFPE: [libjvm.so+0x90b450], sa_mask[0]=11111111011111111101111111111110, sa_flags=SA_RESTART|SA_SIGINFO
SIGPIPE: [libjvm.so+0x90b450], sa_mask[0]=11111111011111111101111111111110, sa_flags=SA_RESTART|SA_SIGINFO
SIGXFSZ: [libjvm.so+0x90b450], sa_mask[0]=11111111011111111101111111111110, sa_flags=SA_RESTART|SA_SIGINFO
SIGILL: [libjvm.so+0x90b450], sa_mask[0]=11111111011111111101111111111110, sa_flags=SA_RESTART|SA_SIGINFO
SIGUSR1: SIG_DFL, sa_mask[0]=00000000000000000000000000000000, sa_flags=none
SIGUSR2: [libjvm.so+0x90ca90], sa_mask[0]=00100000000000000000000000000000, sa_flags=SA_RESTART|SA_SIGINFO
SIGHUP: [libjvm.so+0x90dde0], sa_mask[0]=11111111011111111101111111111110, sa_flags=SA_RESTART|SA_SIGINFO
SIGINT: [libjvm.so+0x90dde0], sa_mask[0]=11111111011111111101111111111110, sa_flags=SA_RESTART|SA_SIGINFO
SIGTERM: [libjvm.so+0x90dde0], sa_mask[0]=11111111011111111101111111111110, sa_flags=SA_RESTART|SA_SIGINFO
SIGQUIT: [libjvm.so+0x90dde0], sa_mask[0]=11111111011111111101111111111110, sa_flags=SA_RESTART|SA_SIGINFO


---------------  S Y S T E M  ---------------

OS:DISTRIB_ID=Ubuntu
DISTRIB_RELEASE=14.04
DISTRIB_CODENAME=trusty
DISTRIB_DESCRIPTION="Ubuntu 14.04.3 LTS"

uname:Linux 4.1.15-040115-generic #201512150136 SMP Tue Dec 15 06:38:38 UTC 2015 x86_64
libc:glibc 2.19 NPTL 2.19 
rlimit: STACK 8192k, CORE 0k, NPROC 31651, NOFILE 4096, AS infinity
load average:2,12 1,87 1,79

/proc/meminfo:
MemTotal:        8123068 kB
MemFree:           59636 kB
MemAvailable:     110716 kB
Buffers:            5344 kB
Cached:          1376108 kB
SwapCached:            0 kB
Active:          6714440 kB
Inactive:         892316 kB
Active(anon):    6690916 kB
Inactive(anon):   867912 kB
Active(file):      23524 kB
Inactive(file):    24404 kB
Unevictable:         152 kB
Mlocked:             152 kB
SwapTotal:             0 kB
SwapFree:              0 kB
Dirty:               596 kB
Writeback:             0 kB
AnonPages:       6225832 kB
Mapped:           273536 kB
Shmem:           1333400 kB
Slab:             117224 kB
SReclaimable:      45584 kB
SUnreclaim:        71640 kB
KernelStack:       10864 kB
PageTables:        39696 kB
NFS_Unstable:          0 kB
Bounce:                0 kB
WritebackTmp:          0 kB
CommitLimit:     4061532 kB
Committed_AS:    9894156 kB
VmallocTotal:   34359738367 kB
VmallocUsed:      137244 kB
VmallocChunk:   34359537660 kB
HardwareCorrupted:     0 kB
AnonHugePages:   3190784 kB
CmaTotal:              0 kB
CmaFree:               0 kB
HugePages_Total:       0
HugePages_Free:        0
HugePages_Rsvd:        0
HugePages_Surp:        0
Hugepagesize:       2048 kB
DirectMap4k:     2800796 kB
DirectMap2M:     5535744 kB
DirectMap1G:     1048576 kB


CPU:total 8 (4 cores per cpu, 2 threads per core) family 6 model 60 stepping 3, cmov, cx8, fxsr, mmx, sse, sse2, sse3, ssse3, sse4.1, sse4.2, popcnt, avx, avx2, aes, clmul, erms, lzcnt, ht, tsc, tscinvbit, bmi1, bmi2

/proc/cpuinfo:
processor	: 0
vendor_id	: GenuineIntel
cpu family	: 6
model		: 60
model name	: Intel(R) Core(TM) i7-4770K CPU @ 3.50GHz
stepping	: 3
microcode	: 0x1c
cpu MHz		: 3889.648
cache size	: 8192 KB
physical id	: 0
siblings	: 8
core id		: 0
cpu cores	: 4
apicid		: 0
initial apicid	: 0
fpu		: yes
fpu_exception	: yes
cpuid level	: 13
wp		: yes
flags		: fpu vme de pse tsc msr pae mce cx8 apic sep mtrr pge mca cmov pat pse36 clflush dts acpi mmx fxsr sse sse2 ss ht tm pbe syscall nx pdpe1gb rdtscp lm constant_tsc arch_perfmon pebs bts rep_good nopl xtopology nonstop_tsc aperfmperf eagerfpu pni pclmulqdq dtes64 monitor ds_cpl vmx est tm2 ssse3 fma cx16 xtpr pdcm pcid sse4_1 sse4_2 movbe popcnt tsc_deadline_timer aes xsave avx f16c rdrand lahf_lm abm ida arat pln pts dtherm tpr_shadow vnmi flexpriority ept vpid fsgsbase tsc_adjust bmi1 avx2 smep bmi2 erms invpcid xsaveopt
bugs		:
bogomips	: 7000.42
clflush size	: 64
cache_alignment	: 64
address sizes	: 39 bits physical, 48 bits virtual
power management:

processor	: 1
vendor_id	: GenuineIntel
cpu family	: 6
model		: 60
model name	: Intel(R) Core(TM) i7-4770K CPU @ 3.50GHz
stepping	: 3
microcode	: 0x1c
cpu MHz		: 3721.484
cache size	: 8192 KB
physical id	: 0
siblings	: 8
core id		: 1
cpu cores	: 4
apicid		: 2
initial apicid	: 2
fpu		: yes
fpu_exception	: yes
cpuid level	: 13
wp		: yes
flags		: fpu vme de pse tsc msr pae mce cx8 apic sep mtrr pge mca cmov pat pse36 clflush dts acpi mmx fxsr sse sse2 ss ht tm pbe syscall nx pdpe1gb rdtscp lm constant_tsc arch_perfmon pebs bts rep_good nopl xtopology nonstop_tsc aperfmperf eagerfpu pni pclmulqdq dtes64 monitor ds_cpl vmx est tm2 ssse3 fma cx16 xtpr pdcm pcid sse4_1 sse4_2 movbe popcnt tsc_deadline_timer aes xsave avx f16c rdrand lahf_lm abm ida arat pln pts dtherm tpr_shadow vnmi flexpriority ept vpid fsgsbase tsc_adjust bmi1 avx2 smep bmi2 erms invpcid xsaveopt
bugs		:
bogomips	: 7000.42
clflush size	: 64
cache_alignment	: 64
address sizes	: 39 bits physical, 48 bits virtual
power management:

processor	: 2
vendor_id	: GenuineIntel
cpu family	: 6
model		: 60
model name	: Intel(R) Core(TM) i7-4770K CPU @ 3.50GHz
stepping	: 3
microcode	: 0x1c
cpu MHz		: 3699.882
cache size	: 8192 KB
physical id	: 0
siblings	: 8
core id		: 2
cpu cores	: 4
apicid		: 4
initial apicid	: 4
fpu		: yes
fpu_exception	: yes
cpuid level	: 13
wp		: yes
flags		: fpu vme de pse tsc msr pae mce cx8 apic sep mtrr pge mca cmov pat pse36 clflush dts acpi mmx fxsr sse sse2 ss ht tm pbe syscall nx pdpe1gb rdtscp lm constant_tsc arch_perfmon pebs bts rep_good nopl xtopology nonstop_tsc aperfmperf eagerfpu pni pclmulqdq dtes64 monitor ds_cpl vmx est tm2 ssse3 fma cx16 xtpr pdcm pcid sse4_1 sse4_2 movbe popcnt tsc_deadline_timer aes xsave avx f16c rdrand lahf_lm abm ida arat pln pts dtherm tpr_shadow vnmi flexpriority ept vpid fsgsbase tsc_adjust bmi1 avx2 smep bmi2 erms invpcid xsaveopt
bugs		:
bogomips	: 7000.42
clflush size	: 64
cache_alignment	: 64
address sizes	: 39 bits physical, 48 bits virtual
power management:

processor	: 3
vendor_id	: GenuineIntel
cpu family	: 6
model		: 60
model name	: Intel(R) Core(TM) i7-4770K CPU @ 3.50GHz
stepping	: 3
microcode	: 0x1c
cpu MHz		: 3699.882
cache size	: 8192 KB
physical id	: 0
siblings	: 8
core id		: 3
cpu cores	: 4
apicid		: 6
initial apicid	: 6
fpu		: yes
fpu_exception	: yes
cpuid level	: 13
wp		: yes
flags		: fpu vme de pse tsc msr pae mce cx8 apic sep mtrr pge mca cmov pat pse36 clflush dts acpi mmx fxsr sse sse2 ss ht tm pbe syscall nx pdpe1gb rdtscp lm constant_tsc arch_perfmon pebs bts rep_good nopl xtopology nonstop_tsc aperfmperf eagerfpu pni pclmulqdq dtes64 monitor ds_cpl vmx est tm2 ssse3 fma cx16 xtpr pdcm pcid sse4_1 sse4_2 movbe popcnt tsc_deadline_timer aes xsave avx f16c rdrand lahf_lm abm ida arat pln pts dtherm tpr_shadow vnmi flexpriority ept vpid fsgsbase tsc_adjust bmi1 avx2 smep bmi2 erms invpcid xsaveopt
bugs		:
bogomips	: 7000.42
clflush size	: 64
cache_alignment	: 64
address sizes	: 39 bits physical, 48 bits virtual
power management:

processor	: 4
vendor_id	: GenuineIntel
cpu family	: 6
model		: 60
model name	: Intel(R) Core(TM) i7-4770K CPU @ 3.50GHz
stepping	: 3
microcode	: 0x1c
cpu MHz		: 3724.492
cache size	: 8192 KB
physical id	: 0
siblings	: 8
core id		: 0
cpu cores	: 4
apicid		: 1
initial apicid	: 1
fpu		: yes
fpu_exception	: yes
cpuid level	: 13
wp		: yes
flags		: fpu vme de pse tsc msr pae mce cx8 apic sep mtrr pge mca cmov pat pse36 clflush dts acpi mmx fxsr sse sse2 ss ht tm pbe syscall nx pdpe1gb rdtscp lm constant_tsc arch_perfmon pebs bts rep_good nopl xtopology nonstop_tsc aperfmperf eagerfpu pni pclmulqdq dtes64 monitor ds_cpl vmx est tm2 ssse3 fma cx16 xtpr pdcm pcid sse4_1 sse4_2 movbe popcnt tsc_deadline_timer aes xsave avx f16c rdrand lahf_lm abm ida arat pln pts dtherm tpr_shadow vnmi flexpriority ept vpid fsgsbase tsc_adjust bmi1 avx2 smep bmi2 erms invpcid xsaveopt
bugs		:
bogomips	: 7000.42
clflush size	: 64
cache_alignment	: 64
address sizes	: 39 bits physical, 48 bits virtual
power management:

processor	: 5
vendor_id	: GenuineIntel
cpu family	: 6
model		: 60
model name	: Intel(R) Core(TM) i7-4770K CPU @ 3.50GHz
stepping	: 3
microcode	: 0x1c
cpu MHz		: 3757.441
cache size	: 8192 KB
physical id	: 0
siblings	: 8
core id		: 1
cpu cores	: 4
apicid		: 3
initial apicid	: 3
fpu		: yes
fpu_exception	: yes
cpuid level	: 13
wp		: yes
flags		: fpu vme de pse tsc msr pae mce cx8 apic sep mtrr pge mca cmov pat pse36 clflush dts acpi mmx fxsr sse sse2 ss ht tm pbe syscall nx pdpe1gb rdtscp lm constant_tsc arch_perfmon pebs bts rep_good nopl xtopology nonstop_tsc aperfmperf eagerfpu pni pclmulqdq dtes64 monitor ds_cpl vmx est tm2 ssse3 fma cx16 xtpr pdcm pcid sse4_1 sse4_2 movbe popcnt tsc_deadline_timer aes xsave avx f16c rdrand lahf_lm abm ida arat pln pts dtherm tpr_shadow vnmi flexpriority ept vpid fsgsbase tsc_adjust bmi1 avx2 smep bmi2 erms invpcid xsaveopt
bugs		:
bogomips	: 7000.42
clflush size	: 64
cache_alignment	: 64
address sizes	: 39 bits physical, 48 bits virtual
power management:

processor	: 6
vendor_id	: GenuineIntel
cpu family	: 6
model		: 60
model name	: Intel(R) Core(TM) i7-4770K CPU @ 3.50GHz
stepping	: 3
microcode	: 0x1c
cpu MHz		: 3796.406
cache size	: 8192 KB
physical id	: 0
siblings	: 8
core id		: 2
cpu cores	: 4
apicid		: 5
initial apicid	: 5
fpu		: yes
fpu_exception	: yes
cpuid level	: 13
wp		: yes
flags		: fpu vme de pse tsc msr pae mce cx8 apic sep mtrr pge mca cmov pat pse36 clflush dts acpi mmx fxsr sse sse2 ss ht tm pbe syscall nx pdpe1gb rdtscp lm constant_tsc arch_perfmon pebs bts rep_good nopl xtopology nonstop_tsc aperfmperf eagerfpu pni pclmulqdq dtes64 monitor ds_cpl vmx est tm2 ssse3 fma cx16 xtpr pdcm pcid sse4_1 sse4_2 movbe popcnt tsc_deadline_timer aes xsave avx f16c rdrand lahf_lm abm ida arat pln pts dtherm tpr_shadow vnmi flexpriority ept vpid fsgsbase tsc_adjust bmi1 avx2 smep bmi2 erms invpcid xsaveopt
bugs		:
bogomips	: 7000.42
clflush size	: 64
cache_alignment	: 64
address sizes	: 39 bits physical, 48 bits virtual
power management:

processor	: 7
vendor_id	: GenuineIntel
cpu family	: 6
model		: 60
model name	: Intel(R) Core(TM) i7-4770K CPU @ 3.50GHz
stepping	: 3
microcode	: 0x1c
cpu MHz		: 3727.226
cache size	: 8192 KB
physical id	: 0
siblings	: 8
core id		: 3
cpu cores	: 4
apicid		: 7
initial apicid	: 7
fpu		: yes
fpu_exception	: yes
cpuid level	: 13
wp		: yes
flags		: fpu vme de pse tsc msr pae mce cx8 apic sep mtrr pge mca cmov pat pse36 clflush dts acpi mmx fxsr sse sse2 ss ht tm pbe syscall nx pdpe1gb rdtscp lm constant_tsc arch_perfmon pebs bts rep_good nopl xtopology nonstop_tsc aperfmperf eagerfpu pni pclmulqdq dtes64 monitor ds_cpl vmx est tm2 ssse3 fma cx16 xtpr pdcm pcid sse4_1 sse4_2 movbe popcnt tsc_deadline_timer aes xsave avx f16c rdrand lahf_lm abm ida arat pln pts dtherm tpr_shadow vnmi flexpriority ept vpid fsgsbase tsc_adjust bmi1 avx2 smep bmi2 erms invpcid xsaveopt
bugs		:
bogomips	: 7000.42
clflush size	: 64
cache_alignment	: 64
address sizes	: 39 bits physical, 48 bits virtual
power management:



Memory: 4k page, physical 8123068k(59636k free), swap 0k(0k free)

vm_info: Java HotSpot(TM) 64-Bit Server VM (25.45-b02) for linux-amd64 JRE (1.8.0_45-b14), built on Apr 10 2015 10:07:45 by "java_re" with gcc 4.3.0 20080428 (Red Hat 4.3.0-8)

time: Mon Jan 18 21:48:19 2016
elapsed time: 1 seconds (0d 0h 0m 1s)

